CRITICAL - 2022-10-08 13:22:52 --> syntax error, unexpected token "<", expecting end of file
in APPPATH\Views\formularios\formularioAutor.php on line 53.
 1 SYSTEMPATH\View\View.php(216): CodeIgniter\View\View->CodeIgniter\View\{closure}()
 2 SYSTEMPATH\Common.php(1142): CodeIgniter\View\View->render('formularios/formularioAutor', [], true)
 3 APPPATH\Controllers\Home.php(175): view('formularios/formularioAutor', [...])
 4 SYSTEMPATH\CodeIgniter.php(904): App\Controllers\Home->agregar_autor()
 5 SYSTEMPATH\CodeIgniter.php(457): CodeIgniter\CodeIgniter->runController(Object(App\Controllers\Home))
 6 SYSTEMPATH\CodeIgniter.php(340): CodeIgniter\CodeIgniter->handleRequest(null, Object(Config\Cache), false)
 7 FCPATH\index.php(67): CodeIgniter\CodeIgniter->run()
CRITICAL - 2022-10-08 13:22:55 --> syntax error, unexpected token "<", expecting end of file
in APPPATH\Views\formularios\formularioAutor.php on line 53.
 1 SYSTEMPATH\View\View.php(216): CodeIgniter\View\View->CodeIgniter\View\{closure}()
 2 SYSTEMPATH\Common.php(1142): CodeIgniter\View\View->render('formularios/formularioAutor', [], true)
 3 APPPATH\Controllers\Home.php(175): view('formularios/formularioAutor', [...])
 4 SYSTEMPATH\CodeIgniter.php(904): App\Controllers\Home->agregar_autor()
 5 SYSTEMPATH\CodeIgniter.php(457): CodeIgniter\CodeIgniter->runController(Object(App\Controllers\Home))
 6 SYSTEMPATH\CodeIgniter.php(340): CodeIgniter\CodeIgniter->handleRequest(null, Object(Config\Cache), false)
 7 FCPATH\index.php(67): CodeIgniter\CodeIgniter->run()
CRITICAL - 2022-10-08 13:31:33 --> Invalid file: formularios/formularioGenero.php
in SYSTEMPATH\Exceptions\FrameworkException.php on line 33.
 1 SYSTEMPATH\View\View.php(201): CodeIgniter\Exceptions\FrameworkException::forInvalidFile('formularios/formularioGenero.php')
 2 SYSTEMPATH\Common.php(1142): CodeIgniter\View\View->render('formularios/formularioGenero', [], true)
 3 APPPATH\Controllers\Home.php(224): view('formularios/formularioGenero', [...])
 4 SYSTEMPATH\CodeIgniter.php(904): App\Controllers\Home->agregar_genero()
 5 SYSTEMPATH\CodeIgniter.php(457): CodeIgniter\CodeIgniter->runController(Object(App\Controllers\Home))
 6 SYSTEMPATH\CodeIgniter.php(340): CodeIgniter\CodeIgniter->handleRequest(null, Object(Config\Cache), false)
 7 FCPATH\index.php(67): CodeIgniter\CodeIgniter->run()
CRITICAL - 2022-10-08 13:33:26 --> Invalid file: formularios/formularioGenero.php
in SYSTEMPATH\Exceptions\FrameworkException.php on line 33.
 1 SYSTEMPATH\View\View.php(201): CodeIgniter\Exceptions\FrameworkException::forInvalidFile('formularios/formularioGenero.php')
 2 SYSTEMPATH\Common.php(1142): CodeIgniter\View\View->render('formularios/formularioGenero', [], true)
 3 APPPATH\Controllers\Home.php(224): view('formularios/formularioGenero', [...])
 4 SYSTEMPATH\CodeIgniter.php(904): App\Controllers\Home->agregar_genero()
 5 SYSTEMPATH\CodeIgniter.php(457): CodeIgniter\CodeIgniter->runController(Object(App\Controllers\Home))
 6 SYSTEMPATH\CodeIgniter.php(340): CodeIgniter\CodeIgniter->handleRequest(null, Object(Config\Cache), false)
 7 FCPATH\index.php(67): CodeIgniter\CodeIgniter->run()
CRITICAL - 2022-10-08 13:38:55 --> Undefined variable $listaGenero
in APPPATH\Views\paginas\agregarGenero.php on line 31.
 1 APPPATH\Views\paginas\agregarGenero.php(31): CodeIgniter\Debug\Exceptions->errorHandler(2, 'Undefined variable $listaGenero', 'APPPATH\\Views\\paginas\\agregarGenero.php', 31)
 2 SYSTEMPATH\View\View.php(213): include('APPPATH\\Views\\paginas\\agregarGenero.php')
 3 SYSTEMPATH\View\View.php(216): CodeIgniter\View\View->CodeIgniter\View\{closure}()
 4 SYSTEMPATH\Common.php(1142): CodeIgniter\View\View->render('paginas/agregarGenero', [], true)
 5 APPPATH\Controllers\Home.php(253): view('paginas/agregarGenero', [...])
 6 SYSTEMPATH\CodeIgniter.php(904): App\Controllers\Home->crear_genero()
 7 SYSTEMPATH\CodeIgniter.php(457): CodeIgniter\CodeIgniter->runController(Object(App\Controllers\Home))
 8 SYSTEMPATH\CodeIgniter.php(340): CodeIgniter\CodeIgniter->handleRequest(null, Object(Config\Cache), false)
 9 FCPATH\index.php(67): CodeIgniter\CodeIgniter->run()
ERROR - 2022-10-08 13:41:45 --> mysqli_sql_exception: Table 'biblioteca.genero' doesn't exist in C:\xampp\htdocs\ProyectoTangananaEdition\system\Database\MySQLi\Connection.php:292
Stack trace:
#0 C:\xampp\htdocs\ProyectoTangananaEdition\system\Database\MySQLi\Connection.php(292): mysqli->query('SELECT 1\nFROM `...', 0)
#1 C:\xampp\htdocs\ProyectoTangananaEdition\system\Database\BaseConnection.php(693): CodeIgniter\Database\MySQLi\Connection->execute('SELECT 1\nFROM `...')
#2 C:\xampp\htdocs\ProyectoTangananaEdition\system\Database\BaseConnection.php(620): CodeIgniter\Database\BaseConnection->simpleQuery('SELECT 1\nFROM `...')
#3 C:\xampp\htdocs\ProyectoTangananaEdition\system\Database\BaseBuilder.php(1585): CodeIgniter\Database\BaseConnection->query('SELECT 1\nFROM `...', Array, false)
#4 C:\xampp\htdocs\ProyectoTangananaEdition\system\Validation\Rules.php(142): CodeIgniter\Database\BaseBuilder->get()
#5 C:\xampp\htdocs\ProyectoTangananaEdition\system\Validation\Validation.php(315): CodeIgniter\Validation\Rules->is_unique('asd', 'nombreGenero', Array, NULL)
#6 C:\xampp\htdocs\ProyectoTangananaEdition\system\Validation\Validation.php(175): CodeIgniter\Validation\Validation->processRules('nombreGenero', 'nombreGenero', 'asd', Array, Array)
#7 C:\xampp\htdocs\ProyectoTangananaEdition\system\BaseModel.php(1350): CodeIgniter\Validation\Validation->run(Array, NULL, NULL)
#8 C:\xampp\htdocs\ProyectoTangananaEdition\system\BaseModel.php(707): CodeIgniter\BaseModel->validate(Array)
#9 C:\xampp\htdocs\ProyectoTangananaEdition\system\Model.php(667): CodeIgniter\BaseModel->insert(Array, true)
#10 C:\xampp\htdocs\ProyectoTangananaEdition\app\Controllers\Home.php(238): CodeIgniter\Model->insert(Array)
#11 C:\xampp\htdocs\ProyectoTangananaEdition\system\CodeIgniter.php(904): App\Controllers\Home->crear_genero()
#12 C:\xampp\htdocs\ProyectoTangananaEdition\system\CodeIgniter.php(457): CodeIgniter\CodeIgniter->runController(Object(App\Controllers\Home))
#13 C:\xampp\htdocs\ProyectoTangananaEdition\system\CodeIgniter.php(340): CodeIgniter\CodeIgniter->handleRequest(NULL, Object(Config\Cache), false)
#14 C:\xampp\htdocs\ProyectoTangananaEdition\index.php(67): CodeIgniter\CodeIgniter->run()
#15 {main}
CRITICAL - 2022-10-08 13:41:45 --> Call to a member function getRow() on bool
in SYSTEMPATH\Validation\Rules.php on line 142.
 1 SYSTEMPATH\Validation\Validation.php(315): CodeIgniter\Validation\Rules->is_unique('asd', 'nombreGenero', [...], null)
 2 SYSTEMPATH\Validation\Validation.php(175): CodeIgniter\Validation\Validation->processRules('nombreGenero', 'nombreGenero', 'asd', [...], [...])
 3 SYSTEMPATH\BaseModel.php(1350): CodeIgniter\Validation\Validation->run([...], null, null)
 4 SYSTEMPATH\BaseModel.php(707): CodeIgniter\BaseModel->validate([...])
 5 SYSTEMPATH\Model.php(667): CodeIgniter\BaseModel->insert([...], true)
 6 APPPATH\Controllers\Home.php(238): CodeIgniter\Model->insert([...])
 7 SYSTEMPATH\CodeIgniter.php(904): App\Controllers\Home->crear_genero()
 8 SYSTEMPATH\CodeIgniter.php(457): CodeIgniter\CodeIgniter->runController(Object(App\Controllers\Home))
 9 SYSTEMPATH\CodeIgniter.php(340): CodeIgniter\CodeIgniter->handleRequest(null, Object(Config\Cache), false)
10 FCPATH\index.php(67): CodeIgniter\CodeIgniter->run()
ERROR - 2022-10-08 13:42:05 --> mysqli_sql_exception: Table 'biblioteca.genero' doesn't exist in C:\xampp\htdocs\ProyectoTangananaEdition\system\Database\MySQLi\Connection.php:292
Stack trace:
#0 C:\xampp\htdocs\ProyectoTangananaEdition\system\Database\MySQLi\Connection.php(292): mysqli->query('SELECT 1\nFROM `...', 0)
#1 C:\xampp\htdocs\ProyectoTangananaEdition\system\Database\BaseConnection.php(693): CodeIgniter\Database\MySQLi\Connection->execute('SELECT 1\nFROM `...')
#2 C:\xampp\htdocs\ProyectoTangananaEdition\system\Database\BaseConnection.php(620): CodeIgniter\Database\BaseConnection->simpleQuery('SELECT 1\nFROM `...')
#3 C:\xampp\htdocs\ProyectoTangananaEdition\system\Database\BaseBuilder.php(1585): CodeIgniter\Database\BaseConnection->query('SELECT 1\nFROM `...', Array, false)
#4 C:\xampp\htdocs\ProyectoTangananaEdition\system\Validation\Rules.php(142): CodeIgniter\Database\BaseBuilder->get()
#5 C:\xampp\htdocs\ProyectoTangananaEdition\system\Validation\Validation.php(315): CodeIgniter\Validation\Rules->is_unique('ayudita', 'nombreGenero', Array, NULL)
#6 C:\xampp\htdocs\ProyectoTangananaEdition\system\Validation\Validation.php(175): CodeIgniter\Validation\Validation->processRules('nombreGenero', 'nombreGenero', 'ayudita', Array, Array)
#7 C:\xampp\htdocs\ProyectoTangananaEdition\system\BaseModel.php(1350): CodeIgniter\Validation\Validation->run(Array, NULL, NULL)
#8 C:\xampp\htdocs\ProyectoTangananaEdition\system\BaseModel.php(707): CodeIgniter\BaseModel->validate(Array)
#9 C:\xampp\htdocs\ProyectoTangananaEdition\system\Model.php(667): CodeIgniter\BaseModel->insert(Array, true)
#10 C:\xampp\htdocs\ProyectoTangananaEdition\app\Controllers\Home.php(238): CodeIgniter\Model->insert(Array)
#11 C:\xampp\htdocs\ProyectoTangananaEdition\system\CodeIgniter.php(904): App\Controllers\Home->crear_genero()
#12 C:\xampp\htdocs\ProyectoTangananaEdition\system\CodeIgniter.php(457): CodeIgniter\CodeIgniter->runController(Object(App\Controllers\Home))
#13 C:\xampp\htdocs\ProyectoTangananaEdition\system\CodeIgniter.php(340): CodeIgniter\CodeIgniter->handleRequest(NULL, Object(Config\Cache), false)
#14 C:\xampp\htdocs\ProyectoTangananaEdition\index.php(67): CodeIgniter\CodeIgniter->run()
#15 {main}
CRITICAL - 2022-10-08 13:42:05 --> Call to a member function getRow() on bool
in SYSTEMPATH\Validation\Rules.php on line 142.
 1 SYSTEMPATH\Validation\Validation.php(315): CodeIgniter\Validation\Rules->is_unique('ayudita', 'nombreGenero', [...], null)
 2 SYSTEMPATH\Validation\Validation.php(175): CodeIgniter\Validation\Validation->processRules('nombreGenero', 'nombreGenero', 'ayudita', [...], [...])
 3 SYSTEMPATH\BaseModel.php(1350): CodeIgniter\Validation\Validation->run([...], null, null)
 4 SYSTEMPATH\BaseModel.php(707): CodeIgniter\BaseModel->validate([...])
 5 SYSTEMPATH\Model.php(667): CodeIgniter\BaseModel->insert([...], true)
 6 APPPATH\Controllers\Home.php(238): CodeIgniter\Model->insert([...])
 7 SYSTEMPATH\CodeIgniter.php(904): App\Controllers\Home->crear_genero()
 8 SYSTEMPATH\CodeIgniter.php(457): CodeIgniter\CodeIgniter->runController(Object(App\Controllers\Home))
 9 SYSTEMPATH\CodeIgniter.php(340): CodeIgniter\CodeIgniter->handleRequest(null, Object(Config\Cache), false)
10 FCPATH\index.php(67): CodeIgniter\CodeIgniter->run()
ERROR - 2022-10-08 13:42:46 --> mysqli_sql_exception: Table 'biblioteca.genero' doesn't exist in C:\xampp\htdocs\ProyectoTangananaEdition\system\Database\MySQLi\Connection.php:292
Stack trace:
#0 C:\xampp\htdocs\ProyectoTangananaEdition\system\Database\MySQLi\Connection.php(292): mysqli->query('SELECT 1\nFROM `...', 0)
#1 C:\xampp\htdocs\ProyectoTangananaEdition\system\Database\BaseConnection.php(693): CodeIgniter\Database\MySQLi\Connection->execute('SELECT 1\nFROM `...')
#2 C:\xampp\htdocs\ProyectoTangananaEdition\system\Database\BaseConnection.php(620): CodeIgniter\Database\BaseConnection->simpleQuery('SELECT 1\nFROM `...')
#3 C:\xampp\htdocs\ProyectoTangananaEdition\system\Database\BaseBuilder.php(1585): CodeIgniter\Database\BaseConnection->query('SELECT 1\nFROM `...', Array, false)
#4 C:\xampp\htdocs\ProyectoTangananaEdition\system\Validation\Rules.php(142): CodeIgniter\Database\BaseBuilder->get()
#5 C:\xampp\htdocs\ProyectoTangananaEdition\system\Validation\Validation.php(315): CodeIgniter\Validation\Rules->is_unique('ayudita', 'nombreGenero', Array, NULL)
#6 C:\xampp\htdocs\ProyectoTangananaEdition\system\Validation\Validation.php(175): CodeIgniter\Validation\Validation->processRules('nombreGenero', 'nombreGenero', 'ayudita', Array, Array)
#7 C:\xampp\htdocs\ProyectoTangananaEdition\system\BaseModel.php(1350): CodeIgniter\Validation\Validation->run(Array, NULL, NULL)
#8 C:\xampp\htdocs\ProyectoTangananaEdition\system\BaseModel.php(707): CodeIgniter\BaseModel->validate(Array)
#9 C:\xampp\htdocs\ProyectoTangananaEdition\system\Model.php(667): CodeIgniter\BaseModel->insert(Array, true)
#10 C:\xampp\htdocs\ProyectoTangananaEdition\app\Controllers\Home.php(238): CodeIgniter\Model->insert(Array)
#11 C:\xampp\htdocs\ProyectoTangananaEdition\system\CodeIgniter.php(904): App\Controllers\Home->crear_genero()
#12 C:\xampp\htdocs\ProyectoTangananaEdition\system\CodeIgniter.php(457): CodeIgniter\CodeIgniter->runController(Object(App\Controllers\Home))
#13 C:\xampp\htdocs\ProyectoTangananaEdition\system\CodeIgniter.php(340): CodeIgniter\CodeIgniter->handleRequest(NULL, Object(Config\Cache), false)
#14 C:\xampp\htdocs\ProyectoTangananaEdition\index.php(67): CodeIgniter\CodeIgniter->run()
#15 {main}
CRITICAL - 2022-10-08 13:42:46 --> Call to a member function getRow() on bool
in SYSTEMPATH\Validation\Rules.php on line 142.
 1 SYSTEMPATH\Validation\Validation.php(315): CodeIgniter\Validation\Rules->is_unique('ayudita', 'nombreGenero', [...], null)
 2 SYSTEMPATH\Validation\Validation.php(175): CodeIgniter\Validation\Validation->processRules('nombreGenero', 'nombreGenero', 'ayudita', [...], [...])
 3 SYSTEMPATH\BaseModel.php(1350): CodeIgniter\Validation\Validation->run([...], null, null)
 4 SYSTEMPATH\BaseModel.php(707): CodeIgniter\BaseModel->validate([...])
 5 SYSTEMPATH\Model.php(667): CodeIgniter\BaseModel->insert([...], true)
 6 APPPATH\Controllers\Home.php(238): CodeIgniter\Model->insert([...])
 7 SYSTEMPATH\CodeIgniter.php(904): App\Controllers\Home->crear_genero()
 8 SYSTEMPATH\CodeIgniter.php(457): CodeIgniter\CodeIgniter->runController(Object(App\Controllers\Home))
 9 SYSTEMPATH\CodeIgniter.php(340): CodeIgniter\CodeIgniter->handleRequest(null, Object(Config\Cache), false)
10 FCPATH\index.php(67): CodeIgniter\CodeIgniter->run()
