ERROR - 2022-12-02 10:57:07 --> mysqli_sql_exception: Duplicate entry '4-88917' for key 'PRIMARY' in C:\xampp\htdocs\ProyectoTangananaEdition\system\Database\MySQLi\Connection.php:292
Stack trace:
#0 C:\xampp\htdocs\ProyectoTangananaEdition\system\Database\MySQLi\Connection.php(292): mysqli->query('INSERT INTO `so...', 0)
#1 C:\xampp\htdocs\ProyectoTangananaEdition\system\Database\BaseConnection.php(693): CodeIgniter\Database\MySQLi\Connection->execute('INSERT INTO `so...')
#2 C:\xampp\htdocs\ProyectoTangananaEdition\system\Database\BaseConnection.php(620): CodeIgniter\Database\BaseConnection->simpleQuery('INSERT INTO `so...')
#3 C:\xampp\htdocs\ProyectoTangananaEdition\system\Database\BaseBuilder.php(1916): CodeIgniter\Database\BaseConnection->query('INSERT INTO `so...', Array, false)
#4 C:\xampp\htdocs\ProyectoTangananaEdition\system\Model.php(279): CodeIgniter\Database\BaseBuilder->insert()
#5 C:\xampp\htdocs\ProyectoTangananaEdition\system\BaseModel.php(738): CodeIgniter\Model->doInsert(Array)
#6 C:\xampp\htdocs\ProyectoTangananaEdition\system\Model.php(667): CodeIgniter\BaseModel->insert(Array, true)
#7 C:\xampp\htdocs\ProyectoTangananaEdition\app\Controllers\Home.php(1583): CodeIgniter\Model->insert(Array)
#8 C:\xampp\htdocs\ProyectoTangananaEdition\system\CodeIgniter.php(904): App\Controllers\Home->crear_solicitud_libro()
#9 C:\xampp\htdocs\ProyectoTangananaEdition\system\CodeIgniter.php(457): CodeIgniter\CodeIgniter->runController(Object(App\Controllers\Home))
#10 C:\xampp\htdocs\ProyectoTangananaEdition\system\CodeIgniter.php(340): CodeIgniter\CodeIgniter->handleRequest(NULL, Object(Config\Cache), false)
#11 C:\xampp\htdocs\ProyectoTangananaEdition\index.php(67): CodeIgniter\CodeIgniter->run()
#12 {main}
ERROR - 2022-12-02 11:04:29 --> mysqli_sql_exception: Duplicate entry '4-88917' for key 'PRIMARY' in C:\xampp\htdocs\ProyectoTangananaEdition\system\Database\MySQLi\Connection.php:292
Stack trace:
#0 C:\xampp\htdocs\ProyectoTangananaEdition\system\Database\MySQLi\Connection.php(292): mysqli->query('INSERT INTO `so...', 0)
#1 C:\xampp\htdocs\ProyectoTangananaEdition\system\Database\BaseConnection.php(693): CodeIgniter\Database\MySQLi\Connection->execute('INSERT INTO `so...')
#2 C:\xampp\htdocs\ProyectoTangananaEdition\system\Database\BaseConnection.php(620): CodeIgniter\Database\BaseConnection->simpleQuery('INSERT INTO `so...')
#3 C:\xampp\htdocs\ProyectoTangananaEdition\system\Database\BaseBuilder.php(1916): CodeIgniter\Database\BaseConnection->query('INSERT INTO `so...', Array, false)
#4 C:\xampp\htdocs\ProyectoTangananaEdition\system\Model.php(279): CodeIgniter\Database\BaseBuilder->insert()
#5 C:\xampp\htdocs\ProyectoTangananaEdition\system\BaseModel.php(738): CodeIgniter\Model->doInsert(Array)
#6 C:\xampp\htdocs\ProyectoTangananaEdition\system\Model.php(667): CodeIgniter\BaseModel->insert(Array, true)
#7 C:\xampp\htdocs\ProyectoTangananaEdition\app\Controllers\Home.php(1583): CodeIgniter\Model->insert(Array)
#8 C:\xampp\htdocs\ProyectoTangananaEdition\system\CodeIgniter.php(904): App\Controllers\Home->crear_solicitud_libro()
#9 C:\xampp\htdocs\ProyectoTangananaEdition\system\CodeIgniter.php(457): CodeIgniter\CodeIgniter->runController(Object(App\Controllers\Home))
#10 C:\xampp\htdocs\ProyectoTangananaEdition\system\CodeIgniter.php(340): CodeIgniter\CodeIgniter->handleRequest(NULL, Object(Config\Cache), false)
#11 C:\xampp\htdocs\ProyectoTangananaEdition\index.php(67): CodeIgniter\CodeIgniter->run()
#12 {main}
ERROR - 2022-12-02 11:05:19 --> mysqli_sql_exception: Duplicate entry '4-88917' for key 'PRIMARY' in C:\xampp\htdocs\ProyectoTangananaEdition\system\Database\MySQLi\Connection.php:292
Stack trace:
#0 C:\xampp\htdocs\ProyectoTangananaEdition\system\Database\MySQLi\Connection.php(292): mysqli->query('INSERT INTO `so...', 0)
#1 C:\xampp\htdocs\ProyectoTangananaEdition\system\Database\BaseConnection.php(693): CodeIgniter\Database\MySQLi\Connection->execute('INSERT INTO `so...')
#2 C:\xampp\htdocs\ProyectoTangananaEdition\system\Database\BaseConnection.php(620): CodeIgniter\Database\BaseConnection->simpleQuery('INSERT INTO `so...')
#3 C:\xampp\htdocs\ProyectoTangananaEdition\system\Database\BaseBuilder.php(1916): CodeIgniter\Database\BaseConnection->query('INSERT INTO `so...', Array, false)
#4 C:\xampp\htdocs\ProyectoTangananaEdition\system\Model.php(279): CodeIgniter\Database\BaseBuilder->insert()
#5 C:\xampp\htdocs\ProyectoTangananaEdition\system\BaseModel.php(738): CodeIgniter\Model->doInsert(Array)
#6 C:\xampp\htdocs\ProyectoTangananaEdition\system\Model.php(667): CodeIgniter\BaseModel->insert(Array, true)
#7 C:\xampp\htdocs\ProyectoTangananaEdition\app\Controllers\Home.php(1583): CodeIgniter\Model->insert(Array)
#8 C:\xampp\htdocs\ProyectoTangananaEdition\system\CodeIgniter.php(904): App\Controllers\Home->crear_solicitud_libro()
#9 C:\xampp\htdocs\ProyectoTangananaEdition\system\CodeIgniter.php(457): CodeIgniter\CodeIgniter->runController(Object(App\Controllers\Home))
#10 C:\xampp\htdocs\ProyectoTangananaEdition\system\CodeIgniter.php(340): CodeIgniter\CodeIgniter->handleRequest(NULL, Object(Config\Cache), false)
#11 C:\xampp\htdocs\ProyectoTangananaEdition\index.php(67): CodeIgniter\CodeIgniter->run()
#12 {main}
ERROR - 2022-12-02 11:06:08 --> mysqli_sql_exception: Duplicate entry '4-88924' for key 'PRIMARY' in C:\xampp\htdocs\ProyectoTangananaEdition\system\Database\MySQLi\Connection.php:292
Stack trace:
#0 C:\xampp\htdocs\ProyectoTangananaEdition\system\Database\MySQLi\Connection.php(292): mysqli->query('INSERT INTO `so...', 0)
#1 C:\xampp\htdocs\ProyectoTangananaEdition\system\Database\BaseConnection.php(693): CodeIgniter\Database\MySQLi\Connection->execute('INSERT INTO `so...')
#2 C:\xampp\htdocs\ProyectoTangananaEdition\system\Database\BaseConnection.php(620): CodeIgniter\Database\BaseConnection->simpleQuery('INSERT INTO `so...')
#3 C:\xampp\htdocs\ProyectoTangananaEdition\system\Database\BaseBuilder.php(1916): CodeIgniter\Database\BaseConnection->query('INSERT INTO `so...', Array, false)
#4 C:\xampp\htdocs\ProyectoTangananaEdition\system\Model.php(279): CodeIgniter\Database\BaseBuilder->insert()
#5 C:\xampp\htdocs\ProyectoTangananaEdition\system\BaseModel.php(738): CodeIgniter\Model->doInsert(Array)
#6 C:\xampp\htdocs\ProyectoTangananaEdition\system\Model.php(667): CodeIgniter\BaseModel->insert(Array, true)
#7 C:\xampp\htdocs\ProyectoTangananaEdition\app\Controllers\Home.php(1583): CodeIgniter\Model->insert(Array)
#8 C:\xampp\htdocs\ProyectoTangananaEdition\system\CodeIgniter.php(904): App\Controllers\Home->crear_solicitud_libro()
#9 C:\xampp\htdocs\ProyectoTangananaEdition\system\CodeIgniter.php(457): CodeIgniter\CodeIgniter->runController(Object(App\Controllers\Home))
#10 C:\xampp\htdocs\ProyectoTangananaEdition\system\CodeIgniter.php(340): CodeIgniter\CodeIgniter->handleRequest(NULL, Object(Config\Cache), false)
#11 C:\xampp\htdocs\ProyectoTangananaEdition\index.php(67): CodeIgniter\CodeIgniter->run()
#12 {main}
ERROR - 2022-12-02 11:06:11 --> mysqli_sql_exception: Duplicate entry '4-88924' for key 'PRIMARY' in C:\xampp\htdocs\ProyectoTangananaEdition\system\Database\MySQLi\Connection.php:292
Stack trace:
#0 C:\xampp\htdocs\ProyectoTangananaEdition\system\Database\MySQLi\Connection.php(292): mysqli->query('INSERT INTO `so...', 0)
#1 C:\xampp\htdocs\ProyectoTangananaEdition\system\Database\BaseConnection.php(693): CodeIgniter\Database\MySQLi\Connection->execute('INSERT INTO `so...')
#2 C:\xampp\htdocs\ProyectoTangananaEdition\system\Database\BaseConnection.php(620): CodeIgniter\Database\BaseConnection->simpleQuery('INSERT INTO `so...')
#3 C:\xampp\htdocs\ProyectoTangananaEdition\system\Database\BaseBuilder.php(1916): CodeIgniter\Database\BaseConnection->query('INSERT INTO `so...', Array, false)
#4 C:\xampp\htdocs\ProyectoTangananaEdition\system\Model.php(279): CodeIgniter\Database\BaseBuilder->insert()
#5 C:\xampp\htdocs\ProyectoTangananaEdition\system\BaseModel.php(738): CodeIgniter\Model->doInsert(Array)
#6 C:\xampp\htdocs\ProyectoTangananaEdition\system\Model.php(667): CodeIgniter\BaseModel->insert(Array, true)
#7 C:\xampp\htdocs\ProyectoTangananaEdition\app\Controllers\Home.php(1583): CodeIgniter\Model->insert(Array)
#8 C:\xampp\htdocs\ProyectoTangananaEdition\system\CodeIgniter.php(904): App\Controllers\Home->crear_solicitud_libro()
#9 C:\xampp\htdocs\ProyectoTangananaEdition\system\CodeIgniter.php(457): CodeIgniter\CodeIgniter->runController(Object(App\Controllers\Home))
#10 C:\xampp\htdocs\ProyectoTangananaEdition\system\CodeIgniter.php(340): CodeIgniter\CodeIgniter->handleRequest(NULL, Object(Config\Cache), false)
#11 C:\xampp\htdocs\ProyectoTangananaEdition\index.php(67): CodeIgniter\CodeIgniter->run()
#12 {main}
ERROR - 2022-12-02 11:06:13 --> mysqli_sql_exception: Duplicate entry '4-88924' for key 'PRIMARY' in C:\xampp\htdocs\ProyectoTangananaEdition\system\Database\MySQLi\Connection.php:292
Stack trace:
#0 C:\xampp\htdocs\ProyectoTangananaEdition\system\Database\MySQLi\Connection.php(292): mysqli->query('INSERT INTO `so...', 0)
#1 C:\xampp\htdocs\ProyectoTangananaEdition\system\Database\BaseConnection.php(693): CodeIgniter\Database\MySQLi\Connection->execute('INSERT INTO `so...')
#2 C:\xampp\htdocs\ProyectoTangananaEdition\system\Database\BaseConnection.php(620): CodeIgniter\Database\BaseConnection->simpleQuery('INSERT INTO `so...')
#3 C:\xampp\htdocs\ProyectoTangananaEdition\system\Database\BaseBuilder.php(1916): CodeIgniter\Database\BaseConnection->query('INSERT INTO `so...', Array, false)
#4 C:\xampp\htdocs\ProyectoTangananaEdition\system\Model.php(279): CodeIgniter\Database\BaseBuilder->insert()
#5 C:\xampp\htdocs\ProyectoTangananaEdition\system\BaseModel.php(738): CodeIgniter\Model->doInsert(Array)
#6 C:\xampp\htdocs\ProyectoTangananaEdition\system\Model.php(667): CodeIgniter\BaseModel->insert(Array, true)
#7 C:\xampp\htdocs\ProyectoTangananaEdition\app\Controllers\Home.php(1583): CodeIgniter\Model->insert(Array)
#8 C:\xampp\htdocs\ProyectoTangananaEdition\system\CodeIgniter.php(904): App\Controllers\Home->crear_solicitud_libro()
#9 C:\xampp\htdocs\ProyectoTangananaEdition\system\CodeIgniter.php(457): CodeIgniter\CodeIgniter->runController(Object(App\Controllers\Home))
#10 C:\xampp\htdocs\ProyectoTangananaEdition\system\CodeIgniter.php(340): CodeIgniter\CodeIgniter->handleRequest(NULL, Object(Config\Cache), false)
#11 C:\xampp\htdocs\ProyectoTangananaEdition\index.php(67): CodeIgniter\CodeIgniter->run()
#12 {main}
ERROR - 2022-12-02 11:22:06 --> mysqli_sql_exception: Duplicate entry '4-88917' for key 'PRIMARY' in C:\xampp\htdocs\ProyectoTangananaEdition\system\Database\MySQLi\Connection.php:292
Stack trace:
#0 C:\xampp\htdocs\ProyectoTangananaEdition\system\Database\MySQLi\Connection.php(292): mysqli->query('INSERT INTO `so...', 0)
#1 C:\xampp\htdocs\ProyectoTangananaEdition\system\Database\BaseConnection.php(693): CodeIgniter\Database\MySQLi\Connection->execute('INSERT INTO `so...')
#2 C:\xampp\htdocs\ProyectoTangananaEdition\system\Database\BaseConnection.php(620): CodeIgniter\Database\BaseConnection->simpleQuery('INSERT INTO `so...')
#3 C:\xampp\htdocs\ProyectoTangananaEdition\system\Database\BaseBuilder.php(1916): CodeIgniter\Database\BaseConnection->query('INSERT INTO `so...', Array, false)
#4 C:\xampp\htdocs\ProyectoTangananaEdition\system\Model.php(279): CodeIgniter\Database\BaseBuilder->insert()
#5 C:\xampp\htdocs\ProyectoTangananaEdition\system\BaseModel.php(738): CodeIgniter\Model->doInsert(Array)
#6 C:\xampp\htdocs\ProyectoTangananaEdition\system\Model.php(667): CodeIgniter\BaseModel->insert(Array, true)
#7 C:\xampp\htdocs\ProyectoTangananaEdition\app\Controllers\Home.php(1583): CodeIgniter\Model->insert(Array)
#8 C:\xampp\htdocs\ProyectoTangananaEdition\system\CodeIgniter.php(904): App\Controllers\Home->crear_solicitud_libro()
#9 C:\xampp\htdocs\ProyectoTangananaEdition\system\CodeIgniter.php(457): CodeIgniter\CodeIgniter->runController(Object(App\Controllers\Home))
#10 C:\xampp\htdocs\ProyectoTangananaEdition\system\CodeIgniter.php(340): CodeIgniter\CodeIgniter->handleRequest(NULL, Object(Config\Cache), false)
#11 C:\xampp\htdocs\ProyectoTangananaEdition\index.php(67): CodeIgniter\CodeIgniter->run()
#12 {main}
CRITICAL - 2022-12-02 11:24:43 --> syntax error, unexpected token ";", expecting "]"
in APPPATH\Controllers\Home.php on line 1581.
 1 SYSTEMPATH\Router\Router.php(499): CodeIgniter\Router\AutoRouter->getRoute('Home/index')
 2 SYSTEMPATH\Router\Router.php(205): CodeIgniter\Router\Router->autoRoute('Home/index')
 3 SYSTEMPATH\CodeIgniter.php(779): CodeIgniter\Router\Router->handle('Home/index')
 4 SYSTEMPATH\CodeIgniter.php(406): CodeIgniter\CodeIgniter->tryToRouteIt(Object(CodeIgniter\Router\RouteCollection))
 5 SYSTEMPATH\CodeIgniter.php(340): CodeIgniter\CodeIgniter->handleRequest(null, Object(Config\Cache), false)
 6 FCPATH\index.php(67): CodeIgniter\CodeIgniter->run()
ERROR - 2022-12-02 11:25:13 --> mysqli_sql_exception: Duplicate entry '4-88941' for key 'PRIMARY' in C:\xampp\htdocs\ProyectoTangananaEdition\system\Database\MySQLi\Connection.php:292
Stack trace:
#0 C:\xampp\htdocs\ProyectoTangananaEdition\system\Database\MySQLi\Connection.php(292): mysqli->query('INSERT INTO `so...', 0)
#1 C:\xampp\htdocs\ProyectoTangananaEdition\system\Database\BaseConnection.php(693): CodeIgniter\Database\MySQLi\Connection->execute('INSERT INTO `so...')
#2 C:\xampp\htdocs\ProyectoTangananaEdition\system\Database\BaseConnection.php(620): CodeIgniter\Database\BaseConnection->simpleQuery('INSERT INTO `so...')
#3 C:\xampp\htdocs\ProyectoTangananaEdition\system\Database\BaseBuilder.php(1916): CodeIgniter\Database\BaseConnection->query('INSERT INTO `so...', Array, false)
#4 C:\xampp\htdocs\ProyectoTangananaEdition\system\Model.php(279): CodeIgniter\Database\BaseBuilder->insert()
#5 C:\xampp\htdocs\ProyectoTangananaEdition\system\BaseModel.php(738): CodeIgniter\Model->doInsert(Array)
#6 C:\xampp\htdocs\ProyectoTangananaEdition\system\Model.php(667): CodeIgniter\BaseModel->insert(Array, true)
#7 C:\xampp\htdocs\ProyectoTangananaEdition\app\Controllers\Home.php(1584): CodeIgniter\Model->insert(Array)
#8 C:\xampp\htdocs\ProyectoTangananaEdition\system\CodeIgniter.php(904): App\Controllers\Home->crear_solicitud_libro()
#9 C:\xampp\htdocs\ProyectoTangananaEdition\system\CodeIgniter.php(457): CodeIgniter\CodeIgniter->runController(Object(App\Controllers\Home))
#10 C:\xampp\htdocs\ProyectoTangananaEdition\system\CodeIgniter.php(340): CodeIgniter\CodeIgniter->handleRequest(NULL, Object(Config\Cache), false)
#11 C:\xampp\htdocs\ProyectoTangananaEdition\index.php(67): CodeIgniter\CodeIgniter->run()
#12 {main}
ERROR - 2022-12-02 11:28:47 --> mysqli_sql_exception: Duplicate entry '4-88917' for key 'PRIMARY' in C:\xampp\htdocs\ProyectoTangananaEdition\system\Database\MySQLi\Connection.php:292
Stack trace:
#0 C:\xampp\htdocs\ProyectoTangananaEdition\system\Database\MySQLi\Connection.php(292): mysqli->query('INSERT INTO `so...', 0)
#1 C:\xampp\htdocs\ProyectoTangananaEdition\system\Database\BaseConnection.php(693): CodeIgniter\Database\MySQLi\Connection->execute('INSERT INTO `so...')
#2 C:\xampp\htdocs\ProyectoTangananaEdition\system\Database\BaseConnection.php(620): CodeIgniter\Database\BaseConnection->simpleQuery('INSERT INTO `so...')
#3 C:\xampp\htdocs\ProyectoTangananaEdition\system\Database\BaseBuilder.php(1916): CodeIgniter\Database\BaseConnection->query('INSERT INTO `so...', Array, false)
#4 C:\xampp\htdocs\ProyectoTangananaEdition\system\Model.php(279): CodeIgniter\Database\BaseBuilder->insert()
#5 C:\xampp\htdocs\ProyectoTangananaEdition\system\BaseModel.php(738): CodeIgniter\Model->doInsert(Array)
#6 C:\xampp\htdocs\ProyectoTangananaEdition\system\Model.php(667): CodeIgniter\BaseModel->insert(Array, true)
#7 C:\xampp\htdocs\ProyectoTangananaEdition\app\Controllers\Home.php(1584): CodeIgniter\Model->insert(Array)
#8 C:\xampp\htdocs\ProyectoTangananaEdition\system\CodeIgniter.php(904): App\Controllers\Home->crear_solicitud_libro()
#9 C:\xampp\htdocs\ProyectoTangananaEdition\system\CodeIgniter.php(457): CodeIgniter\CodeIgniter->runController(Object(App\Controllers\Home))
#10 C:\xampp\htdocs\ProyectoTangananaEdition\system\CodeIgniter.php(340): CodeIgniter\CodeIgniter->handleRequest(NULL, Object(Config\Cache), false)
#11 C:\xampp\htdocs\ProyectoTangananaEdition\index.php(67): CodeIgniter\CodeIgniter->run()
#12 {main}
CRITICAL - 2022-12-02 11:33:22 --> Undefined variable $listaUsuario
in APPPATH\Views\paginas\perfil2.php on line 145.
 1 APPPATH\Views\paginas\perfil2.php(145): CodeIgniter\Debug\Exceptions->errorHandler(2, 'Undefined variable $listaUsuario', 'APPPATH\\Views\\paginas\\perfil2.php', 145)
 2 SYSTEMPATH\View\View.php(213): include('APPPATH\\Views\\paginas\\perfil2.php')
 3 SYSTEMPATH\View\View.php(216): CodeIgniter\View\View->CodeIgniter\View\{closure}()
 4 SYSTEMPATH\Common.php(1142): CodeIgniter\View\View->render('paginas/perfil2', [], true)
 5 APPPATH\Controllers\Home.php(1813): view('paginas/perfil2', [...])
 6 SYSTEMPATH\CodeIgniter.php(904): App\Controllers\Home->crear_devolver_libro()
 7 SYSTEMPATH\CodeIgniter.php(457): CodeIgniter\CodeIgniter->runController(Object(App\Controllers\Home))
 8 SYSTEMPATH\CodeIgniter.php(340): CodeIgniter\CodeIgniter->handleRequest(null, Object(Config\Cache), false)
 9 FCPATH\index.php(67): CodeIgniter\CodeIgniter->run()
CRITICAL - 2022-12-02 11:34:09 --> Invalid file: views/newindex.php
in SYSTEMPATH\Exceptions\FrameworkException.php on line 33.
 1 SYSTEMPATH\View\View.php(201): CodeIgniter\Exceptions\FrameworkException::forInvalidFile('views/newindex.php')
 2 SYSTEMPATH\Common.php(1142): CodeIgniter\View\View->render('views/newindex', [], true)
 3 APPPATH\Controllers\Home.php(1813): view('views/newindex', [...])
 4 SYSTEMPATH\CodeIgniter.php(904): App\Controllers\Home->crear_devolver_libro()
 5 SYSTEMPATH\CodeIgniter.php(457): CodeIgniter\CodeIgniter->runController(Object(App\Controllers\Home))
 6 SYSTEMPATH\CodeIgniter.php(340): CodeIgniter\CodeIgniter->handleRequest(null, Object(Config\Cache), false)
 7 FCPATH\index.php(67): CodeIgniter\CodeIgniter->run()
