ERROR - 2022-09-25 11:04:28 --> mysqli_sql_exception: Column 'importancia' cannot be null in C:\xampp\htdocs\ProyectoTangananaEdition\system\Database\MySQLi\Connection.php:292
Stack trace:
#0 C:\xampp\htdocs\ProyectoTangananaEdition\system\Database\MySQLi\Connection.php(292): mysqli->query('INSERT INTO `li...', 0)
#1 C:\xampp\htdocs\ProyectoTangananaEdition\system\Database\BaseConnection.php(693): CodeIgniter\Database\MySQLi\Connection->execute('INSERT INTO `li...')
#2 C:\xampp\htdocs\ProyectoTangananaEdition\system\Database\BaseConnection.php(620): CodeIgniter\Database\BaseConnection->simpleQuery('INSERT INTO `li...')
#3 C:\xampp\htdocs\ProyectoTangananaEdition\system\Database\BaseBuilder.php(1916): CodeIgniter\Database\BaseConnection->query('INSERT INTO `li...', Array, false)
#4 C:\xampp\htdocs\ProyectoTangananaEdition\system\Model.php(279): CodeIgniter\Database\BaseBuilder->insert()
#5 C:\xampp\htdocs\ProyectoTangananaEdition\system\BaseModel.php(738): CodeIgniter\Model->doInsert(Array)
#6 C:\xampp\htdocs\ProyectoTangananaEdition\system\Model.php(667): CodeIgniter\BaseModel->insert(Array, true)
#7 C:\xampp\htdocs\ProyectoTangananaEdition\app\Controllers\Home.php(156): CodeIgniter\Model->insert(Array)
#8 C:\xampp\htdocs\ProyectoTangananaEdition\system\CodeIgniter.php(904): App\Controllers\Home->crear()
#9 C:\xampp\htdocs\ProyectoTangananaEdition\system\CodeIgniter.php(457): CodeIgniter\CodeIgniter->runController(Object(App\Controllers\Home))
#10 C:\xampp\htdocs\ProyectoTangananaEdition\system\CodeIgniter.php(340): CodeIgniter\CodeIgniter->handleRequest(NULL, Object(Config\Cache), false)
#11 C:\xampp\htdocs\ProyectoTangananaEdition\index.php(67): CodeIgniter\CodeIgniter->run()
#12 {main}
CRITICAL - 2022-09-25 11:21:13 --> Invalid file: agregar.libro
in SYSTEMPATH\Exceptions\FrameworkException.php on line 33.
 1 SYSTEMPATH\View\View.php(201): CodeIgniter\Exceptions\FrameworkException::forInvalidFile('agregar.libro')
 2 SYSTEMPATH\Common.php(1142): CodeIgniter\View\View->render('agregar.libro', [], true)
 3 APPPATH\Controllers\Home.php(263): view('agregar.libro')
 4 SYSTEMPATH\CodeIgniter.php(904): App\Controllers\Home->agregar_libro()
 5 SYSTEMPATH\CodeIgniter.php(457): CodeIgniter\CodeIgniter->runController(Object(App\Controllers\Home))
 6 SYSTEMPATH\CodeIgniter.php(340): CodeIgniter\CodeIgniter->handleRequest(null, Object(Config\Cache), false)
 7 FCPATH\index.php(67): CodeIgniter\CodeIgniter->run()
CRITICAL - 2022-09-25 11:22:22 --> Invalid file: agregar.libro
in SYSTEMPATH\Exceptions\FrameworkException.php on line 33.
 1 SYSTEMPATH\View\View.php(201): CodeIgniter\Exceptions\FrameworkException::forInvalidFile('agregar.libro')
 2 SYSTEMPATH\Common.php(1142): CodeIgniter\View\View->render('agregar.libro', [], true)
 3 APPPATH\Controllers\Home.php(264): view('agregar.libro')
 4 SYSTEMPATH\CodeIgniter.php(904): App\Controllers\Home->agregar_libro()
 5 SYSTEMPATH\CodeIgniter.php(457): CodeIgniter\CodeIgniter->runController(Object(App\Controllers\Home))
 6 SYSTEMPATH\CodeIgniter.php(340): CodeIgniter\CodeIgniter->handleRequest(null, Object(Config\Cache), false)
 7 FCPATH\index.php(67): CodeIgniter\CodeIgniter->run()
CRITICAL - 2022-09-25 11:22:26 --> Invalid file: agregar.libro
in SYSTEMPATH\Exceptions\FrameworkException.php on line 33.
 1 SYSTEMPATH\View\View.php(201): CodeIgniter\Exceptions\FrameworkException::forInvalidFile('agregar.libro')
 2 SYSTEMPATH\Common.php(1142): CodeIgniter\View\View->render('agregar.libro', [], true)
 3 APPPATH\Controllers\Home.php(264): view('agregar.libro')
 4 SYSTEMPATH\CodeIgniter.php(904): App\Controllers\Home->agregar_libro()
 5 SYSTEMPATH\CodeIgniter.php(457): CodeIgniter\CodeIgniter->runController(Object(App\Controllers\Home))
 6 SYSTEMPATH\CodeIgniter.php(340): CodeIgniter\CodeIgniter->handleRequest(null, Object(Config\Cache), false)
 7 FCPATH\index.php(67): CodeIgniter\CodeIgniter->run()
CRITICAL - 2022-09-25 11:40:10 --> include(navbar.php): Failed to open stream: No such file or directory
in APPPATH\Views\signup.php on line 10.
 1 APPPATH\Views\signup.php(10): CodeIgniter\Debug\Exceptions->errorHandler(2, 'include(navbar.php): Failed to open stream: No such file or directory', 'APPPATH\\Views\\signup.php', 10)
 2 APPPATH\Views\signup.php(10): include()
 3 SYSTEMPATH\View\View.php(213): include('APPPATH\\Views\\signup.php')
 4 SYSTEMPATH\View\View.php(216): CodeIgniter\View\View->CodeIgniter\View\{closure}()
 5 SYSTEMPATH\Common.php(1142): CodeIgniter\View\View->render('signup', [], true)
 6 APPPATH\Controllers\SignupController.php(12): view('signup', [])
 7 SYSTEMPATH\CodeIgniter.php(904): App\Controllers\SignupController->index()
 8 SYSTEMPATH\CodeIgniter.php(457): CodeIgniter\CodeIgniter->runController(Object(App\Controllers\SignupController))
 9 SYSTEMPATH\CodeIgniter.php(340): CodeIgniter\CodeIgniter->handleRequest(null, Object(Config\Cache), false)
10 FCPATH\index.php(67): CodeIgniter\CodeIgniter->run()
CRITICAL - 2022-09-25 11:49:30 --> Object of class App\Models\libroModel could not be converted to string
in APPPATH\Controllers\Home.php on line 279.
 1 SYSTEMPATH\CodeIgniter.php(904): App\Controllers\Home->agregar_libro()
 2 SYSTEMPATH\CodeIgniter.php(457): CodeIgniter\CodeIgniter->runController(Object(App\Controllers\Home))
 3 SYSTEMPATH\CodeIgniter.php(340): CodeIgniter\CodeIgniter->handleRequest(null, Object(Config\Cache), false)
 4 FCPATH\index.php(67): CodeIgniter\CodeIgniter->run()
CRITICAL - 2022-09-25 11:50:11 --> Array to string conversion
in APPPATH\Controllers\Home.php on line 279.
 1 APPPATH\Controllers\Home.php(279): CodeIgniter\Debug\Exceptions->errorHandler(2, 'Array to string conversion', 'APPPATH\\Controllers\\Home.php', 279)
 2 SYSTEMPATH\CodeIgniter.php(904): App\Controllers\Home->agregar_libro()
 3 SYSTEMPATH\CodeIgniter.php(457): CodeIgniter\CodeIgniter->runController(Object(App\Controllers\Home))
 4 SYSTEMPATH\CodeIgniter.php(340): CodeIgniter\CodeIgniter->handleRequest(null, Object(Config\Cache), false)
 5 FCPATH\index.php(67): CodeIgniter\CodeIgniter->run()
CRITICAL - 2022-09-25 12:06:02 --> syntax error, unexpected token ">"
in APPPATH\Controllers\Home.php on line 281.
 1 SYSTEMPATH\Router\Router.php(499): CodeIgniter\Router\AutoRouter->getRoute('Home/agregar_libro')
 2 SYSTEMPATH\Router\Router.php(205): CodeIgniter\Router\Router->autoRoute('Home/agregar_libro')
 3 SYSTEMPATH\CodeIgniter.php(779): CodeIgniter\Router\Router->handle('Home/agregar_libro')
 4 SYSTEMPATH\CodeIgniter.php(406): CodeIgniter\CodeIgniter->tryToRouteIt(Object(CodeIgniter\Router\RouteCollection))
 5 SYSTEMPATH\CodeIgniter.php(340): CodeIgniter\CodeIgniter->handleRequest(null, Object(Config\Cache), false)
 6 FCPATH\index.php(67): CodeIgniter\CodeIgniter->run()
ERROR - 2022-09-25 12:06:16 --> mysqli_sql_exception: Column 'autorID' in on clause is ambiguous in C:\xampp\htdocs\ProyectoTangananaEdition\system\Database\MySQLi\Connection.php:292
Stack trace:
#0 C:\xampp\htdocs\ProyectoTangananaEdition\system\Database\MySQLi\Connection.php(292): mysqli->query('SELECT `nombreA...', 0)
#1 C:\xampp\htdocs\ProyectoTangananaEdition\system\Database\BaseConnection.php(693): CodeIgniter\Database\MySQLi\Connection->execute('SELECT `nombreA...')
#2 C:\xampp\htdocs\ProyectoTangananaEdition\system\Database\BaseConnection.php(620): CodeIgniter\Database\BaseConnection->simpleQuery('SELECT `nombreA...')
#3 C:\xampp\htdocs\ProyectoTangananaEdition\system\Database\BaseBuilder.php(1585): CodeIgniter\Database\BaseConnection->query('SELECT `nombreA...', Array, false)
#4 C:\xampp\htdocs\ProyectoTangananaEdition\app\Controllers\Home.php(282): CodeIgniter\Database\BaseBuilder->get()
#5 C:\xampp\htdocs\ProyectoTangananaEdition\system\CodeIgniter.php(904): App\Controllers\Home->agregar_libro()
#6 C:\xampp\htdocs\ProyectoTangananaEdition\system\CodeIgniter.php(457): CodeIgniter\CodeIgniter->runController(Object(App\Controllers\Home))
#7 C:\xampp\htdocs\ProyectoTangananaEdition\system\CodeIgniter.php(340): CodeIgniter\CodeIgniter->handleRequest(NULL, Object(Config\Cache), false)
#8 C:\xampp\htdocs\ProyectoTangananaEdition\index.php(67): CodeIgniter\CodeIgniter->run()
#9 {main}
CRITICAL - 2022-09-25 12:06:16 --> Call to a member function getResult() on bool
in APPPATH\Controllers\Home.php on line 283.
 1 SYSTEMPATH\CodeIgniter.php(904): App\Controllers\Home->agregar_libro()
 2 SYSTEMPATH\CodeIgniter.php(457): CodeIgniter\CodeIgniter->runController(Object(App\Controllers\Home))
 3 SYSTEMPATH\CodeIgniter.php(340): CodeIgniter\CodeIgniter->handleRequest(null, Object(Config\Cache), false)
 4 FCPATH\index.php(67): CodeIgniter\CodeIgniter->run()
ERROR - 2022-09-25 12:08:28 --> mysqli_sql_exception: Column 'autorID' in on clause is ambiguous in C:\xampp\htdocs\ProyectoTangananaEdition\system\Database\MySQLi\Connection.php:292
Stack trace:
#0 C:\xampp\htdocs\ProyectoTangananaEdition\system\Database\MySQLi\Connection.php(292): mysqli->query('SELECT `nombreA...', 0)
#1 C:\xampp\htdocs\ProyectoTangananaEdition\system\Database\BaseConnection.php(693): CodeIgniter\Database\MySQLi\Connection->execute('SELECT `nombreA...')
#2 C:\xampp\htdocs\ProyectoTangananaEdition\system\Database\BaseConnection.php(620): CodeIgniter\Database\BaseConnection->simpleQuery('SELECT `nombreA...')
#3 C:\xampp\htdocs\ProyectoTangananaEdition\system\Database\BaseBuilder.php(1585): CodeIgniter\Database\BaseConnection->query('SELECT `nombreA...', Array, false)
#4 C:\xampp\htdocs\ProyectoTangananaEdition\app\Controllers\Home.php(282): CodeIgniter\Database\BaseBuilder->get()
#5 C:\xampp\htdocs\ProyectoTangananaEdition\system\CodeIgniter.php(904): App\Controllers\Home->agregar_libro()
#6 C:\xampp\htdocs\ProyectoTangananaEdition\system\CodeIgniter.php(457): CodeIgniter\CodeIgniter->runController(Object(App\Controllers\Home))
#7 C:\xampp\htdocs\ProyectoTangananaEdition\system\CodeIgniter.php(340): CodeIgniter\CodeIgniter->handleRequest(NULL, Object(Config\Cache), false)
#8 C:\xampp\htdocs\ProyectoTangananaEdition\index.php(67): CodeIgniter\CodeIgniter->run()
#9 {main}
CRITICAL - 2022-09-25 12:12:01 --> Call to undefined method CodeIgniter\Database\MySQLi\Result::findAll()
in APPPATH\Controllers\Home.php on line 276.
 1 SYSTEMPATH\CodeIgniter.php(904): App\Controllers\Home->agregar_libro()
 2 SYSTEMPATH\CodeIgniter.php(457): CodeIgniter\CodeIgniter->runController(Object(App\Controllers\Home))
 3 SYSTEMPATH\CodeIgniter.php(340): CodeIgniter\CodeIgniter->handleRequest(null, Object(Config\Cache), false)
 4 FCPATH\index.php(67): CodeIgniter\CodeIgniter->run()
CRITICAL - 2022-09-25 12:12:31 --> Cannot use object of type mysqli as array
in APPPATH\Views\paginas\agregarLibro.php on line 32.
 1 SYSTEMPATH\View\View.php(213): include()
 2 SYSTEMPATH\View\View.php(216): CodeIgniter\View\View->CodeIgniter\View\{closure}()
 3 SYSTEMPATH\Common.php(1142): CodeIgniter\View\View->render('paginas/agregarLibro', [], true)
 4 APPPATH\Controllers\Home.php(293): view('paginas/agregarLibro', [...])
 5 SYSTEMPATH\CodeIgniter.php(904): App\Controllers\Home->agregar_libro()
 6 SYSTEMPATH\CodeIgniter.php(457): CodeIgniter\CodeIgniter->runController(Object(App\Controllers\Home))
 7 SYSTEMPATH\CodeIgniter.php(340): CodeIgniter\CodeIgniter->handleRequest(null, Object(Config\Cache), false)
 8 FCPATH\index.php(67): CodeIgniter\CodeIgniter->run()
CRITICAL - 2022-09-25 12:12:51 --> Cannot use object of type stdClass as array
in APPPATH\Views\paginas\agregarLibro.php on line 32.
 1 SYSTEMPATH\View\View.php(213): include()
 2 SYSTEMPATH\View\View.php(216): CodeIgniter\View\View->CodeIgniter\View\{closure}()
 3 SYSTEMPATH\Common.php(1142): CodeIgniter\View\View->render('paginas/agregarLibro', [], true)
 4 APPPATH\Controllers\Home.php(293): view('paginas/agregarLibro', [...])
 5 SYSTEMPATH\CodeIgniter.php(904): App\Controllers\Home->agregar_libro()
 6 SYSTEMPATH\CodeIgniter.php(457): CodeIgniter\CodeIgniter->runController(Object(App\Controllers\Home))
 7 SYSTEMPATH\CodeIgniter.php(340): CodeIgniter\CodeIgniter->handleRequest(null, Object(Config\Cache), false)
 8 FCPATH\index.php(67): CodeIgniter\CodeIgniter->run()
CRITICAL - 2022-09-25 12:13:10 --> Undefined array key "autorID"
in APPPATH\Views\paginas\agregarLibro.php on line 32.
 1 APPPATH\Views\paginas\agregarLibro.php(32): CodeIgniter\Debug\Exceptions->errorHandler(2, 'Undefined array key "autorID"', 'APPPATH\\Views\\paginas\\agregarLibro.php', 32)
 2 SYSTEMPATH\View\View.php(213): include('APPPATH\\Views\\paginas\\agregarLibro.php')
 3 SYSTEMPATH\View\View.php(216): CodeIgniter\View\View->CodeIgniter\View\{closure}()
 4 SYSTEMPATH\Common.php(1142): CodeIgniter\View\View->render('paginas/agregarLibro', [], true)
 5 APPPATH\Controllers\Home.php(293): view('paginas/agregarLibro', [...])
 6 SYSTEMPATH\CodeIgniter.php(904): App\Controllers\Home->agregar_libro()
 7 SYSTEMPATH\CodeIgniter.php(457): CodeIgniter\CodeIgniter->runController(Object(App\Controllers\Home))
 8 SYSTEMPATH\CodeIgniter.php(340): CodeIgniter\CodeIgniter->handleRequest(null, Object(Config\Cache), false)
 9 FCPATH\index.php(67): CodeIgniter\CodeIgniter->run()
CRITICAL - 2022-09-25 12:14:26 --> Cannot use object of type mysqli as array
in APPPATH\Views\paginas\agregarLibro.php on line 32.
 1 SYSTEMPATH\View\View.php(213): include()
 2 SYSTEMPATH\View\View.php(216): CodeIgniter\View\View->CodeIgniter\View\{closure}()
 3 SYSTEMPATH\Common.php(1142): CodeIgniter\View\View->render('paginas/agregarLibro', [], true)
 4 APPPATH\Controllers\Home.php(293): view('paginas/agregarLibro', [...])
 5 SYSTEMPATH\CodeIgniter.php(904): App\Controllers\Home->agregar_libro()
 6 SYSTEMPATH\CodeIgniter.php(457): CodeIgniter\CodeIgniter->runController(Object(App\Controllers\Home))
 7 SYSTEMPATH\CodeIgniter.php(340): CodeIgniter\CodeIgniter->handleRequest(null, Object(Config\Cache), false)
 8 FCPATH\index.php(67): CodeIgniter\CodeIgniter->run()
