ERROR - 2022-09-18 15:19:43 --> mysqli_sql_exception: Column 'nombreAutor' cannot be null in C:\xampp\htdocs\ProyectoTangananaEdition\system\Database\MySQLi\Connection.php:292
Stack trace:
#0 C:\xampp\htdocs\ProyectoTangananaEdition\system\Database\MySQLi\Connection.php(292): mysqli->query('INSERT INTO `au...', 0)
#1 C:\xampp\htdocs\ProyectoTangananaEdition\system\Database\BaseConnection.php(693): CodeIgniter\Database\MySQLi\Connection->execute('INSERT INTO `au...')
#2 C:\xampp\htdocs\ProyectoTangananaEdition\system\Database\BaseConnection.php(620): CodeIgniter\Database\BaseConnection->simpleQuery('INSERT INTO `au...')
#3 C:\xampp\htdocs\ProyectoTangananaEdition\system\Database\BaseBuilder.php(1916): CodeIgniter\Database\BaseConnection->query('INSERT INTO `au...', Array, false)
#4 C:\xampp\htdocs\ProyectoTangananaEdition\system\Model.php(279): CodeIgniter\Database\BaseBuilder->insert()
#5 C:\xampp\htdocs\ProyectoTangananaEdition\system\BaseModel.php(738): CodeIgniter\Model->doInsert(Array)
#6 C:\xampp\htdocs\ProyectoTangananaEdition\system\Model.php(667): CodeIgniter\BaseModel->insert(Array, true)
#7 C:\xampp\htdocs\ProyectoTangananaEdition\app\Controllers\Home.php(153): CodeIgniter\Model->insert(Array)
#8 C:\xampp\htdocs\ProyectoTangananaEdition\system\CodeIgniter.php(904): App\Controllers\Home->crear_autor()
#9 C:\xampp\htdocs\ProyectoTangananaEdition\system\CodeIgniter.php(457): CodeIgniter\CodeIgniter->runController(Object(App\Controllers\Home))
#10 C:\xampp\htdocs\ProyectoTangananaEdition\system\CodeIgniter.php(340): CodeIgniter\CodeIgniter->handleRequest(NULL, Object(Config\Cache), false)
#11 C:\xampp\htdocs\ProyectoTangananaEdition\index.php(67): CodeIgniter\CodeIgniter->run()
#12 {main}
ERROR - 2022-09-18 15:22:34 --> mysqli_sql_exception: Column 'nombreAutor' cannot be null in C:\xampp\htdocs\ProyectoTangananaEdition\system\Database\MySQLi\Connection.php:292
Stack trace:
#0 C:\xampp\htdocs\ProyectoTangananaEdition\system\Database\MySQLi\Connection.php(292): mysqli->query('INSERT INTO `au...', 0)
#1 C:\xampp\htdocs\ProyectoTangananaEdition\system\Database\BaseConnection.php(693): CodeIgniter\Database\MySQLi\Connection->execute('INSERT INTO `au...')
#2 C:\xampp\htdocs\ProyectoTangananaEdition\system\Database\BaseConnection.php(620): CodeIgniter\Database\BaseConnection->simpleQuery('INSERT INTO `au...')
#3 C:\xampp\htdocs\ProyectoTangananaEdition\system\Database\BaseBuilder.php(1916): CodeIgniter\Database\BaseConnection->query('INSERT INTO `au...', Array, false)
#4 C:\xampp\htdocs\ProyectoTangananaEdition\system\Model.php(279): CodeIgniter\Database\BaseBuilder->insert()
#5 C:\xampp\htdocs\ProyectoTangananaEdition\system\BaseModel.php(738): CodeIgniter\Model->doInsert(Array)
#6 C:\xampp\htdocs\ProyectoTangananaEdition\system\Model.php(667): CodeIgniter\BaseModel->insert(Array, true)
#7 C:\xampp\htdocs\ProyectoTangananaEdition\app\Controllers\Home.php(153): CodeIgniter\Model->insert(Array)
#8 C:\xampp\htdocs\ProyectoTangananaEdition\system\CodeIgniter.php(904): App\Controllers\Home->crear_autor()
#9 C:\xampp\htdocs\ProyectoTangananaEdition\system\CodeIgniter.php(457): CodeIgniter\CodeIgniter->runController(Object(App\Controllers\Home))
#10 C:\xampp\htdocs\ProyectoTangananaEdition\system\CodeIgniter.php(340): CodeIgniter\CodeIgniter->handleRequest(NULL, Object(Config\Cache), false)
#11 C:\xampp\htdocs\ProyectoTangananaEdition\index.php(67): CodeIgniter\CodeIgniter->run()
#12 {main}
CRITICAL - 2022-09-18 15:22:34 --> Undefined variable $listaAutor
in APPPATH\Views\paginas\agregarAutor.php on line 44.
 1 APPPATH\Views\paginas\agregarAutor.php(44): CodeIgniter\Debug\Exceptions->errorHandler(2, 'Undefined variable $listaAutor', 'APPPATH\\Views\\paginas\\agregarAutor.php', 44)
 2 SYSTEMPATH\View\View.php(213): include('APPPATH\\Views\\paginas\\agregarAutor.php')
 3 SYSTEMPATH\View\View.php(216): CodeIgniter\View\View->CodeIgniter\View\{closure}()
 4 SYSTEMPATH\Common.php(1142): CodeIgniter\View\View->render('paginas/agregarAutor', [], true)
 5 APPPATH\Controllers\Home.php(154): view('paginas/agregarAutor', [...])
 6 SYSTEMPATH\CodeIgniter.php(904): App\Controllers\Home->crear_autor()
 7 SYSTEMPATH\CodeIgniter.php(457): CodeIgniter\CodeIgniter->runController(Object(App\Controllers\Home))
 8 SYSTEMPATH\CodeIgniter.php(340): CodeIgniter\CodeIgniter->handleRequest(null, Object(Config\Cache), false)
 9 FCPATH\index.php(67): CodeIgniter\CodeIgniter->run()
ERROR - 2022-09-18 15:25:31 --> mysqli_sql_exception: Column 'nombreAutor' cannot be null in C:\xampp\htdocs\ProyectoTangananaEdition\system\Database\MySQLi\Connection.php:292
Stack trace:
#0 C:\xampp\htdocs\ProyectoTangananaEdition\system\Database\MySQLi\Connection.php(292): mysqli->query('INSERT INTO `au...', 0)
#1 C:\xampp\htdocs\ProyectoTangananaEdition\system\Database\BaseConnection.php(693): CodeIgniter\Database\MySQLi\Connection->execute('INSERT INTO `au...')
#2 C:\xampp\htdocs\ProyectoTangananaEdition\system\Database\BaseConnection.php(620): CodeIgniter\Database\BaseConnection->simpleQuery('INSERT INTO `au...')
#3 C:\xampp\htdocs\ProyectoTangananaEdition\system\Database\BaseBuilder.php(1916): CodeIgniter\Database\BaseConnection->query('INSERT INTO `au...', Array, false)
#4 C:\xampp\htdocs\ProyectoTangananaEdition\system\Model.php(279): CodeIgniter\Database\BaseBuilder->insert()
#5 C:\xampp\htdocs\ProyectoTangananaEdition\system\BaseModel.php(738): CodeIgniter\Model->doInsert(Array)
#6 C:\xampp\htdocs\ProyectoTangananaEdition\system\Model.php(667): CodeIgniter\BaseModel->insert(Array, true)
#7 C:\xampp\htdocs\ProyectoTangananaEdition\app\Controllers\Home.php(165): CodeIgniter\Model->insert(Array)
#8 C:\xampp\htdocs\ProyectoTangananaEdition\system\CodeIgniter.php(904): App\Controllers\Home->crear_autor()
#9 C:\xampp\htdocs\ProyectoTangananaEdition\system\CodeIgniter.php(457): CodeIgniter\CodeIgniter->runController(Object(App\Controllers\Home))
#10 C:\xampp\htdocs\ProyectoTangananaEdition\system\CodeIgniter.php(340): CodeIgniter\CodeIgniter->handleRequest(NULL, Object(Config\Cache), false)
#11 C:\xampp\htdocs\ProyectoTangananaEdition\index.php(67): CodeIgniter\CodeIgniter->run()
#12 {main}
CRITICAL - 2022-09-18 15:25:31 --> Undefined variable $listaAutor
in APPPATH\Views\paginas\agregarAutor.php on line 44.
 1 APPPATH\Views\paginas\agregarAutor.php(44): CodeIgniter\Debug\Exceptions->errorHandler(2, 'Undefined variable $listaAutor', 'APPPATH\\Views\\paginas\\agregarAutor.php', 44)
 2 SYSTEMPATH\View\View.php(213): include('APPPATH\\Views\\paginas\\agregarAutor.php')
 3 SYSTEMPATH\View\View.php(216): CodeIgniter\View\View->CodeIgniter\View\{closure}()
 4 SYSTEMPATH\Common.php(1142): CodeIgniter\View\View->render('paginas/agregarAutor', [], true)
 5 APPPATH\Controllers\Home.php(166): view('paginas/agregarAutor', [...])
 6 SYSTEMPATH\CodeIgniter.php(904): App\Controllers\Home->crear_autor()
 7 SYSTEMPATH\CodeIgniter.php(457): CodeIgniter\CodeIgniter->runController(Object(App\Controllers\Home))
 8 SYSTEMPATH\CodeIgniter.php(340): CodeIgniter\CodeIgniter->handleRequest(null, Object(Config\Cache), false)
 9 FCPATH\index.php(67): CodeIgniter\CodeIgniter->run()
CRITICAL - 2022-09-18 15:26:14 --> Undefined variable $listaAutor
in APPPATH\Views\paginas\agregarAutor.php on line 44.
 1 APPPATH\Views\paginas\agregarAutor.php(44): CodeIgniter\Debug\Exceptions->errorHandler(2, 'Undefined variable $listaAutor', 'APPPATH\\Views\\paginas\\agregarAutor.php', 44)
 2 SYSTEMPATH\View\View.php(213): include('APPPATH\\Views\\paginas\\agregarAutor.php')
 3 SYSTEMPATH\View\View.php(216): CodeIgniter\View\View->CodeIgniter\View\{closure}()
 4 SYSTEMPATH\Common.php(1142): CodeIgniter\View\View->render('paginas/agregarAutor', [], true)
 5 APPPATH\Controllers\Home.php(166): view('paginas/agregarAutor', [...])
 6 SYSTEMPATH\CodeIgniter.php(904): App\Controllers\Home->crear_autor()
 7 SYSTEMPATH\CodeIgniter.php(457): CodeIgniter\CodeIgniter->runController(Object(App\Controllers\Home))
 8 SYSTEMPATH\CodeIgniter.php(340): CodeIgniter\CodeIgniter->handleRequest(null, Object(Config\Cache), false)
 9 FCPATH\index.php(67): CodeIgniter\CodeIgniter->run()
CRITICAL - 2022-09-18 15:47:36 --> Class "App\Controllers\editorialModel" not found
in APPPATH\Controllers\Home.php on line 210.
 1 SYSTEMPATH\CodeIgniter.php(904): App\Controllers\Home->agregar_editorial()
 2 SYSTEMPATH\CodeIgniter.php(457): CodeIgniter\CodeIgniter->runController(Object(App\Controllers\Home))
 3 SYSTEMPATH\CodeIgniter.php(340): CodeIgniter\CodeIgniter->handleRequest(null, Object(Config\Cache), false)
 4 FCPATH\index.php(67): CodeIgniter\CodeIgniter->run()
