CRITICAL - 2022-10-16 12:12:02 --> The framework needs the following extension(s) installed and loaded: GD.
in SYSTEMPATH\Exceptions\FrameworkException.php on line 54.
 1 SYSTEMPATH\Images\Handlers\GDHandler.php(34): CodeIgniter\Exceptions\FrameworkException::forMissingExtension('GD')
 2 SYSTEMPATH\Config\Services.php(337): CodeIgniter\Images\Handlers\GDHandler->__construct(Object(Config\Images))
 3 SYSTEMPATH\Config\BaseService.php(253): CodeIgniter\Config\Services::image('gd', Object(Config\Images), false)
 4 SYSTEMPATH\Config\BaseService.php(194): CodeIgniter\Config\BaseService::__callStatic('image', [...])
 5 SYSTEMPATH\Config\Services.php(330): CodeIgniter\Config\BaseService::getSharedInstance('image', null, null)
 6 SYSTEMPATH\Config\BaseService.php(253): CodeIgniter\Config\Services::image()
 7 APPPATH\Views\paginas\oops.php(83): CodeIgniter\Config\BaseService::__callStatic('image', [])
 8 SYSTEMPATH\View\View.php(213): include('APPPATH\\Views\\paginas\\oops.php')
 9 SYSTEMPATH\View\View.php(216): CodeIgniter\View\View->CodeIgniter\View\{closure}()
10 SYSTEMPATH\Common.php(1142): CodeIgniter\View\View->render('paginas/oops', [], true)
11 APPPATH\Controllers\Home.php(89): view('paginas/oops', [...])
12 SYSTEMPATH\CodeIgniter.php(904): App\Controllers\Home->gatitos()
13 SYSTEMPATH\CodeIgniter.php(457): CodeIgniter\CodeIgniter->runController(Object(App\Controllers\Home))
14 SYSTEMPATH\CodeIgniter.php(340): CodeIgniter\CodeIgniter->handleRequest(null, Object(Config\Cache), false)
15 FCPATH\index.php(67): CodeIgniter\CodeIgniter->run()
CRITICAL - 2022-10-16 12:12:32 --> The framework needs the following extension(s) installed and loaded: GD.
in SYSTEMPATH\Exceptions\FrameworkException.php on line 54.
 1 SYSTEMPATH\Images\Handlers\GDHandler.php(34): CodeIgniter\Exceptions\FrameworkException::forMissingExtension('GD')
 2 SYSTEMPATH\Config\Services.php(337): CodeIgniter\Images\Handlers\GDHandler->__construct(Object(Config\Images))
 3 SYSTEMPATH\Config\BaseService.php(253): CodeIgniter\Config\Services::image('gd', Object(Config\Images), false)
 4 SYSTEMPATH\Config\BaseService.php(194): CodeIgniter\Config\BaseService::__callStatic('image', [...])
 5 SYSTEMPATH\Config\Services.php(330): CodeIgniter\Config\BaseService::getSharedInstance('image', null, null)
 6 SYSTEMPATH\Config\BaseService.php(253): CodeIgniter\Config\Services::image()
 7 APPPATH\Views\paginas\oops.php(83): CodeIgniter\Config\BaseService::__callStatic('image', [])
 8 SYSTEMPATH\View\View.php(213): include('APPPATH\\Views\\paginas\\oops.php')
 9 SYSTEMPATH\View\View.php(216): CodeIgniter\View\View->CodeIgniter\View\{closure}()
10 SYSTEMPATH\Common.php(1142): CodeIgniter\View\View->render('paginas/oops', [], true)
11 APPPATH\Controllers\Home.php(89): view('paginas/oops', [...])
12 SYSTEMPATH\CodeIgniter.php(904): App\Controllers\Home->gatitos()
13 SYSTEMPATH\CodeIgniter.php(457): CodeIgniter\CodeIgniter->runController(Object(App\Controllers\Home))
14 SYSTEMPATH\CodeIgniter.php(340): CodeIgniter\CodeIgniter->handleRequest(null, Object(Config\Cache), false)
15 FCPATH\index.php(67): CodeIgniter\CodeIgniter->run()
CRITICAL - 2022-10-16 12:12:36 --> The framework needs the following extension(s) installed and loaded: GD.
in SYSTEMPATH\Exceptions\FrameworkException.php on line 54.
 1 SYSTEMPATH\Images\Handlers\GDHandler.php(34): CodeIgniter\Exceptions\FrameworkException::forMissingExtension('GD')
 2 SYSTEMPATH\Config\Services.php(337): CodeIgniter\Images\Handlers\GDHandler->__construct(Object(Config\Images))
 3 SYSTEMPATH\Config\BaseService.php(253): CodeIgniter\Config\Services::image('gd', Object(Config\Images), false)
 4 SYSTEMPATH\Config\BaseService.php(194): CodeIgniter\Config\BaseService::__callStatic('image', [...])
 5 SYSTEMPATH\Config\Services.php(330): CodeIgniter\Config\BaseService::getSharedInstance('image', null, null)
 6 SYSTEMPATH\Config\BaseService.php(253): CodeIgniter\Config\Services::image()
 7 APPPATH\Views\paginas\oops.php(83): CodeIgniter\Config\BaseService::__callStatic('image', [])
 8 SYSTEMPATH\View\View.php(213): include('APPPATH\\Views\\paginas\\oops.php')
 9 SYSTEMPATH\View\View.php(216): CodeIgniter\View\View->CodeIgniter\View\{closure}()
10 SYSTEMPATH\Common.php(1142): CodeIgniter\View\View->render('paginas/oops', [], true)
11 APPPATH\Controllers\Home.php(89): view('paginas/oops', [...])
12 SYSTEMPATH\CodeIgniter.php(904): App\Controllers\Home->gatitos()
13 SYSTEMPATH\CodeIgniter.php(457): CodeIgniter\CodeIgniter->runController(Object(App\Controllers\Home))
14 SYSTEMPATH\CodeIgniter.php(340): CodeIgniter\CodeIgniter->handleRequest(null, Object(Config\Cache), false)
15 FCPATH\index.php(67): CodeIgniter\CodeIgniter->run()
CRITICAL - 2022-10-16 12:13:12 --> The framework needs the following extension(s) installed and loaded: GD.
in SYSTEMPATH\Exceptions\FrameworkException.php on line 54.
 1 SYSTEMPATH\Images\Handlers\GDHandler.php(34): CodeIgniter\Exceptions\FrameworkException::forMissingExtension('GD')
 2 SYSTEMPATH\Config\Services.php(337): CodeIgniter\Images\Handlers\GDHandler->__construct(Object(Config\Images))
 3 SYSTEMPATH\Config\BaseService.php(253): CodeIgniter\Config\Services::image('gd', Object(Config\Images), false)
 4 SYSTEMPATH\Config\BaseService.php(194): CodeIgniter\Config\BaseService::__callStatic('image', [...])
 5 SYSTEMPATH\Config\Services.php(330): CodeIgniter\Config\BaseService::getSharedInstance('image', null, null)
 6 SYSTEMPATH\Config\BaseService.php(253): CodeIgniter\Config\Services::image()
 7 APPPATH\Views\paginas\oops.php(83): CodeIgniter\Config\BaseService::__callStatic('image', [])
 8 SYSTEMPATH\View\View.php(213): include('APPPATH\\Views\\paginas\\oops.php')
 9 SYSTEMPATH\View\View.php(216): CodeIgniter\View\View->CodeIgniter\View\{closure}()
10 SYSTEMPATH\Common.php(1142): CodeIgniter\View\View->render('paginas/oops', [], true)
11 APPPATH\Controllers\Home.php(89): view('paginas/oops', [...])
12 SYSTEMPATH\CodeIgniter.php(904): App\Controllers\Home->gatitos()
13 SYSTEMPATH\CodeIgniter.php(457): CodeIgniter\CodeIgniter->runController(Object(App\Controllers\Home))
14 SYSTEMPATH\CodeIgniter.php(340): CodeIgniter\CodeIgniter->handleRequest(null, Object(Config\Cache), false)
15 FCPATH\index.php(67): CodeIgniter\CodeIgniter->run()
CRITICAL - 2022-10-16 12:15:00 --> File not found: codeigniter.jpg
in SYSTEMPATH\Files\File.php on line 46.
 1 SYSTEMPATH\Files\File.php(46): CodeIgniter\Files\Exceptions\FileNotFoundException::forFileNotFound('codeigniter.jpg')
 2 SYSTEMPATH\Images\Handlers\BaseHandler.php(148): CodeIgniter\Files\File->__construct('codeigniter.jpg', true)
 3 APPPATH\Views\paginas\oops.php(84): CodeIgniter\Images\Handlers\BaseHandler->withFile('codeigniter.jpg')
 4 SYSTEMPATH\View\View.php(213): include('APPPATH\\Views\\paginas\\oops.php')
 5 SYSTEMPATH\View\View.php(216): CodeIgniter\View\View->CodeIgniter\View\{closure}()
 6 SYSTEMPATH\Common.php(1142): CodeIgniter\View\View->render('paginas/oops', [], true)
 7 APPPATH\Controllers\Home.php(89): view('paginas/oops', [...])
 8 SYSTEMPATH\CodeIgniter.php(904): App\Controllers\Home->gatitos()
 9 SYSTEMPATH\CodeIgniter.php(457): CodeIgniter\CodeIgniter->runController(Object(App\Controllers\Home))
10 SYSTEMPATH\CodeIgniter.php(340): CodeIgniter\CodeIgniter->handleRequest(null, Object(Config\Cache), false)
11 FCPATH\index.php(67): CodeIgniter\CodeIgniter->run()
CRITICAL - 2022-10-16 12:15:19 --> File not found: cpictures/libro1
in SYSTEMPATH\Files\File.php on line 46.
 1 SYSTEMPATH\Files\File.php(46): CodeIgniter\Files\Exceptions\FileNotFoundException::forFileNotFound('cpictures/libro1')
 2 SYSTEMPATH\Images\Handlers\BaseHandler.php(148): CodeIgniter\Files\File->__construct('cpictures/libro1', true)
 3 APPPATH\Views\paginas\oops.php(84): CodeIgniter\Images\Handlers\BaseHandler->withFile('cpictures/libro1')
 4 SYSTEMPATH\View\View.php(213): include('APPPATH\\Views\\paginas\\oops.php')
 5 SYSTEMPATH\View\View.php(216): CodeIgniter\View\View->CodeIgniter\View\{closure}()
 6 SYSTEMPATH\Common.php(1142): CodeIgniter\View\View->render('paginas/oops', [], true)
 7 APPPATH\Controllers\Home.php(89): view('paginas/oops', [...])
 8 SYSTEMPATH\CodeIgniter.php(904): App\Controllers\Home->gatitos()
 9 SYSTEMPATH\CodeIgniter.php(457): CodeIgniter\CodeIgniter->runController(Object(App\Controllers\Home))
10 SYSTEMPATH\CodeIgniter.php(340): CodeIgniter\CodeIgniter->handleRequest(null, Object(Config\Cache), false)
11 FCPATH\index.php(67): CodeIgniter\CodeIgniter->run()
CRITICAL - 2022-10-16 12:15:20 --> File not found: cpictures/libro1
in SYSTEMPATH\Files\File.php on line 46.
 1 SYSTEMPATH\Files\File.php(46): CodeIgniter\Files\Exceptions\FileNotFoundException::forFileNotFound('cpictures/libro1')
 2 SYSTEMPATH\Images\Handlers\BaseHandler.php(148): CodeIgniter\Files\File->__construct('cpictures/libro1', true)
 3 APPPATH\Views\paginas\oops.php(84): CodeIgniter\Images\Handlers\BaseHandler->withFile('cpictures/libro1')
 4 SYSTEMPATH\View\View.php(213): include('APPPATH\\Views\\paginas\\oops.php')
 5 SYSTEMPATH\View\View.php(216): CodeIgniter\View\View->CodeIgniter\View\{closure}()
 6 SYSTEMPATH\Common.php(1142): CodeIgniter\View\View->render('paginas/oops', [], true)
 7 APPPATH\Controllers\Home.php(89): view('paginas/oops', [...])
 8 SYSTEMPATH\CodeIgniter.php(904): App\Controllers\Home->gatitos()
 9 SYSTEMPATH\CodeIgniter.php(457): CodeIgniter\CodeIgniter->runController(Object(App\Controllers\Home))
10 SYSTEMPATH\CodeIgniter.php(340): CodeIgniter\CodeIgniter->handleRequest(null, Object(Config\Cache), false)
11 FCPATH\index.php(67): CodeIgniter\CodeIgniter->run()
CRITICAL - 2022-10-16 12:15:30 --> File not found: pictures/libro1
in SYSTEMPATH\Files\File.php on line 46.
 1 SYSTEMPATH\Files\File.php(46): CodeIgniter\Files\Exceptions\FileNotFoundException::forFileNotFound('pictures/libro1')
 2 SYSTEMPATH\Images\Handlers\BaseHandler.php(148): CodeIgniter\Files\File->__construct('pictures/libro1', true)
 3 APPPATH\Views\paginas\oops.php(84): CodeIgniter\Images\Handlers\BaseHandler->withFile('pictures/libro1')
 4 SYSTEMPATH\View\View.php(213): include('APPPATH\\Views\\paginas\\oops.php')
 5 SYSTEMPATH\View\View.php(216): CodeIgniter\View\View->CodeIgniter\View\{closure}()
 6 SYSTEMPATH\Common.php(1142): CodeIgniter\View\View->render('paginas/oops', [], true)
 7 APPPATH\Controllers\Home.php(89): view('paginas/oops', [...])
 8 SYSTEMPATH\CodeIgniter.php(904): App\Controllers\Home->gatitos()
 9 SYSTEMPATH\CodeIgniter.php(457): CodeIgniter\CodeIgniter->runController(Object(App\Controllers\Home))
10 SYSTEMPATH\CodeIgniter.php(340): CodeIgniter\CodeIgniter->handleRequest(null, Object(Config\Cache), false)
11 FCPATH\index.php(67): CodeIgniter\CodeIgniter->run()
CRITICAL - 2022-10-16 12:16:28 --> File not found: <?php base_url() ?>pictures/libro1
in SYSTEMPATH\Files\File.php on line 46.
 1 SYSTEMPATH\Files\File.php(46): CodeIgniter\Files\Exceptions\FileNotFoundException::forFileNotFound('<?php base_url() ?>pictures/libro1')
 2 SYSTEMPATH\Images\Handlers\BaseHandler.php(148): CodeIgniter\Files\File->__construct('<?php base_url() ?>pictures/libro1', true)
 3 APPPATH\Views\paginas\oops.php(84): CodeIgniter\Images\Handlers\BaseHandler->withFile('<?php base_url() ?>pictures/libro1')
 4 SYSTEMPATH\View\View.php(213): include('APPPATH\\Views\\paginas\\oops.php')
 5 SYSTEMPATH\View\View.php(216): CodeIgniter\View\View->CodeIgniter\View\{closure}()
 6 SYSTEMPATH\Common.php(1142): CodeIgniter\View\View->render('paginas/oops', [], true)
 7 APPPATH\Controllers\Home.php(89): view('paginas/oops', [...])
 8 SYSTEMPATH\CodeIgniter.php(904): App\Controllers\Home->gatitos()
 9 SYSTEMPATH\CodeIgniter.php(457): CodeIgniter\CodeIgniter->runController(Object(App\Controllers\Home))
10 SYSTEMPATH\CodeIgniter.php(340): CodeIgniter\CodeIgniter->handleRequest(null, Object(Config\Cache), false)
11 FCPATH\index.php(67): CodeIgniter\CodeIgniter->run()
CRITICAL - 2022-10-16 12:16:44 --> syntax error, unexpected token "<"
in APPPATH\Views\paginas\oops.php on line 83.
 1 SYSTEMPATH\View\View.php(216): CodeIgniter\View\View->CodeIgniter\View\{closure}()
 2 SYSTEMPATH\Common.php(1142): CodeIgniter\View\View->render('paginas/oops', [], true)
 3 APPPATH\Controllers\Home.php(89): view('paginas/oops', [...])
 4 SYSTEMPATH\CodeIgniter.php(904): App\Controllers\Home->gatitos()
 5 SYSTEMPATH\CodeIgniter.php(457): CodeIgniter\CodeIgniter->runController(Object(App\Controllers\Home))
 6 SYSTEMPATH\CodeIgniter.php(340): CodeIgniter\CodeIgniter->handleRequest(null, Object(Config\Cache), false)
 7 FCPATH\index.php(67): CodeIgniter\CodeIgniter->run()
CRITICAL - 2022-10-16 12:16:58 --> syntax error, unexpected identifier "base_url", expecting ")"
in APPPATH\Views\paginas\oops.php on line 83.
 1 SYSTEMPATH\View\View.php(216): CodeIgniter\View\View->CodeIgniter\View\{closure}()
 2 SYSTEMPATH\Common.php(1142): CodeIgniter\View\View->render('paginas/oops', [], true)
 3 APPPATH\Controllers\Home.php(89): view('paginas/oops', [...])
 4 SYSTEMPATH\CodeIgniter.php(904): App\Controllers\Home->gatitos()
 5 SYSTEMPATH\CodeIgniter.php(457): CodeIgniter\CodeIgniter->runController(Object(App\Controllers\Home))
 6 SYSTEMPATH\CodeIgniter.php(340): CodeIgniter\CodeIgniter->handleRequest(null, Object(Config\Cache), false)
 7 FCPATH\index.php(67): CodeIgniter\CodeIgniter->run()
CRITICAL - 2022-10-16 12:17:05 --> syntax error, unexpected double-quoted string "pictures/libro1", expecting ")"
in APPPATH\Views\paginas\oops.php on line 83.
 1 SYSTEMPATH\View\View.php(216): CodeIgniter\View\View->CodeIgniter\View\{closure}()
 2 SYSTEMPATH\Common.php(1142): CodeIgniter\View\View->render('paginas/oops', [], true)
 3 APPPATH\Controllers\Home.php(89): view('paginas/oops', [...])
 4 SYSTEMPATH\CodeIgniter.php(904): App\Controllers\Home->gatitos()
 5 SYSTEMPATH\CodeIgniter.php(457): CodeIgniter\CodeIgniter->runController(Object(App\Controllers\Home))
 6 SYSTEMPATH\CodeIgniter.php(340): CodeIgniter\CodeIgniter->handleRequest(null, Object(Config\Cache), false)
 7 FCPATH\index.php(67): CodeIgniter\CodeIgniter->run()
CRITICAL - 2022-10-16 12:17:10 --> syntax error, unexpected double-quoted string "pictures/libro1", expecting ")"
in APPPATH\Views\paginas\oops.php on line 83.
 1 SYSTEMPATH\View\View.php(216): CodeIgniter\View\View->CodeIgniter\View\{closure}()
 2 SYSTEMPATH\Common.php(1142): CodeIgniter\View\View->render('paginas/oops', [], true)
 3 APPPATH\Controllers\Home.php(89): view('paginas/oops', [...])
 4 SYSTEMPATH\CodeIgniter.php(904): App\Controllers\Home->gatitos()
 5 SYSTEMPATH\CodeIgniter.php(457): CodeIgniter\CodeIgniter->runController(Object(App\Controllers\Home))
 6 SYSTEMPATH\CodeIgniter.php(340): CodeIgniter\CodeIgniter->handleRequest(null, Object(Config\Cache), false)
 7 FCPATH\index.php(67): CodeIgniter\CodeIgniter->run()
CRITICAL - 2022-10-16 12:17:24 --> syntax error, unexpected double-quoted string "pictures/libro1", expecting identifier or variable or "{" or "$"
in APPPATH\Views\paginas\oops.php on line 83.
 1 SYSTEMPATH\View\View.php(216): CodeIgniter\View\View->CodeIgniter\View\{closure}()
 2 SYSTEMPATH\Common.php(1142): CodeIgniter\View\View->render('paginas/oops', [], true)
 3 APPPATH\Controllers\Home.php(89): view('paginas/oops', [...])
 4 SYSTEMPATH\CodeIgniter.php(904): App\Controllers\Home->gatitos()
 5 SYSTEMPATH\CodeIgniter.php(457): CodeIgniter\CodeIgniter->runController(Object(App\Controllers\Home))
 6 SYSTEMPATH\CodeIgniter.php(340): CodeIgniter\CodeIgniter->handleRequest(null, Object(Config\Cache), false)
 7 FCPATH\index.php(67): CodeIgniter\CodeIgniter->run()
CRITICAL - 2022-10-16 12:17:35 --> syntax error, unexpected single-quoted string "pictures/libro1", expecting identifier or variable or "{" or "$"
in APPPATH\Views\paginas\oops.php on line 83.
 1 SYSTEMPATH\View\View.php(216): CodeIgniter\View\View->CodeIgniter\View\{closure}()
 2 SYSTEMPATH\Common.php(1142): CodeIgniter\View\View->render('paginas/oops', [], true)
 3 APPPATH\Controllers\Home.php(89): view('paginas/oops', [...])
 4 SYSTEMPATH\CodeIgniter.php(904): App\Controllers\Home->gatitos()
 5 SYSTEMPATH\CodeIgniter.php(457): CodeIgniter\CodeIgniter->runController(Object(App\Controllers\Home))
 6 SYSTEMPATH\CodeIgniter.php(340): CodeIgniter\CodeIgniter->handleRequest(null, Object(Config\Cache), false)
 7 FCPATH\index.php(67): CodeIgniter\CodeIgniter->run()
CRITICAL - 2022-10-16 12:21:21 --> syntax error, unexpected identifier "images"
in APPPATH\Views\paginas\oops.php on line 84.
 1 SYSTEMPATH\View\View.php(216): CodeIgniter\View\View->CodeIgniter\View\{closure}()
 2 SYSTEMPATH\Common.php(1142): CodeIgniter\View\View->render('paginas/oops', [], true)
 3 APPPATH\Controllers\Home.php(89): view('paginas/oops', [...])
 4 SYSTEMPATH\CodeIgniter.php(904): App\Controllers\Home->gatitos()
 5 SYSTEMPATH\CodeIgniter.php(457): CodeIgniter\CodeIgniter->runController(Object(App\Controllers\Home))
 6 SYSTEMPATH\CodeIgniter.php(340): CodeIgniter\CodeIgniter->handleRequest(null, Object(Config\Cache), false)
 7 FCPATH\index.php(67): CodeIgniter\CodeIgniter->run()
CRITICAL - 2022-10-16 12:37:08 --> File not found: <?php base_url() ?>images/Cat.jpg
in SYSTEMPATH\Files\File.php on line 46.
 1 SYSTEMPATH\Files\File.php(46): CodeIgniter\Files\Exceptions\FileNotFoundException::forFileNotFound('<?php base_url() ?>images/Cat.jpg')
 2 SYSTEMPATH\Images\Handlers\BaseHandler.php(148): CodeIgniter\Files\File->__construct('<?php base_url() ?>images/Cat.jpg', true)
 3 APPPATH\Views\paginas\oops.php(86): CodeIgniter\Images\Handlers\BaseHandler->withFile('<?php base_url() ?>images/Cat.jpg')
 4 SYSTEMPATH\View\View.php(213): include('APPPATH\\Views\\paginas\\oops.php')
 5 SYSTEMPATH\View\View.php(216): CodeIgniter\View\View->CodeIgniter\View\{closure}()
 6 SYSTEMPATH\Common.php(1142): CodeIgniter\View\View->render('paginas/oops', [], true)
 7 APPPATH\Controllers\Home.php(89): view('paginas/oops', [...])
 8 SYSTEMPATH\CodeIgniter.php(904): App\Controllers\Home->gatitos()
 9 SYSTEMPATH\CodeIgniter.php(457): CodeIgniter\CodeIgniter->runController(Object(App\Controllers\Home))
10 SYSTEMPATH\CodeIgniter.php(340): CodeIgniter\CodeIgniter->handleRequest(null, Object(Config\Cache), false)
11 FCPATH\index.php(67): CodeIgniter\CodeIgniter->run()
CRITICAL - 2022-10-16 12:37:46 --> File not found: php base_url() images/Cat.jpg
in SYSTEMPATH\Files\File.php on line 46.
 1 SYSTEMPATH\Files\File.php(46): CodeIgniter\Files\Exceptions\FileNotFoundException::forFileNotFound('php base_url() images/Cat.jpg')
 2 SYSTEMPATH\Images\Handlers\BaseHandler.php(148): CodeIgniter\Files\File->__construct('php base_url() images/Cat.jpg', true)
 3 APPPATH\Views\paginas\oops.php(86): CodeIgniter\Images\Handlers\BaseHandler->withFile('php base_url() images/Cat.jpg')
 4 SYSTEMPATH\View\View.php(213): include('APPPATH\\Views\\paginas\\oops.php')
 5 SYSTEMPATH\View\View.php(216): CodeIgniter\View\View->CodeIgniter\View\{closure}()
 6 SYSTEMPATH\Common.php(1142): CodeIgniter\View\View->render('paginas/oops', [], true)
 7 APPPATH\Controllers\Home.php(89): view('paginas/oops', [...])
 8 SYSTEMPATH\CodeIgniter.php(904): App\Controllers\Home->gatitos()
 9 SYSTEMPATH\CodeIgniter.php(457): CodeIgniter\CodeIgniter->runController(Object(App\Controllers\Home))
10 SYSTEMPATH\CodeIgniter.php(340): CodeIgniter\CodeIgniter->handleRequest(null, Object(Config\Cache), false)
11 FCPATH\index.php(67): CodeIgniter\CodeIgniter->run()
CRITICAL - 2022-10-16 12:39:28 --> File not found: php base_url() images/Cat.jpg
in SYSTEMPATH\Files\File.php on line 46.
 1 SYSTEMPATH\Files\File.php(46): CodeIgniter\Files\Exceptions\FileNotFoundException::forFileNotFound('php base_url() images/Cat.jpg')
 2 SYSTEMPATH\Images\Handlers\BaseHandler.php(148): CodeIgniter\Files\File->__construct('php base_url() images/Cat.jpg', true)
 3 APPPATH\Views\paginas\oops.php(86): CodeIgniter\Images\Handlers\BaseHandler->withFile('php base_url() images/Cat.jpg')
 4 SYSTEMPATH\View\View.php(213): include('APPPATH\\Views\\paginas\\oops.php')
 5 SYSTEMPATH\View\View.php(216): CodeIgniter\View\View->CodeIgniter\View\{closure}()
 6 SYSTEMPATH\Common.php(1142): CodeIgniter\View\View->render('paginas/oops', [], true)
 7 APPPATH\Controllers\Home.php(89): view('paginas/oops', [...])
 8 SYSTEMPATH\CodeIgniter.php(904): App\Controllers\Home->gatitos()
 9 SYSTEMPATH\CodeIgniter.php(457): CodeIgniter\CodeIgniter->runController(Object(App\Controllers\Home))
10 SYSTEMPATH\CodeIgniter.php(340): CodeIgniter\CodeIgniter->handleRequest(null, Object(Config\Cache), false)
11 FCPATH\index.php(67): CodeIgniter\CodeIgniter->run()
CRITICAL - 2022-10-16 12:39:30 --> File not found: php base_url() images/Cat.jpg
in SYSTEMPATH\Files\File.php on line 46.
 1 SYSTEMPATH\Files\File.php(46): CodeIgniter\Files\Exceptions\FileNotFoundException::forFileNotFound('php base_url() images/Cat.jpg')
 2 SYSTEMPATH\Images\Handlers\BaseHandler.php(148): CodeIgniter\Files\File->__construct('php base_url() images/Cat.jpg', true)
 3 APPPATH\Views\paginas\oops.php(86): CodeIgniter\Images\Handlers\BaseHandler->withFile('php base_url() images/Cat.jpg')
 4 SYSTEMPATH\View\View.php(213): include('APPPATH\\Views\\paginas\\oops.php')
 5 SYSTEMPATH\View\View.php(216): CodeIgniter\View\View->CodeIgniter\View\{closure}()
 6 SYSTEMPATH\Common.php(1142): CodeIgniter\View\View->render('paginas/oops', [], true)
 7 APPPATH\Controllers\Home.php(89): view('paginas/oops', [...])
 8 SYSTEMPATH\CodeIgniter.php(904): App\Controllers\Home->gatitos()
 9 SYSTEMPATH\CodeIgniter.php(457): CodeIgniter\CodeIgniter->runController(Object(App\Controllers\Home))
10 SYSTEMPATH\CodeIgniter.php(340): CodeIgniter\CodeIgniter->handleRequest(null, Object(Config\Cache), false)
11 FCPATH\index.php(67): CodeIgniter\CodeIgniter->run()
CRITICAL - 2022-10-16 13:43:49 --> Call to undefined function image()
in APPPATH\Views\paginas\oops.php on line 86.
 1 SYSTEMPATH\View\View.php(213): include()
 2 SYSTEMPATH\View\View.php(216): CodeIgniter\View\View->CodeIgniter\View\{closure}()
 3 SYSTEMPATH\Common.php(1142): CodeIgniter\View\View->render('paginas/oops', [], true)
 4 APPPATH\Controllers\Home.php(89): view('paginas/oops', [...])
 5 SYSTEMPATH\CodeIgniter.php(904): App\Controllers\Home->gatitos()
 6 SYSTEMPATH\CodeIgniter.php(457): CodeIgniter\CodeIgniter->runController(Object(App\Controllers\Home))
 7 SYSTEMPATH\CodeIgniter.php(340): CodeIgniter\CodeIgniter->handleRequest(null, Object(Config\Cache), false)
 8 FCPATH\index.php(67): CodeIgniter\CodeIgniter->run()
