CRITICAL - 2022-09-15 15:03:18 --> syntax error, unexpected token ":", expecting "," or ";"
in APPPATH\Views\paginas\crud.php on line 18.
 1 SYSTEMPATH\View\View.php(216): CodeIgniter\View\View->CodeIgniter\View\{closure}()
 2 SYSTEMPATH\Common.php(1142): CodeIgniter\View\View->render('paginas/crud', [], true)
 3 APPPATH\Controllers\Home.php(20): view('paginas/crud', [...])
 4 SYSTEMPATH\CodeIgniter.php(904): App\Controllers\Home->index()
 5 SYSTEMPATH\CodeIgniter.php(457): CodeIgniter\CodeIgniter->runController(Object(App\Controllers\Home))
 6 SYSTEMPATH\CodeIgniter.php(340): CodeIgniter\CodeIgniter->handleRequest(null, Object(Config\Cache), false)
 7 FCPATH\index.php(67): CodeIgniter\CodeIgniter->run()
CRITICAL - 2022-09-15 15:46:04 --> Undefined property: App\Controllers\Home::$db
in APPPATH\Controllers\Home.php on line 18.
 1 APPPATH\Controllers\Home.php(18): CodeIgniter\Debug\Exceptions->errorHandler(2, 'Undefined property: App\\Controllers\\Home::$db', 'APPPATH\\Controllers\\Home.php', 18)
 2 SYSTEMPATH\CodeIgniter.php(904): App\Controllers\Home->index()
 3 SYSTEMPATH\CodeIgniter.php(457): CodeIgniter\CodeIgniter->runController(Object(App\Controllers\Home))
 4 SYSTEMPATH\CodeIgniter.php(340): CodeIgniter\CodeIgniter->handleRequest(null, Object(Config\Cache), false)
 5 FCPATH\index.php(67): CodeIgniter\CodeIgniter->run()
CRITICAL - 2022-09-15 15:46:16 --> Object of class CodeIgniter\Database\MySQLi\Connection could not be converted to string
in APPPATH\Controllers\Home.php on line 18.
 1 SYSTEMPATH\CodeIgniter.php(904): App\Controllers\Home->index()
 2 SYSTEMPATH\CodeIgniter.php(457): CodeIgniter\CodeIgniter->runController(Object(App\Controllers\Home))
 3 SYSTEMPATH\CodeIgniter.php(340): CodeIgniter\CodeIgniter->handleRequest(null, Object(Config\Cache), false)
 4 FCPATH\index.php(67): CodeIgniter\CodeIgniter->run()
CRITICAL - 2022-09-15 15:46:57 --> Object of class CodeIgniter\Database\MySQLi\Connection could not be converted to string
in APPPATH\Controllers\Home.php on line 18.
 1 SYSTEMPATH\CodeIgniter.php(904): App\Controllers\Home->index()
 2 SYSTEMPATH\CodeIgniter.php(457): CodeIgniter\CodeIgniter->runController(Object(App\Controllers\Home))
 3 SYSTEMPATH\CodeIgniter.php(340): CodeIgniter\CodeIgniter->handleRequest(null, Object(Config\Cache), false)
 4 FCPATH\index.php(67): CodeIgniter\CodeIgniter->run()
CRITICAL - 2022-09-15 15:47:20 --> Object of class CodeIgniter\Database\MySQLi\Connection could not be converted to string
in APPPATH\Controllers\Home.php on line 18.
 1 SYSTEMPATH\CodeIgniter.php(904): App\Controllers\Home->index()
 2 SYSTEMPATH\CodeIgniter.php(457): CodeIgniter\CodeIgniter->runController(Object(App\Controllers\Home))
 3 SYSTEMPATH\CodeIgniter.php(340): CodeIgniter\CodeIgniter->handleRequest(null, Object(Config\Cache), false)
 4 FCPATH\index.php(67): CodeIgniter\CodeIgniter->run()
CRITICAL - 2022-09-15 15:48:50 --> Object of class CodeIgniter\Database\MySQLi\Connection could not be converted to string
in APPPATH\Controllers\Home.php on line 18.
 1 SYSTEMPATH\CodeIgniter.php(904): App\Controllers\Home->index()
 2 SYSTEMPATH\CodeIgniter.php(457): CodeIgniter\CodeIgniter->runController(Object(App\Controllers\Home))
 3 SYSTEMPATH\CodeIgniter.php(340): CodeIgniter\CodeIgniter->handleRequest(null, Object(Config\Cache), false)
 4 FCPATH\index.php(67): CodeIgniter\CodeIgniter->run()
CRITICAL - 2022-09-15 15:51:58 --> Undefined variable $datos
in APPPATH\Views\paginas\crud.php on line 43.
 1 APPPATH\Views\paginas\crud.php(43): CodeIgniter\Debug\Exceptions->errorHandler(2, 'Undefined variable $datos', 'APPPATH\\Views\\paginas\\crud.php', 43)
 2 SYSTEMPATH\View\View.php(213): include('APPPATH\\Views\\paginas\\crud.php')
 3 SYSTEMPATH\View\View.php(216): CodeIgniter\View\View->CodeIgniter\View\{closure}()
 4 SYSTEMPATH\Common.php(1142): CodeIgniter\View\View->render('paginas/crud', [], true)
 5 APPPATH\Controllers\Home.php(21): view('paginas/crud', [...])
 6 SYSTEMPATH\CodeIgniter.php(904): App\Controllers\Home->index()
 7 SYSTEMPATH\CodeIgniter.php(457): CodeIgniter\CodeIgniter->runController(Object(App\Controllers\Home))
 8 SYSTEMPATH\CodeIgniter.php(340): CodeIgniter\CodeIgniter->handleRequest(null, Object(Config\Cache), false)
 9 FCPATH\index.php(67): CodeIgniter\CodeIgniter->run()
CRITICAL - 2022-09-15 15:52:21 --> Undefined variable $data
in APPPATH\Views\paginas\crud.php on line 43.
 1 APPPATH\Views\paginas\crud.php(43): CodeIgniter\Debug\Exceptions->errorHandler(2, 'Undefined variable $data', 'APPPATH\\Views\\paginas\\crud.php', 43)
 2 SYSTEMPATH\View\View.php(213): include('APPPATH\\Views\\paginas\\crud.php')
 3 SYSTEMPATH\View\View.php(216): CodeIgniter\View\View->CodeIgniter\View\{closure}()
 4 SYSTEMPATH\Common.php(1142): CodeIgniter\View\View->render('paginas/crud', [], true)
 5 APPPATH\Controllers\Home.php(21): view('paginas/crud', [...])
 6 SYSTEMPATH\CodeIgniter.php(904): App\Controllers\Home->index()
 7 SYSTEMPATH\CodeIgniter.php(457): CodeIgniter\CodeIgniter->runController(Object(App\Controllers\Home))
 8 SYSTEMPATH\CodeIgniter.php(340): CodeIgniter\CodeIgniter->handleRequest(null, Object(Config\Cache), false)
 9 FCPATH\index.php(67): CodeIgniter\CodeIgniter->run()
CRITICAL - 2022-09-15 15:52:43 --> Undefined variable $data
in APPPATH\Views\paginas\crud.php on line 43.
 1 APPPATH\Views\paginas\crud.php(43): CodeIgniter\Debug\Exceptions->errorHandler(2, 'Undefined variable $data', 'APPPATH\\Views\\paginas\\crud.php', 43)
 2 SYSTEMPATH\View\View.php(213): include('APPPATH\\Views\\paginas\\crud.php')
 3 SYSTEMPATH\View\View.php(216): CodeIgniter\View\View->CodeIgniter\View\{closure}()
 4 SYSTEMPATH\Common.php(1142): CodeIgniter\View\View->render('paginas/crud', [], true)
 5 APPPATH\Controllers\Home.php(21): view('paginas/crud', [...])
 6 SYSTEMPATH\CodeIgniter.php(904): App\Controllers\Home->index()
 7 SYSTEMPATH\CodeIgniter.php(457): CodeIgniter\CodeIgniter->runController(Object(App\Controllers\Home))
 8 SYSTEMPATH\CodeIgniter.php(340): CodeIgniter\CodeIgniter->handleRequest(null, Object(Config\Cache), false)
 9 FCPATH\index.php(67): CodeIgniter\CodeIgniter->run()
CRITICAL - 2022-09-15 15:53:11 --> Undefined variable $data
in APPPATH\Views\paginas\crud.php on line 43.
 1 APPPATH\Views\paginas\crud.php(43): CodeIgniter\Debug\Exceptions->errorHandler(2, 'Undefined variable $data', 'APPPATH\\Views\\paginas\\crud.php', 43)
 2 SYSTEMPATH\View\View.php(213): include('APPPATH\\Views\\paginas\\crud.php')
 3 SYSTEMPATH\View\View.php(216): CodeIgniter\View\View->CodeIgniter\View\{closure}()
 4 SYSTEMPATH\Common.php(1142): CodeIgniter\View\View->render('paginas/crud', [], true)
 5 APPPATH\Controllers\Home.php(21): view('paginas/crud', [...])
 6 SYSTEMPATH\CodeIgniter.php(904): App\Controllers\Home->index()
 7 SYSTEMPATH\CodeIgniter.php(457): CodeIgniter\CodeIgniter->runController(Object(App\Controllers\Home))
 8 SYSTEMPATH\CodeIgniter.php(340): CodeIgniter\CodeIgniter->handleRequest(null, Object(Config\Cache), false)
 9 FCPATH\index.php(67): CodeIgniter\CodeIgniter->run()
CRITICAL - 2022-09-15 15:53:37 --> Undefined variable $data
in APPPATH\Views\paginas\crud.php on line 43.
 1 APPPATH\Views\paginas\crud.php(43): CodeIgniter\Debug\Exceptions->errorHandler(2, 'Undefined variable $data', 'APPPATH\\Views\\paginas\\crud.php', 43)
 2 SYSTEMPATH\View\View.php(213): include('APPPATH\\Views\\paginas\\crud.php')
 3 SYSTEMPATH\View\View.php(216): CodeIgniter\View\View->CodeIgniter\View\{closure}()
 4 SYSTEMPATH\Common.php(1142): CodeIgniter\View\View->render('paginas/crud', [], true)
 5 APPPATH\Controllers\Home.php(21): view('paginas/crud', [...])
 6 SYSTEMPATH\CodeIgniter.php(904): App\Controllers\Home->index()
 7 SYSTEMPATH\CodeIgniter.php(457): CodeIgniter\CodeIgniter->runController(Object(App\Controllers\Home))
 8 SYSTEMPATH\CodeIgniter.php(340): CodeIgniter\CodeIgniter->handleRequest(null, Object(Config\Cache), false)
 9 FCPATH\index.php(67): CodeIgniter\CodeIgniter->run()
CRITICAL - 2022-09-15 15:53:51 --> Undefined variable $data
in APPPATH\Views\paginas\crud.php on line 43.
 1 APPPATH\Views\paginas\crud.php(43): CodeIgniter\Debug\Exceptions->errorHandler(2, 'Undefined variable $data', 'APPPATH\\Views\\paginas\\crud.php', 43)
 2 SYSTEMPATH\View\View.php(213): include('APPPATH\\Views\\paginas\\crud.php')
 3 SYSTEMPATH\View\View.php(216): CodeIgniter\View\View->CodeIgniter\View\{closure}()
 4 SYSTEMPATH\Common.php(1142): CodeIgniter\View\View->render('paginas/crud', [], true)
 5 APPPATH\Controllers\Home.php(21): view('paginas/crud', [...])
 6 SYSTEMPATH\CodeIgniter.php(904): App\Controllers\Home->index()
 7 SYSTEMPATH\CodeIgniter.php(457): CodeIgniter\CodeIgniter->runController(Object(App\Controllers\Home))
 8 SYSTEMPATH\CodeIgniter.php(340): CodeIgniter\CodeIgniter->handleRequest(null, Object(Config\Cache), false)
 9 FCPATH\index.php(67): CodeIgniter\CodeIgniter->run()
CRITICAL - 2022-09-15 15:54:22 --> Undefined variable $data
in APPPATH\Views\paginas\crud.php on line 43.
 1 APPPATH\Views\paginas\crud.php(43): CodeIgniter\Debug\Exceptions->errorHandler(2, 'Undefined variable $data', 'APPPATH\\Views\\paginas\\crud.php', 43)
 2 SYSTEMPATH\View\View.php(213): include('APPPATH\\Views\\paginas\\crud.php')
 3 SYSTEMPATH\View\View.php(216): CodeIgniter\View\View->CodeIgniter\View\{closure}()
 4 SYSTEMPATH\Common.php(1142): CodeIgniter\View\View->render('paginas/crud', [], true)
 5 APPPATH\Controllers\Home.php(21): view('paginas/crud', [...])
 6 SYSTEMPATH\CodeIgniter.php(904): App\Controllers\Home->index()
 7 SYSTEMPATH\CodeIgniter.php(457): CodeIgniter\CodeIgniter->runController(Object(App\Controllers\Home))
 8 SYSTEMPATH\CodeIgniter.php(340): CodeIgniter\CodeIgniter->handleRequest(null, Object(Config\Cache), false)
 9 FCPATH\index.php(67): CodeIgniter\CodeIgniter->run()
CRITICAL - 2022-09-15 15:55:03 --> Undefined variable $data
in APPPATH\Views\paginas\crud.php on line 43.
 1 APPPATH\Views\paginas\crud.php(43): CodeIgniter\Debug\Exceptions->errorHandler(2, 'Undefined variable $data', 'APPPATH\\Views\\paginas\\crud.php', 43)
 2 SYSTEMPATH\View\View.php(213): include('APPPATH\\Views\\paginas\\crud.php')
 3 SYSTEMPATH\View\View.php(216): CodeIgniter\View\View->CodeIgniter\View\{closure}()
 4 SYSTEMPATH\Common.php(1142): CodeIgniter\View\View->render('paginas/crud', [], true)
 5 APPPATH\Controllers\Home.php(21): view('paginas/crud', [...])
 6 SYSTEMPATH\CodeIgniter.php(904): App\Controllers\Home->index()
 7 SYSTEMPATH\CodeIgniter.php(457): CodeIgniter\CodeIgniter->runController(Object(App\Controllers\Home))
 8 SYSTEMPATH\CodeIgniter.php(340): CodeIgniter\CodeIgniter->handleRequest(null, Object(Config\Cache), false)
 9 FCPATH\index.php(67): CodeIgniter\CodeIgniter->run()
CRITICAL - 2022-09-15 15:55:52 --> Undefined variable $data
in APPPATH\Views\paginas\crud.php on line 43.
 1 APPPATH\Views\paginas\crud.php(43): CodeIgniter\Debug\Exceptions->errorHandler(2, 'Undefined variable $data', 'APPPATH\\Views\\paginas\\crud.php', 43)
 2 SYSTEMPATH\View\View.php(213): include('APPPATH\\Views\\paginas\\crud.php')
 3 SYSTEMPATH\View\View.php(216): CodeIgniter\View\View->CodeIgniter\View\{closure}()
 4 SYSTEMPATH\Common.php(1142): CodeIgniter\View\View->render('paginas/crud', [], true)
 5 APPPATH\Controllers\Home.php(21): view('paginas/crud', [...])
 6 SYSTEMPATH\CodeIgniter.php(904): App\Controllers\Home->index()
 7 SYSTEMPATH\CodeIgniter.php(457): CodeIgniter\CodeIgniter->runController(Object(App\Controllers\Home))
 8 SYSTEMPATH\CodeIgniter.php(340): CodeIgniter\CodeIgniter->handleRequest(null, Object(Config\Cache), false)
 9 FCPATH\index.php(67): CodeIgniter\CodeIgniter->run()
CRITICAL - 2022-09-15 16:01:30 --> Undefined variable $listaAutor
in APPPATH\Views\paginas\crud.php on line 58.
 1 APPPATH\Views\paginas\crud.php(58): CodeIgniter\Debug\Exceptions->errorHandler(2, 'Undefined variable $listaAutor', 'APPPATH\\Views\\paginas\\crud.php', 58)
 2 SYSTEMPATH\View\View.php(213): include('APPPATH\\Views\\paginas\\crud.php')
 3 SYSTEMPATH\View\View.php(216): CodeIgniter\View\View->CodeIgniter\View\{closure}()
 4 SYSTEMPATH\Common.php(1142): CodeIgniter\View\View->render('paginas/crud', [], true)
 5 APPPATH\Controllers\Home.php(21): view('paginas/crud', [...])
 6 SYSTEMPATH\CodeIgniter.php(904): App\Controllers\Home->index()
 7 SYSTEMPATH\CodeIgniter.php(457): CodeIgniter\CodeIgniter->runController(Object(App\Controllers\Home))
 8 SYSTEMPATH\CodeIgniter.php(340): CodeIgniter\CodeIgniter->handleRequest(null, Object(Config\Cache), false)
 9 FCPATH\index.php(67): CodeIgniter\CodeIgniter->run()
CRITICAL - 2022-09-15 16:01:47 --> Undefined variable $listaAutor
in APPPATH\Views\paginas\crud.php on line 58.
 1 APPPATH\Views\paginas\crud.php(58): CodeIgniter\Debug\Exceptions->errorHandler(2, 'Undefined variable $listaAutor', 'APPPATH\\Views\\paginas\\crud.php', 58)
 2 SYSTEMPATH\View\View.php(213): include('APPPATH\\Views\\paginas\\crud.php')
 3 SYSTEMPATH\View\View.php(216): CodeIgniter\View\View->CodeIgniter\View\{closure}()
 4 SYSTEMPATH\Common.php(1142): CodeIgniter\View\View->render('paginas/crud', [], true)
 5 APPPATH\Controllers\Home.php(21): view('paginas/crud', [...])
 6 SYSTEMPATH\CodeIgniter.php(904): App\Controllers\Home->index()
 7 SYSTEMPATH\CodeIgniter.php(457): CodeIgniter\CodeIgniter->runController(Object(App\Controllers\Home))
 8 SYSTEMPATH\CodeIgniter.php(340): CodeIgniter\CodeIgniter->handleRequest(null, Object(Config\Cache), false)
 9 FCPATH\index.php(67): CodeIgniter\CodeIgniter->run()
CRITICAL - 2022-09-15 16:02:08 --> Undefined variable $key
in APPPATH\Views\paginas\crud.php on line 66.
 1 APPPATH\Views\paginas\crud.php(66): CodeIgniter\Debug\Exceptions->errorHandler(2, 'Undefined variable $key', 'APPPATH\\Views\\paginas\\crud.php', 66)
 2 SYSTEMPATH\View\View.php(213): include('APPPATH\\Views\\paginas\\crud.php')
 3 SYSTEMPATH\View\View.php(216): CodeIgniter\View\View->CodeIgniter\View\{closure}()
 4 SYSTEMPATH\Common.php(1142): CodeIgniter\View\View->render('paginas/crud', [], true)
 5 APPPATH\Controllers\Home.php(21): view('paginas/crud', [...])
 6 SYSTEMPATH\CodeIgniter.php(904): App\Controllers\Home->index()
 7 SYSTEMPATH\CodeIgniter.php(457): CodeIgniter\CodeIgniter->runController(Object(App\Controllers\Home))
 8 SYSTEMPATH\CodeIgniter.php(340): CodeIgniter\CodeIgniter->handleRequest(null, Object(Config\Cache), false)
 9 FCPATH\index.php(67): CodeIgniter\CodeIgniter->run()
CRITICAL - 2022-09-15 16:02:24 --> Attempt to read property "id_nombre" on array
in APPPATH\Views\paginas\crud.php on line 66.
 1 APPPATH\Views\paginas\crud.php(66): CodeIgniter\Debug\Exceptions->errorHandler(2, 'Attempt to read property "id_nombre" on array', 'APPPATH\\Views\\paginas\\crud.php', 66)
 2 SYSTEMPATH\View\View.php(213): include('APPPATH\\Views\\paginas\\crud.php')
 3 SYSTEMPATH\View\View.php(216): CodeIgniter\View\View->CodeIgniter\View\{closure}()
 4 SYSTEMPATH\Common.php(1142): CodeIgniter\View\View->render('paginas/crud', [], true)
 5 APPPATH\Controllers\Home.php(21): view('paginas/crud', [...])
 6 SYSTEMPATH\CodeIgniter.php(904): App\Controllers\Home->index()
 7 SYSTEMPATH\CodeIgniter.php(457): CodeIgniter\CodeIgniter->runController(Object(App\Controllers\Home))
 8 SYSTEMPATH\CodeIgniter.php(340): CodeIgniter\CodeIgniter->handleRequest(null, Object(Config\Cache), false)
 9 FCPATH\index.php(67): CodeIgniter\CodeIgniter->run()
CRITICAL - 2022-09-15 16:07:10 --> Undefined variable $listaAutor
in APPPATH\Views\paginas\crud.php on line 55.
 1 APPPATH\Views\paginas\crud.php(55): CodeIgniter\Debug\Exceptions->errorHandler(2, 'Undefined variable $listaAutor', 'APPPATH\\Views\\paginas\\crud.php', 55)
 2 SYSTEMPATH\View\View.php(213): include('APPPATH\\Views\\paginas\\crud.php')
 3 SYSTEMPATH\View\View.php(216): CodeIgniter\View\View->CodeIgniter\View\{closure}()
 4 SYSTEMPATH\Common.php(1142): CodeIgniter\View\View->render('paginas/crud', [], true)
 5 APPPATH\Controllers\Home.php(21): view('paginas/crud', [...])
 6 SYSTEMPATH\CodeIgniter.php(904): App\Controllers\Home->index()
 7 SYSTEMPATH\CodeIgniter.php(457): CodeIgniter\CodeIgniter->runController(Object(App\Controllers\Home))
 8 SYSTEMPATH\CodeIgniter.php(340): CodeIgniter\CodeIgniter->handleRequest(null, Object(Config\Cache), false)
 9 FCPATH\index.php(67): CodeIgniter\CodeIgniter->run()
CRITICAL - 2022-09-15 16:07:21 --> Undefined array key "nombreAutor"
in APPPATH\Views\paginas\crud.php on line 58.
 1 APPPATH\Views\paginas\crud.php(58): CodeIgniter\Debug\Exceptions->errorHandler(2, 'Undefined array key "nombreAutor"', 'APPPATH\\Views\\paginas\\crud.php', 58)
 2 SYSTEMPATH\View\View.php(213): include('APPPATH\\Views\\paginas\\crud.php')
 3 SYSTEMPATH\View\View.php(216): CodeIgniter\View\View->CodeIgniter\View\{closure}()
 4 SYSTEMPATH\Common.php(1142): CodeIgniter\View\View->render('paginas/crud', [], true)
 5 APPPATH\Controllers\Home.php(21): view('paginas/crud', [...])
 6 SYSTEMPATH\CodeIgniter.php(904): App\Controllers\Home->index()
 7 SYSTEMPATH\CodeIgniter.php(457): CodeIgniter\CodeIgniter->runController(Object(App\Controllers\Home))
 8 SYSTEMPATH\CodeIgniter.php(340): CodeIgniter\CodeIgniter->handleRequest(null, Object(Config\Cache), false)
 9 FCPATH\index.php(67): CodeIgniter\CodeIgniter->run()
CRITICAL - 2022-09-15 16:07:56 --> Undefined variable $listaAutor
in APPPATH\Views\paginas\crud.php on line 82.
 1 APPPATH\Views\paginas\crud.php(82): CodeIgniter\Debug\Exceptions->errorHandler(2, 'Undefined variable $listaAutor', 'APPPATH\\Views\\paginas\\crud.php', 82)
 2 SYSTEMPATH\View\View.php(213): include('APPPATH\\Views\\paginas\\crud.php')
 3 SYSTEMPATH\View\View.php(216): CodeIgniter\View\View->CodeIgniter\View\{closure}()
 4 SYSTEMPATH\Common.php(1142): CodeIgniter\View\View->render('paginas/crud', [], true)
 5 APPPATH\Controllers\Home.php(21): view('paginas/crud', [...])
 6 SYSTEMPATH\CodeIgniter.php(904): App\Controllers\Home->index()
 7 SYSTEMPATH\CodeIgniter.php(457): CodeIgniter\CodeIgniter->runController(Object(App\Controllers\Home))
 8 SYSTEMPATH\CodeIgniter.php(340): CodeIgniter\CodeIgniter->handleRequest(null, Object(Config\Cache), false)
 9 FCPATH\index.php(67): CodeIgniter\CodeIgniter->run()
CRITICAL - 2022-09-15 16:14:56 --> Undefined variable $POST
in APPPATH\Controllers\Home.php on line 122.
 1 APPPATH\Controllers\Home.php(122): CodeIgniter\Debug\Exceptions->errorHandler(2, 'Undefined variable $POST', 'APPPATH\\Controllers\\Home.php', 122)
 2 SYSTEMPATH\CodeIgniter.php(904): App\Controllers\Home->crear()
 3 SYSTEMPATH\CodeIgniter.php(457): CodeIgniter\CodeIgniter->runController(Object(App\Controllers\Home))
 4 SYSTEMPATH\CodeIgniter.php(340): CodeIgniter\CodeIgniter->handleRequest(null, Object(Config\Cache), false)
 5 FCPATH\index.php(67): CodeIgniter\CodeIgniter->run()
CRITICAL - 2022-09-15 16:17:04 --> Undefined variable $POST
in APPPATH\Controllers\Home.php on line 124.
 1 APPPATH\Controllers\Home.php(124): CodeIgniter\Debug\Exceptions->errorHandler(2, 'Undefined variable $POST', 'APPPATH\\Controllers\\Home.php', 124)
 2 SYSTEMPATH\CodeIgniter.php(904): App\Controllers\Home->crear()
 3 SYSTEMPATH\CodeIgniter.php(457): CodeIgniter\CodeIgniter->runController(Object(App\Controllers\Home))
 4 SYSTEMPATH\CodeIgniter.php(340): CodeIgniter\CodeIgniter->handleRequest(null, Object(Config\Cache), false)
 5 FCPATH\index.php(67): CodeIgniter\CodeIgniter->run()
CRITICAL - 2022-09-15 16:19:46 --> Undefined variable $data
in APPPATH\Controllers\Home.php on line 132.
 1 APPPATH\Controllers\Home.php(132): CodeIgniter\Debug\Exceptions->errorHandler(2, 'Undefined variable $data', 'APPPATH\\Controllers\\Home.php', 132)
 2 SYSTEMPATH\CodeIgniter.php(904): App\Controllers\Home->crear()
 3 SYSTEMPATH\CodeIgniter.php(457): CodeIgniter\CodeIgniter->runController(Object(App\Controllers\Home))
 4 SYSTEMPATH\CodeIgniter.php(340): CodeIgniter\CodeIgniter->handleRequest(null, Object(Config\Cache), false)
 5 FCPATH\index.php(67): CodeIgniter\CodeIgniter->run()
CRITICAL - 2022-09-15 16:20:03 --> Undefined variable $listaLibro
in APPPATH\Views\paginas\crud.php on line 59.
 1 APPPATH\Views\paginas\crud.php(59): CodeIgniter\Debug\Exceptions->errorHandler(2, 'Undefined variable $listaLibro', 'APPPATH\\Views\\paginas\\crud.php', 59)
 2 SYSTEMPATH\View\View.php(213): include('APPPATH\\Views\\paginas\\crud.php')
 3 SYSTEMPATH\View\View.php(216): CodeIgniter\View\View->CodeIgniter\View\{closure}()
 4 SYSTEMPATH\Common.php(1142): CodeIgniter\View\View->render('paginas/crud', [], true)
 5 APPPATH\Controllers\Home.php(133): view('paginas/crud', [...])
 6 SYSTEMPATH\CodeIgniter.php(904): App\Controllers\Home->crear()
 7 SYSTEMPATH\CodeIgniter.php(457): CodeIgniter\CodeIgniter->runController(Object(App\Controllers\Home))
 8 SYSTEMPATH\CodeIgniter.php(340): CodeIgniter\CodeIgniter->handleRequest(null, Object(Config\Cache), false)
 9 FCPATH\index.php(67): CodeIgniter\CodeIgniter->run()
CRITICAL - 2022-09-15 16:21:05 --> Call to undefined function App\Controllers\index()
in APPPATH\Controllers\Home.php on line 133.
 1 SYSTEMPATH\CodeIgniter.php(904): App\Controllers\Home->crear()
 2 SYSTEMPATH\CodeIgniter.php(457): CodeIgniter\CodeIgniter->runController(Object(App\Controllers\Home))
 3 SYSTEMPATH\CodeIgniter.php(340): CodeIgniter\CodeIgniter->handleRequest(null, Object(Config\Cache), false)
 4 FCPATH\index.php(67): CodeIgniter\CodeIgniter->run()
CRITICAL - 2022-09-15 16:32:51 --> Undefined variable $mensaje
in APPPATH\Views\paginas\crud.php on line 81.
 1 APPPATH\Views\paginas\crud.php(81): CodeIgniter\Debug\Exceptions->errorHandler(2, 'Undefined variable $mensaje', 'APPPATH\\Views\\paginas\\crud.php', 81)
 2 SYSTEMPATH\View\View.php(213): include('APPPATH\\Views\\paginas\\crud.php')
 3 SYSTEMPATH\View\View.php(216): CodeIgniter\View\View->CodeIgniter\View\{closure}()
 4 SYSTEMPATH\Common.php(1142): CodeIgniter\View\View->render('paginas/crud', [], true)
 5 APPPATH\Controllers\Home.php(21): view('paginas/crud', [...])
 6 SYSTEMPATH\CodeIgniter.php(904): App\Controllers\Home->index()
 7 SYSTEMPATH\CodeIgniter.php(457): CodeIgniter\CodeIgniter->runController(Object(App\Controllers\Home))
 8 SYSTEMPATH\CodeIgniter.php(340): CodeIgniter\CodeIgniter->handleRequest(null, Object(Config\Cache), false)
 9 FCPATH\index.php(67): CodeIgniter\CodeIgniter->run()
CRITICAL - 2022-09-15 16:33:17 --> Undefined variable $mensaje
in APPPATH\Views\paginas\crud.php on line 81.
 1 APPPATH\Views\paginas\crud.php(81): CodeIgniter\Debug\Exceptions->errorHandler(2, 'Undefined variable $mensaje', 'APPPATH\\Views\\paginas\\crud.php', 81)
 2 SYSTEMPATH\View\View.php(213): include('APPPATH\\Views\\paginas\\crud.php')
 3 SYSTEMPATH\View\View.php(216): CodeIgniter\View\View->CodeIgniter\View\{closure}()
 4 SYSTEMPATH\Common.php(1142): CodeIgniter\View\View->render('paginas/crud', [], true)
 5 APPPATH\Controllers\Home.php(22): view('paginas/crud', [...])
 6 SYSTEMPATH\CodeIgniter.php(904): App\Controllers\Home->index()
 7 SYSTEMPATH\CodeIgniter.php(457): CodeIgniter\CodeIgniter->runController(Object(App\Controllers\Home))
 8 SYSTEMPATH\CodeIgniter.php(340): CodeIgniter\CodeIgniter->handleRequest(null, Object(Config\Cache), false)
 9 FCPATH\index.php(67): CodeIgniter\CodeIgniter->run()
CRITICAL - 2022-09-15 16:34:04 --> Undefined variable $mensaje
in APPPATH\Views\paginas\crud.php on line 81.
 1 APPPATH\Views\paginas\crud.php(81): CodeIgniter\Debug\Exceptions->errorHandler(2, 'Undefined variable $mensaje', 'APPPATH\\Views\\paginas\\crud.php', 81)
 2 SYSTEMPATH\View\View.php(213): include('APPPATH\\Views\\paginas\\crud.php')
 3 SYSTEMPATH\View\View.php(216): CodeIgniter\View\View->CodeIgniter\View\{closure}()
 4 SYSTEMPATH\Common.php(1142): CodeIgniter\View\View->render('paginas/crud', [], true)
 5 APPPATH\Controllers\Home.php(21): view('paginas/crud', [...])
 6 SYSTEMPATH\CodeIgniter.php(904): App\Controllers\Home->index()
 7 SYSTEMPATH\CodeIgniter.php(457): CodeIgniter\CodeIgniter->runController(Object(App\Controllers\Home))
 8 SYSTEMPATH\CodeIgniter.php(340): CodeIgniter\CodeIgniter->handleRequest(null, Object(Config\Cache), false)
 9 FCPATH\index.php(67): CodeIgniter\CodeIgniter->run()
