CRITICAL - 2022-10-20 11:19:27 --> Invalid file: paginas/formularioLibro.php
in SYSTEMPATH\Exceptions\FrameworkException.php on line 33.
 1 SYSTEMPATH\View\View.php(201): CodeIgniter\Exceptions\FrameworkException::forInvalidFile('paginas/formularioLibro.php')
 2 SYSTEMPATH\Common.php(1142): CodeIgniter\View\View->render('paginas/formularioLibro', [], true)
 3 APPPATH\Controllers\Home.php(596): view('paginas/formularioLibro', [...])
 4 SYSTEMPATH\CodeIgniter.php(904): App\Controllers\Home->editar_libro()
 5 SYSTEMPATH\CodeIgniter.php(457): CodeIgniter\CodeIgniter->runController(Object(App\Controllers\Home))
 6 SYSTEMPATH\CodeIgniter.php(340): CodeIgniter\CodeIgniter->handleRequest(null, Object(Config\Cache), false)
 7 FCPATH\index.php(67): CodeIgniter\CodeIgniter->run()
CRITICAL - 2022-10-20 11:29:52 --> Undefined variable $data
in APPPATH\Views\formularios\formularioLibro.php on line 32.
 1 APPPATH\Views\formularios\formularioLibro.php(32): CodeIgniter\Debug\Exceptions->errorHandler(2, 'Undefined variable $data', 'APPPATH\\Views\\formularios\\formularioLibro.php', 32)
 2 SYSTEMPATH\View\View.php(213): include('APPPATH\\Views\\formularios\\formularioLibro.php')
 3 SYSTEMPATH\View\View.php(216): CodeIgniter\View\View->CodeIgniter\View\{closure}()
 4 SYSTEMPATH\Common.php(1142): CodeIgniter\View\View->render('formularios/formularioLibro', [], true)
 5 APPPATH\Controllers\Home.php(596): view('formularios/formularioLibro', [...])
 6 SYSTEMPATH\CodeIgniter.php(904): App\Controllers\Home->editar_libro()
 7 SYSTEMPATH\CodeIgniter.php(457): CodeIgniter\CodeIgniter->runController(Object(App\Controllers\Home))
 8 SYSTEMPATH\CodeIgniter.php(340): CodeIgniter\CodeIgniter->handleRequest(null, Object(Config\Cache), false)
 9 FCPATH\index.php(67): CodeIgniter\CodeIgniter->run()
CRITICAL - 2022-10-20 11:35:49 --> Trying to access array offset on value of type null
in APPPATH\Views\formularios\formularioLibro.php on line 33.
 1 APPPATH\Views\formularios\formularioLibro.php(33): CodeIgniter\Debug\Exceptions->errorHandler(2, 'Trying to access array offset on value of type null', 'APPPATH\\Views\\formularios\\formularioLibro.php', 33)
 2 SYSTEMPATH\View\View.php(213): include('APPPATH\\Views\\formularios\\formularioLibro.php')
 3 SYSTEMPATH\View\View.php(216): CodeIgniter\View\View->CodeIgniter\View\{closure}()
 4 SYSTEMPATH\Common.php(1142): CodeIgniter\View\View->render('formularios/formularioLibro', [], true)
 5 APPPATH\Controllers\Home.php(598): view('formularios/formularioLibro', [...])
 6 SYSTEMPATH\CodeIgniter.php(904): App\Controllers\Home->editar_libro()
 7 SYSTEMPATH\CodeIgniter.php(457): CodeIgniter\CodeIgniter->runController(Object(App\Controllers\Home))
 8 SYSTEMPATH\CodeIgniter.php(340): CodeIgniter\CodeIgniter->handleRequest(null, Object(Config\Cache), false)
 9 FCPATH\index.php(67): CodeIgniter\CodeIgniter->run()
CRITICAL - 2022-10-20 11:36:09 --> Trying to access array offset on value of type null
in APPPATH\Views\formularios\formularioLibro.php on line 33.
 1 APPPATH\Views\formularios\formularioLibro.php(33): CodeIgniter\Debug\Exceptions->errorHandler(2, 'Trying to access array offset on value of type null', 'APPPATH\\Views\\formularios\\formularioLibro.php', 33)
 2 SYSTEMPATH\View\View.php(213): include('APPPATH\\Views\\formularios\\formularioLibro.php')
 3 SYSTEMPATH\View\View.php(216): CodeIgniter\View\View->CodeIgniter\View\{closure}()
 4 SYSTEMPATH\Common.php(1142): CodeIgniter\View\View->render('formularios/formularioLibro', [], true)
 5 APPPATH\Controllers\Home.php(598): view('formularios/formularioLibro', [...])
 6 SYSTEMPATH\CodeIgniter.php(904): App\Controllers\Home->editar_libro()
 7 SYSTEMPATH\CodeIgniter.php(457): CodeIgniter\CodeIgniter->runController(Object(App\Controllers\Home))
 8 SYSTEMPATH\CodeIgniter.php(340): CodeIgniter\CodeIgniter->handleRequest(null, Object(Config\Cache), false)
 9 FCPATH\index.php(67): CodeIgniter\CodeIgniter->run()
CRITICAL - 2022-10-20 11:38:50 --> Undefined array key 0
in APPPATH\Views\formularios\formularioLibro.php on line 33.
 1 APPPATH\Views\formularios\formularioLibro.php(33): CodeIgniter\Debug\Exceptions->errorHandler(2, 'Undefined array key 0', 'APPPATH\\Views\\formularios\\formularioLibro.php', 33)
 2 SYSTEMPATH\View\View.php(213): include('APPPATH\\Views\\formularios\\formularioLibro.php')
 3 SYSTEMPATH\View\View.php(216): CodeIgniter\View\View->CodeIgniter\View\{closure}()
 4 SYSTEMPATH\Common.php(1142): CodeIgniter\View\View->render('formularios/formularioLibro', [], true)
 5 APPPATH\Controllers\Home.php(599): view('formularios/formularioLibro', [...])
 6 SYSTEMPATH\CodeIgniter.php(904): App\Controllers\Home->editar_libro()
 7 SYSTEMPATH\CodeIgniter.php(457): CodeIgniter\CodeIgniter->runController(Object(App\Controllers\Home))
 8 SYSTEMPATH\CodeIgniter.php(340): CodeIgniter\CodeIgniter->handleRequest(null, Object(Config\Cache), false)
 9 FCPATH\index.php(67): CodeIgniter\CodeIgniter->run()
CRITICAL - 2022-10-20 11:38:57 --> Undefined array key "nombreLibro"
in APPPATH\Views\formularios\formularioLibro.php on line 33.
 1 APPPATH\Views\formularios\formularioLibro.php(33): CodeIgniter\Debug\Exceptions->errorHandler(2, 'Undefined array key "nombreLibro"', 'APPPATH\\Views\\formularios\\formularioLibro.php', 33)
 2 SYSTEMPATH\View\View.php(213): include('APPPATH\\Views\\formularios\\formularioLibro.php')
 3 SYSTEMPATH\View\View.php(216): CodeIgniter\View\View->CodeIgniter\View\{closure}()
 4 SYSTEMPATH\Common.php(1142): CodeIgniter\View\View->render('formularios/formularioLibro', [], true)
 5 APPPATH\Controllers\Home.php(599): view('formularios/formularioLibro', [...])
 6 SYSTEMPATH\CodeIgniter.php(904): App\Controllers\Home->editar_libro()
 7 SYSTEMPATH\CodeIgniter.php(457): CodeIgniter\CodeIgniter->runController(Object(App\Controllers\Home))
 8 SYSTEMPATH\CodeIgniter.php(340): CodeIgniter\CodeIgniter->handleRequest(null, Object(Config\Cache), false)
 9 FCPATH\index.php(67): CodeIgniter\CodeIgniter->run()
CRITICAL - 2022-10-20 11:39:50 --> Undefined array key 0
in APPPATH\Views\formularios\formularioLibro.php on line 33.
 1 APPPATH\Views\formularios\formularioLibro.php(33): CodeIgniter\Debug\Exceptions->errorHandler(2, 'Undefined array key 0', 'APPPATH\\Views\\formularios\\formularioLibro.php', 33)
 2 SYSTEMPATH\View\View.php(213): include('APPPATH\\Views\\formularios\\formularioLibro.php')
 3 SYSTEMPATH\View\View.php(216): CodeIgniter\View\View->CodeIgniter\View\{closure}()
 4 SYSTEMPATH\Common.php(1142): CodeIgniter\View\View->render('formularios/formularioLibro', [], true)
 5 APPPATH\Controllers\Home.php(599): view('formularios/formularioLibro', [...])
 6 SYSTEMPATH\CodeIgniter.php(904): App\Controllers\Home->editar_libro()
 7 SYSTEMPATH\CodeIgniter.php(457): CodeIgniter\CodeIgniter->runController(Object(App\Controllers\Home))
 8 SYSTEMPATH\CodeIgniter.php(340): CodeIgniter\CodeIgniter->handleRequest(null, Object(Config\Cache), false)
 9 FCPATH\index.php(67): CodeIgniter\CodeIgniter->run()
CRITICAL - 2022-10-20 11:43:00 --> Undefined array key 0
in APPPATH\Views\formularios\formularioLibro.php on line 33.
 1 APPPATH\Views\formularios\formularioLibro.php(33): CodeIgniter\Debug\Exceptions->errorHandler(2, 'Undefined array key 0', 'APPPATH\\Views\\formularios\\formularioLibro.php', 33)
 2 SYSTEMPATH\View\View.php(213): include('APPPATH\\Views\\formularios\\formularioLibro.php')
 3 SYSTEMPATH\View\View.php(216): CodeIgniter\View\View->CodeIgniter\View\{closure}()
 4 SYSTEMPATH\Common.php(1142): CodeIgniter\View\View->render('formularios/formularioLibro', [], true)
 5 APPPATH\Controllers\Home.php(599): view('formularios/formularioLibro', [...])
 6 SYSTEMPATH\CodeIgniter.php(904): App\Controllers\Home->editar_libro()
 7 SYSTEMPATH\CodeIgniter.php(457): CodeIgniter\CodeIgniter->runController(Object(App\Controllers\Home))
 8 SYSTEMPATH\CodeIgniter.php(340): CodeIgniter\CodeIgniter->handleRequest(null, Object(Config\Cache), false)
 9 FCPATH\index.php(67): CodeIgniter\CodeIgniter->run()
CRITICAL - 2022-10-20 11:43:16 --> Undefined array key "nombreLibro"
in APPPATH\Views\formularios\formularioLibro.php on line 33.
 1 APPPATH\Views\formularios\formularioLibro.php(33): CodeIgniter\Debug\Exceptions->errorHandler(2, 'Undefined array key "nombreLibro"', 'APPPATH\\Views\\formularios\\formularioLibro.php', 33)
 2 SYSTEMPATH\View\View.php(213): include('APPPATH\\Views\\formularios\\formularioLibro.php')
 3 SYSTEMPATH\View\View.php(216): CodeIgniter\View\View->CodeIgniter\View\{closure}()
 4 SYSTEMPATH\Common.php(1142): CodeIgniter\View\View->render('formularios/formularioLibro', [], true)
 5 APPPATH\Controllers\Home.php(599): view('formularios/formularioLibro', [...])
 6 SYSTEMPATH\CodeIgniter.php(904): App\Controllers\Home->editar_libro()
 7 SYSTEMPATH\CodeIgniter.php(457): CodeIgniter\CodeIgniter->runController(Object(App\Controllers\Home))
 8 SYSTEMPATH\CodeIgniter.php(340): CodeIgniter\CodeIgniter->handleRequest(null, Object(Config\Cache), false)
 9 FCPATH\index.php(67): CodeIgniter\CodeIgniter->run()
CRITICAL - 2022-10-20 11:43:27 --> Undefined array key "dataAux"
in APPPATH\Views\formularios\formularioLibro.php on line 33.
 1 APPPATH\Views\formularios\formularioLibro.php(33): CodeIgniter\Debug\Exceptions->errorHandler(2, 'Undefined array key "dataAux"', 'APPPATH\\Views\\formularios\\formularioLibro.php', 33)
 2 SYSTEMPATH\View\View.php(213): include('APPPATH\\Views\\formularios\\formularioLibro.php')
 3 SYSTEMPATH\View\View.php(216): CodeIgniter\View\View->CodeIgniter\View\{closure}()
 4 SYSTEMPATH\Common.php(1142): CodeIgniter\View\View->render('formularios/formularioLibro', [], true)
 5 APPPATH\Controllers\Home.php(599): view('formularios/formularioLibro', [...])
 6 SYSTEMPATH\CodeIgniter.php(904): App\Controllers\Home->editar_libro()
 7 SYSTEMPATH\CodeIgniter.php(457): CodeIgniter\CodeIgniter->runController(Object(App\Controllers\Home))
 8 SYSTEMPATH\CodeIgniter.php(340): CodeIgniter\CodeIgniter->handleRequest(null, Object(Config\Cache), false)
 9 FCPATH\index.php(67): CodeIgniter\CodeIgniter->run()
CRITICAL - 2022-10-20 11:47:44 --> Undefined array key 0
in APPPATH\Views\formularios\formularioLibro.php on line 33.
 1 APPPATH\Views\formularios\formularioLibro.php(33): CodeIgniter\Debug\Exceptions->errorHandler(2, 'Undefined array key 0', 'APPPATH\\Views\\formularios\\formularioLibro.php', 33)
 2 SYSTEMPATH\View\View.php(213): include('APPPATH\\Views\\formularios\\formularioLibro.php')
 3 SYSTEMPATH\View\View.php(216): CodeIgniter\View\View->CodeIgniter\View\{closure}()
 4 SYSTEMPATH\Common.php(1142): CodeIgniter\View\View->render('formularios/formularioLibro', [], true)
 5 APPPATH\Controllers\Home.php(599): view('formularios/formularioLibro', [...])
 6 SYSTEMPATH\CodeIgniter.php(904): App\Controllers\Home->editar_libro()
 7 SYSTEMPATH\CodeIgniter.php(457): CodeIgniter\CodeIgniter->runController(Object(App\Controllers\Home))
 8 SYSTEMPATH\CodeIgniter.php(340): CodeIgniter\CodeIgniter->handleRequest(null, Object(Config\Cache), false)
 9 FCPATH\index.php(67): CodeIgniter\CodeIgniter->run()
CRITICAL - 2022-10-20 11:48:11 --> Undefined array key 0
in APPPATH\Views\formularios\formularioLibro.php on line 33.
 1 APPPATH\Views\formularios\formularioLibro.php(33): CodeIgniter\Debug\Exceptions->errorHandler(2, 'Undefined array key 0', 'APPPATH\\Views\\formularios\\formularioLibro.php', 33)
 2 SYSTEMPATH\View\View.php(213): include('APPPATH\\Views\\formularios\\formularioLibro.php')
 3 SYSTEMPATH\View\View.php(216): CodeIgniter\View\View->CodeIgniter\View\{closure}()
 4 SYSTEMPATH\Common.php(1142): CodeIgniter\View\View->render('formularios/formularioLibro', [], true)
 5 APPPATH\Controllers\Home.php(599): view('formularios/formularioLibro', [...])
 6 SYSTEMPATH\CodeIgniter.php(904): App\Controllers\Home->editar_libro()
 7 SYSTEMPATH\CodeIgniter.php(457): CodeIgniter\CodeIgniter->runController(Object(App\Controllers\Home))
 8 SYSTEMPATH\CodeIgniter.php(340): CodeIgniter\CodeIgniter->handleRequest(null, Object(Config\Cache), false)
 9 FCPATH\index.php(67): CodeIgniter\CodeIgniter->run()
CRITICAL - 2022-10-20 11:48:18 --> Undefined array key 1
in APPPATH\Views\formularios\formularioLibro.php on line 33.
 1 APPPATH\Views\formularios\formularioLibro.php(33): CodeIgniter\Debug\Exceptions->errorHandler(2, 'Undefined array key 1', 'APPPATH\\Views\\formularios\\formularioLibro.php', 33)
 2 SYSTEMPATH\View\View.php(213): include('APPPATH\\Views\\formularios\\formularioLibro.php')
 3 SYSTEMPATH\View\View.php(216): CodeIgniter\View\View->CodeIgniter\View\{closure}()
 4 SYSTEMPATH\Common.php(1142): CodeIgniter\View\View->render('formularios/formularioLibro', [], true)
 5 APPPATH\Controllers\Home.php(599): view('formularios/formularioLibro', [...])
 6 SYSTEMPATH\CodeIgniter.php(904): App\Controllers\Home->editar_libro()
 7 SYSTEMPATH\CodeIgniter.php(457): CodeIgniter\CodeIgniter->runController(Object(App\Controllers\Home))
 8 SYSTEMPATH\CodeIgniter.php(340): CodeIgniter\CodeIgniter->handleRequest(null, Object(Config\Cache), false)
 9 FCPATH\index.php(67): CodeIgniter\CodeIgniter->run()
CRITICAL - 2022-10-20 11:48:22 --> Undefined array key "nombreLibro"
in APPPATH\Views\formularios\formularioLibro.php on line 33.
 1 APPPATH\Views\formularios\formularioLibro.php(33): CodeIgniter\Debug\Exceptions->errorHandler(2, 'Undefined array key "nombreLibro"', 'APPPATH\\Views\\formularios\\formularioLibro.php', 33)
 2 SYSTEMPATH\View\View.php(213): include('APPPATH\\Views\\formularios\\formularioLibro.php')
 3 SYSTEMPATH\View\View.php(216): CodeIgniter\View\View->CodeIgniter\View\{closure}()
 4 SYSTEMPATH\Common.php(1142): CodeIgniter\View\View->render('formularios/formularioLibro', [], true)
 5 APPPATH\Controllers\Home.php(599): view('formularios/formularioLibro', [...])
 6 SYSTEMPATH\CodeIgniter.php(904): App\Controllers\Home->editar_libro()
 7 SYSTEMPATH\CodeIgniter.php(457): CodeIgniter\CodeIgniter->runController(Object(App\Controllers\Home))
 8 SYSTEMPATH\CodeIgniter.php(340): CodeIgniter\CodeIgniter->handleRequest(null, Object(Config\Cache), false)
 9 FCPATH\index.php(67): CodeIgniter\CodeIgniter->run()
CRITICAL - 2022-10-20 11:48:30 --> Undefined array key "nombreLibro"
in APPPATH\Views\formularios\formularioLibro.php on line 33.
 1 APPPATH\Views\formularios\formularioLibro.php(33): CodeIgniter\Debug\Exceptions->errorHandler(2, 'Undefined array key "nombreLibro"', 'APPPATH\\Views\\formularios\\formularioLibro.php', 33)
 2 SYSTEMPATH\View\View.php(213): include('APPPATH\\Views\\formularios\\formularioLibro.php')
 3 SYSTEMPATH\View\View.php(216): CodeIgniter\View\View->CodeIgniter\View\{closure}()
 4 SYSTEMPATH\Common.php(1142): CodeIgniter\View\View->render('formularios/formularioLibro', [], true)
 5 APPPATH\Controllers\Home.php(599): view('formularios/formularioLibro', [...])
 6 SYSTEMPATH\CodeIgniter.php(904): App\Controllers\Home->editar_libro()
 7 SYSTEMPATH\CodeIgniter.php(457): CodeIgniter\CodeIgniter->runController(Object(App\Controllers\Home))
 8 SYSTEMPATH\CodeIgniter.php(340): CodeIgniter\CodeIgniter->handleRequest(null, Object(Config\Cache), false)
 9 FCPATH\index.php(67): CodeIgniter\CodeIgniter->run()
CRITICAL - 2022-10-20 11:50:43 --> syntax error, unexpected token "<"
in APPPATH\Views\formularios\formularioLibro.php on line 53.
 1 SYSTEMPATH\View\View.php(216): CodeIgniter\View\View->CodeIgniter\View\{closure}()
 2 SYSTEMPATH\Common.php(1142): CodeIgniter\View\View->render('formularios/formularioLibro', [], true)
 3 APPPATH\Controllers\Home.php(599): view('formularios/formularioLibro', [...])
 4 SYSTEMPATH\CodeIgniter.php(904): App\Controllers\Home->editar_libro()
 5 SYSTEMPATH\CodeIgniter.php(457): CodeIgniter\CodeIgniter->runController(Object(App\Controllers\Home))
 6 SYSTEMPATH\CodeIgniter.php(340): CodeIgniter\CodeIgniter->handleRequest(null, Object(Config\Cache), false)
 7 FCPATH\index.php(67): CodeIgniter\CodeIgniter->run()
CRITICAL - 2022-10-20 11:52:03 --> Undefined array key "nombreAutor"
in APPPATH\Views\formularios\formularioLibro.php on line 34.
 1 APPPATH\Views\formularios\formularioLibro.php(34): CodeIgniter\Debug\Exceptions->errorHandler(2, 'Undefined array key "nombreAutor"', 'APPPATH\\Views\\formularios\\formularioLibro.php', 34)
 2 SYSTEMPATH\View\View.php(213): include('APPPATH\\Views\\formularios\\formularioLibro.php')
 3 SYSTEMPATH\View\View.php(216): CodeIgniter\View\View->CodeIgniter\View\{closure}()
 4 SYSTEMPATH\Common.php(1142): CodeIgniter\View\View->render('formularios/formularioLibro', [], true)
 5 APPPATH\Controllers\Home.php(599): view('formularios/formularioLibro', [...])
 6 SYSTEMPATH\CodeIgniter.php(904): App\Controllers\Home->editar_libro()
 7 SYSTEMPATH\CodeIgniter.php(457): CodeIgniter\CodeIgniter->runController(Object(App\Controllers\Home))
 8 SYSTEMPATH\CodeIgniter.php(340): CodeIgniter\CodeIgniter->handleRequest(null, Object(Config\Cache), false)
 9 FCPATH\index.php(67): CodeIgniter\CodeIgniter->run()
CRITICAL - 2022-10-20 11:52:17 --> Undefined array key "nombreAutor"
in APPPATH\Views\formularios\formularioLibro.php on line 34.
 1 APPPATH\Views\formularios\formularioLibro.php(34): CodeIgniter\Debug\Exceptions->errorHandler(2, 'Undefined array key "nombreAutor"', 'APPPATH\\Views\\formularios\\formularioLibro.php', 34)
 2 SYSTEMPATH\View\View.php(213): include('APPPATH\\Views\\formularios\\formularioLibro.php')
 3 SYSTEMPATH\View\View.php(216): CodeIgniter\View\View->CodeIgniter\View\{closure}()
 4 SYSTEMPATH\Common.php(1142): CodeIgniter\View\View->render('formularios/formularioLibro', [], true)
 5 APPPATH\Controllers\Home.php(599): view('formularios/formularioLibro', [...])
 6 SYSTEMPATH\CodeIgniter.php(904): App\Controllers\Home->editar_libro()
 7 SYSTEMPATH\CodeIgniter.php(457): CodeIgniter\CodeIgniter->runController(Object(App\Controllers\Home))
 8 SYSTEMPATH\CodeIgniter.php(340): CodeIgniter\CodeIgniter->handleRequest(null, Object(Config\Cache), false)
 9 FCPATH\index.php(67): CodeIgniter\CodeIgniter->run()
CRITICAL - 2022-10-20 11:57:27 --> Undefined array key "nombreLibro"
in APPPATH\Views\formularios\formularioLibro.php on line 33.
 1 APPPATH\Views\formularios\formularioLibro.php(33): CodeIgniter\Debug\Exceptions->errorHandler(2, 'Undefined array key "nombreLibro"', 'APPPATH\\Views\\formularios\\formularioLibro.php', 33)
 2 SYSTEMPATH\View\View.php(213): include('APPPATH\\Views\\formularios\\formularioLibro.php')
 3 SYSTEMPATH\View\View.php(216): CodeIgniter\View\View->CodeIgniter\View\{closure}()
 4 SYSTEMPATH\Common.php(1142): CodeIgniter\View\View->render('formularios/formularioLibro', [], true)
 5 APPPATH\Controllers\Home.php(599): view('formularios/formularioLibro', [...])
 6 SYSTEMPATH\CodeIgniter.php(904): App\Controllers\Home->editar_libro()
 7 SYSTEMPATH\CodeIgniter.php(457): CodeIgniter\CodeIgniter->runController(Object(App\Controllers\Home))
 8 SYSTEMPATH\CodeIgniter.php(340): CodeIgniter\CodeIgniter->handleRequest(null, Object(Config\Cache), false)
 9 FCPATH\index.php(67): CodeIgniter\CodeIgniter->run()
ERROR - 2022-10-20 12:07:11 --> mysqli_sql_exception: Cannot add or update a child row: a foreign key constraint fails (`biblioteca`.`libro`, CONSTRAINT `FK_libro_autor` FOREIGN KEY (`autorID`) REFERENCES `autor` (`autorID`) ON DELETE NO ACTION ON UPDATE NO ACTION) in C:\xampp\htdocs\ProyectoTangananaEdition\system\Database\MySQLi\Connection.php:292
Stack trace:
#0 C:\xampp\htdocs\ProyectoTangananaEdition\system\Database\MySQLi\Connection.php(292): mysqli->query('INSERT INTO `li...', 0)
#1 C:\xampp\htdocs\ProyectoTangananaEdition\system\Database\BaseConnection.php(693): CodeIgniter\Database\MySQLi\Connection->execute('INSERT INTO `li...')
#2 C:\xampp\htdocs\ProyectoTangananaEdition\system\Database\BaseConnection.php(620): CodeIgniter\Database\BaseConnection->simpleQuery('INSERT INTO `li...')
#3 C:\xampp\htdocs\ProyectoTangananaEdition\system\Database\BaseBuilder.php(1916): CodeIgniter\Database\BaseConnection->query('INSERT INTO `li...', Array, false)
#4 C:\xampp\htdocs\ProyectoTangananaEdition\system\Model.php(279): CodeIgniter\Database\BaseBuilder->insert()
#5 C:\xampp\htdocs\ProyectoTangananaEdition\system\BaseModel.php(738): CodeIgniter\Model->doInsert(Array)
#6 C:\xampp\htdocs\ProyectoTangananaEdition\system\Model.php(667): CodeIgniter\BaseModel->insert(Array, true)
#7 C:\xampp\htdocs\ProyectoTangananaEdition\app\Controllers\Home.php(462): CodeIgniter\Model->insert(Array)
#8 C:\xampp\htdocs\ProyectoTangananaEdition\system\CodeIgniter.php(904): App\Controllers\Home->crear_libro()
#9 C:\xampp\htdocs\ProyectoTangananaEdition\system\CodeIgniter.php(457): CodeIgniter\CodeIgniter->runController(Object(App\Controllers\Home))
#10 C:\xampp\htdocs\ProyectoTangananaEdition\system\CodeIgniter.php(340): CodeIgniter\CodeIgniter->handleRequest(NULL, Object(Config\Cache), false)
#11 C:\xampp\htdocs\ProyectoTangananaEdition\index.php(67): CodeIgniter\CodeIgniter->run()
#12 {main}
CRITICAL - 2022-10-20 12:19:44 --> Class "libroModel" not found
in APPPATH\Views\formularios\formularioLibro.php on line 106.
 1 SYSTEMPATH\View\View.php(213): include()
 2 SYSTEMPATH\View\View.php(216): CodeIgniter\View\View->CodeIgniter\View\{closure}()
 3 SYSTEMPATH\Common.php(1142): CodeIgniter\View\View->render('formularios/formularioLibro', [], true)
 4 APPPATH\Controllers\Home.php(486): view('formularios/formularioLibro', [...])
 5 SYSTEMPATH\CodeIgniter.php(904): App\Controllers\Home->crear_libro()
 6 SYSTEMPATH\CodeIgniter.php(457): CodeIgniter\CodeIgniter->runController(Object(App\Controllers\Home))
 7 SYSTEMPATH\CodeIgniter.php(340): CodeIgniter\CodeIgniter->handleRequest(null, Object(Config\Cache), false)
 8 FCPATH\index.php(67): CodeIgniter\CodeIgniter->run()
ERROR - 2022-10-20 12:20:37 --> mysqli_sql_exception: Cannot add or update a child row: a foreign key constraint fails (`biblioteca`.`libro`, CONSTRAINT `FK_libro_autor` FOREIGN KEY (`autorID`) REFERENCES `autor` (`autorID`) ON DELETE NO ACTION ON UPDATE NO ACTION) in C:\xampp\htdocs\ProyectoTangananaEdition\system\Database\MySQLi\Connection.php:292
Stack trace:
#0 C:\xampp\htdocs\ProyectoTangananaEdition\system\Database\MySQLi\Connection.php(292): mysqli->query('INSERT INTO `li...', 0)
#1 C:\xampp\htdocs\ProyectoTangananaEdition\system\Database\BaseConnection.php(693): CodeIgniter\Database\MySQLi\Connection->execute('INSERT INTO `li...')
#2 C:\xampp\htdocs\ProyectoTangananaEdition\system\Database\BaseConnection.php(620): CodeIgniter\Database\BaseConnection->simpleQuery('INSERT INTO `li...')
#3 C:\xampp\htdocs\ProyectoTangananaEdition\system\Database\BaseBuilder.php(1916): CodeIgniter\Database\BaseConnection->query('INSERT INTO `li...', Array, false)
#4 C:\xampp\htdocs\ProyectoTangananaEdition\system\Model.php(279): CodeIgniter\Database\BaseBuilder->insert()
#5 C:\xampp\htdocs\ProyectoTangananaEdition\system\BaseModel.php(738): CodeIgniter\Model->doInsert(Array)
#6 C:\xampp\htdocs\ProyectoTangananaEdition\system\Model.php(667): CodeIgniter\BaseModel->insert(Array, true)
#7 C:\xampp\htdocs\ProyectoTangananaEdition\app\Controllers\Home.php(462): CodeIgniter\Model->insert(Array)
#8 C:\xampp\htdocs\ProyectoTangananaEdition\system\CodeIgniter.php(904): App\Controllers\Home->crear_libro()
#9 C:\xampp\htdocs\ProyectoTangananaEdition\system\CodeIgniter.php(457): CodeIgniter\CodeIgniter->runController(Object(App\Controllers\Home))
#10 C:\xampp\htdocs\ProyectoTangananaEdition\system\CodeIgniter.php(340): CodeIgniter\CodeIgniter->handleRequest(NULL, Object(Config\Cache), false)
#11 C:\xampp\htdocs\ProyectoTangananaEdition\index.php(67): CodeIgniter\CodeIgniter->run()
#12 {main}
ERROR - 2022-10-20 12:20:57 --> mysqli_sql_exception: Cannot add or update a child row: a foreign key constraint fails (`biblioteca`.`libro`, CONSTRAINT `FK_libro_autor` FOREIGN KEY (`autorID`) REFERENCES `autor` (`autorID`) ON DELETE NO ACTION ON UPDATE NO ACTION) in C:\xampp\htdocs\ProyectoTangananaEdition\system\Database\MySQLi\Connection.php:292
Stack trace:
#0 C:\xampp\htdocs\ProyectoTangananaEdition\system\Database\MySQLi\Connection.php(292): mysqli->query('INSERT INTO `li...', 0)
#1 C:\xampp\htdocs\ProyectoTangananaEdition\system\Database\BaseConnection.php(693): CodeIgniter\Database\MySQLi\Connection->execute('INSERT INTO `li...')
#2 C:\xampp\htdocs\ProyectoTangananaEdition\system\Database\BaseConnection.php(620): CodeIgniter\Database\BaseConnection->simpleQuery('INSERT INTO `li...')
#3 C:\xampp\htdocs\ProyectoTangananaEdition\system\Database\BaseBuilder.php(1916): CodeIgniter\Database\BaseConnection->query('INSERT INTO `li...', Array, false)
#4 C:\xampp\htdocs\ProyectoTangananaEdition\system\Model.php(279): CodeIgniter\Database\BaseBuilder->insert()
#5 C:\xampp\htdocs\ProyectoTangananaEdition\system\BaseModel.php(738): CodeIgniter\Model->doInsert(Array)
#6 C:\xampp\htdocs\ProyectoTangananaEdition\system\Model.php(667): CodeIgniter\BaseModel->insert(Array, true)
#7 C:\xampp\htdocs\ProyectoTangananaEdition\app\Controllers\Home.php(462): CodeIgniter\Model->insert(Array)
#8 C:\xampp\htdocs\ProyectoTangananaEdition\system\CodeIgniter.php(904): App\Controllers\Home->crear_libro()
#9 C:\xampp\htdocs\ProyectoTangananaEdition\system\CodeIgniter.php(457): CodeIgniter\CodeIgniter->runController(Object(App\Controllers\Home))
#10 C:\xampp\htdocs\ProyectoTangananaEdition\system\CodeIgniter.php(340): CodeIgniter\CodeIgniter->handleRequest(NULL, Object(Config\Cache), false)
#11 C:\xampp\htdocs\ProyectoTangananaEdition\index.php(67): CodeIgniter\CodeIgniter->run()
#12 {main}
ERROR - 2022-10-20 12:22:11 --> mysqli_sql_exception: Cannot add or update a child row: a foreign key constraint fails (`biblioteca`.`libro`, CONSTRAINT `FK_libro_autor` FOREIGN KEY (`autorID`) REFERENCES `autor` (`autorID`) ON DELETE NO ACTION ON UPDATE NO ACTION) in C:\xampp\htdocs\ProyectoTangananaEdition\system\Database\MySQLi\Connection.php:292
Stack trace:
#0 C:\xampp\htdocs\ProyectoTangananaEdition\system\Database\MySQLi\Connection.php(292): mysqli->query('INSERT INTO `li...', 0)
#1 C:\xampp\htdocs\ProyectoTangananaEdition\system\Database\BaseConnection.php(693): CodeIgniter\Database\MySQLi\Connection->execute('INSERT INTO `li...')
#2 C:\xampp\htdocs\ProyectoTangananaEdition\system\Database\BaseConnection.php(620): CodeIgniter\Database\BaseConnection->simpleQuery('INSERT INTO `li...')
#3 C:\xampp\htdocs\ProyectoTangananaEdition\system\Database\BaseBuilder.php(1916): CodeIgniter\Database\BaseConnection->query('INSERT INTO `li...', Array, false)
#4 C:\xampp\htdocs\ProyectoTangananaEdition\system\Model.php(279): CodeIgniter\Database\BaseBuilder->insert()
#5 C:\xampp\htdocs\ProyectoTangananaEdition\system\BaseModel.php(738): CodeIgniter\Model->doInsert(Array)
#6 C:\xampp\htdocs\ProyectoTangananaEdition\system\Model.php(667): CodeIgniter\BaseModel->insert(Array, true)
#7 C:\xampp\htdocs\ProyectoTangananaEdition\app\Controllers\Home.php(462): CodeIgniter\Model->insert(Array)
#8 C:\xampp\htdocs\ProyectoTangananaEdition\system\CodeIgniter.php(904): App\Controllers\Home->crear_libro()
#9 C:\xampp\htdocs\ProyectoTangananaEdition\system\CodeIgniter.php(457): CodeIgniter\CodeIgniter->runController(Object(App\Controllers\Home))
#10 C:\xampp\htdocs\ProyectoTangananaEdition\system\CodeIgniter.php(340): CodeIgniter\CodeIgniter->handleRequest(NULL, Object(Config\Cache), false)
#11 C:\xampp\htdocs\ProyectoTangananaEdition\index.php(67): CodeIgniter\CodeIgniter->run()
#12 {main}
CRITICAL - 2022-10-20 12:23:58 --> syntax error, unexpected token "<", expecting end of file
in APPPATH\Views\paginas\agregarLibro.php on line 46.
 1 SYSTEMPATH\View\View.php(216): CodeIgniter\View\View->CodeIgniter\View\{closure}()
 2 SYSTEMPATH\Common.php(1142): CodeIgniter\View\View->render('paginas/agregarLibro', [], true)
 3 APPPATH\Controllers\Home.php(405): view('paginas/agregarLibro', [...])
 4 SYSTEMPATH\CodeIgniter.php(904): App\Controllers\Home->ver_libro()
 5 SYSTEMPATH\CodeIgniter.php(457): CodeIgniter\CodeIgniter->runController(Object(App\Controllers\Home))
 6 SYSTEMPATH\CodeIgniter.php(340): CodeIgniter\CodeIgniter->handleRequest(null, Object(Config\Cache), false)
 7 FCPATH\index.php(67): CodeIgniter\CodeIgniter->run()
CRITICAL - 2022-10-20 12:24:52 --> Unmatched '}'
in APPPATH\Views\paginas\agregarLibro.php on line 49.
 1 SYSTEMPATH\View\View.php(216): CodeIgniter\View\View->CodeIgniter\View\{closure}()
 2 SYSTEMPATH\Common.php(1142): CodeIgniter\View\View->render('paginas/agregarLibro', [], true)
 3 APPPATH\Controllers\Home.php(405): view('paginas/agregarLibro', [...])
 4 SYSTEMPATH\CodeIgniter.php(904): App\Controllers\Home->ver_libro()
 5 SYSTEMPATH\CodeIgniter.php(457): CodeIgniter\CodeIgniter->runController(Object(App\Controllers\Home))
 6 SYSTEMPATH\CodeIgniter.php(340): CodeIgniter\CodeIgniter->handleRequest(null, Object(Config\Cache), false)
 7 FCPATH\index.php(67): CodeIgniter\CodeIgniter->run()
CRITICAL - 2022-10-20 12:24:54 --> Unmatched '}'
in APPPATH\Views\paginas\agregarLibro.php on line 49.
 1 SYSTEMPATH\View\View.php(216): CodeIgniter\View\View->CodeIgniter\View\{closure}()
 2 SYSTEMPATH\Common.php(1142): CodeIgniter\View\View->render('paginas/agregarLibro', [], true)
 3 APPPATH\Controllers\Home.php(405): view('paginas/agregarLibro', [...])
 4 SYSTEMPATH\CodeIgniter.php(904): App\Controllers\Home->ver_libro()
 5 SYSTEMPATH\CodeIgniter.php(457): CodeIgniter\CodeIgniter->runController(Object(App\Controllers\Home))
 6 SYSTEMPATH\CodeIgniter.php(340): CodeIgniter\CodeIgniter->handleRequest(null, Object(Config\Cache), false)
 7 FCPATH\index.php(67): CodeIgniter\CodeIgniter->run()
CRITICAL - 2022-10-20 12:25:07 --> Undefined constant "estadoLog"
in APPPATH\Views\paginas\agregarLibro.php on line 46.
 1 SYSTEMPATH\View\View.php(213): include()
 2 SYSTEMPATH\View\View.php(216): CodeIgniter\View\View->CodeIgniter\View\{closure}()
 3 SYSTEMPATH\Common.php(1142): CodeIgniter\View\View->render('paginas/agregarLibro', [], true)
 4 APPPATH\Controllers\Home.php(405): view('paginas/agregarLibro', [...])
 5 SYSTEMPATH\CodeIgniter.php(904): App\Controllers\Home->ver_libro()
 6 SYSTEMPATH\CodeIgniter.php(457): CodeIgniter\CodeIgniter->runController(Object(App\Controllers\Home))
 7 SYSTEMPATH\CodeIgniter.php(340): CodeIgniter\CodeIgniter->handleRequest(null, Object(Config\Cache), false)
 8 FCPATH\index.php(67): CodeIgniter\CodeIgniter->run()
