CRITICAL - 2022-11-05 09:41:14 --> Invalid file: formularios/formularioLibro.php
in SYSTEMPATH\Exceptions\FrameworkException.php on line 33.
 1 SYSTEMPATH\View\View.php(201): CodeIgniter\Exceptions\FrameworkException::forInvalidFile('formularios/formularioLibro.php')
 2 SYSTEMPATH\Common.php(1142): CodeIgniter\View\View->render('formularios/formularioLibro', [], true)
 3 APPPATH\Controllers\Home.php(443): view('formularios/formularioLibro', [...])
 4 SYSTEMPATH\CodeIgniter.php(904): App\Controllers\Home->agregar_libro()
 5 SYSTEMPATH\CodeIgniter.php(457): CodeIgniter\CodeIgniter->runController(Object(App\Controllers\Home))
 6 SYSTEMPATH\CodeIgniter.php(340): CodeIgniter\CodeIgniter->handleRequest(null, Object(Config\Cache), false)
 7 FCPATH\index.php(67): CodeIgniter\CodeIgniter->run()
CRITICAL - 2022-11-05 09:41:29 --> Invalid file: formularios/formularioLibro.php
in SYSTEMPATH\Exceptions\FrameworkException.php on line 33.
 1 SYSTEMPATH\View\View.php(201): CodeIgniter\Exceptions\FrameworkException::forInvalidFile('formularios/formularioLibro.php')
 2 SYSTEMPATH\Common.php(1142): CodeIgniter\View\View->render('formularios/formularioLibro', [], true)
 3 APPPATH\Controllers\Home.php(443): view('formularios/formularioLibro', [...])
 4 SYSTEMPATH\CodeIgniter.php(904): App\Controllers\Home->agregar_libro()
 5 SYSTEMPATH\CodeIgniter.php(457): CodeIgniter\CodeIgniter->runController(Object(App\Controllers\Home))
 6 SYSTEMPATH\CodeIgniter.php(340): CodeIgniter\CodeIgniter->handleRequest(null, Object(Config\Cache), false)
 7 FCPATH\index.php(67): CodeIgniter\CodeIgniter->run()
CRITICAL - 2022-11-05 09:42:24 --> Undefined variable $aux
in APPPATH\Views\formularios\formularioLibro.php on line 55.
 1 APPPATH\Views\formularios\formularioLibro.php(55): CodeIgniter\Debug\Exceptions->errorHandler(2, 'Undefined variable $aux', 'APPPATH\\Views\\formularios\\formularioLibro.php', 55)
 2 SYSTEMPATH\View\View.php(213): include('APPPATH\\Views\\formularios\\formularioLibro.php')
 3 SYSTEMPATH\View\View.php(216): CodeIgniter\View\View->CodeIgniter\View\{closure}()
 4 SYSTEMPATH\Common.php(1142): CodeIgniter\View\View->render('formularios/formularioLibro', [], true)
 5 APPPATH\Controllers\Home.php(443): view('formularios/formularioLibro', [...])
 6 SYSTEMPATH\CodeIgniter.php(904): App\Controllers\Home->agregar_libro()
 7 SYSTEMPATH\CodeIgniter.php(457): CodeIgniter\CodeIgniter->runController(Object(App\Controllers\Home))
 8 SYSTEMPATH\CodeIgniter.php(340): CodeIgniter\CodeIgniter->handleRequest(null, Object(Config\Cache), false)
 9 FCPATH\index.php(67): CodeIgniter\CodeIgniter->run()
CRITICAL - 2022-11-05 10:11:39 --> syntax error, unexpected token ";", expecting ")"
in APPPATH\Views\paginas\newindex.php on line 51.
 1 SYSTEMPATH\View\View.php(216): CodeIgniter\View\View->CodeIgniter\View\{closure}()
 2 SYSTEMPATH\Common.php(1142): CodeIgniter\View\View->render('paginas/newindex', [], true)
 3 APPPATH\Controllers\ProfileController.php(25): view('paginas/newindex', [...])
 4 SYSTEMPATH\CodeIgniter.php(904): App\Controllers\ProfileController->index()
 5 SYSTEMPATH\CodeIgniter.php(457): CodeIgniter\CodeIgniter->runController(Object(App\Controllers\ProfileController))
 6 SYSTEMPATH\CodeIgniter.php(340): CodeIgniter\CodeIgniter->handleRequest(null, Object(Config\Cache), false)
 7 FCPATH\index.php(67): CodeIgniter\CodeIgniter->run()
CRITICAL - 2022-11-05 10:13:25 --> syntax error, unexpected identifier "base_url", expecting ":"
in APPPATH\Views\paginas\newindex.php on line 51.
 1 SYSTEMPATH\View\View.php(216): CodeIgniter\View\View->CodeIgniter\View\{closure}()
 2 SYSTEMPATH\Common.php(1142): CodeIgniter\View\View->render('paginas/newindex', [], true)
 3 APPPATH\Controllers\ProfileController.php(25): view('paginas/newindex', [...])
 4 SYSTEMPATH\CodeIgniter.php(904): App\Controllers\ProfileController->index()
 5 SYSTEMPATH\CodeIgniter.php(457): CodeIgniter\CodeIgniter->runController(Object(App\Controllers\ProfileController))
 6 SYSTEMPATH\CodeIgniter.php(340): CodeIgniter\CodeIgniter->handleRequest(null, Object(Config\Cache), false)
 7 FCPATH\index.php(67): CodeIgniter\CodeIgniter->run()
CRITICAL - 2022-11-05 10:14:38 --> print_r() expects at least 1 argument, 0 given
in APPPATH\Views\paginas\newindex.php on line 51.
 1 APPPATH\Views\paginas\newindex.php(51): print_r()
 2 SYSTEMPATH\View\View.php(213): include('APPPATH\\Views\\paginas\\newindex.php')
 3 SYSTEMPATH\View\View.php(216): CodeIgniter\View\View->CodeIgniter\View\{closure}()
 4 SYSTEMPATH\Common.php(1142): CodeIgniter\View\View->render('paginas/newindex', [], true)
 5 APPPATH\Controllers\ProfileController.php(25): view('paginas/newindex', [...])
 6 SYSTEMPATH\CodeIgniter.php(904): App\Controllers\ProfileController->index()
 7 SYSTEMPATH\CodeIgniter.php(457): CodeIgniter\CodeIgniter->runController(Object(App\Controllers\ProfileController))
 8 SYSTEMPATH\CodeIgniter.php(340): CodeIgniter\CodeIgniter->handleRequest(null, Object(Config\Cache), false)
 9 FCPATH\index.php(67): CodeIgniter\CodeIgniter->run()
CRITICAL - 2022-11-05 10:14:57 --> print_r() expects at least 1 argument, 0 given
in APPPATH\Views\paginas\newindex.php on line 51.
 1 APPPATH\Views\paginas\newindex.php(51): print_r()
 2 SYSTEMPATH\View\View.php(213): include('APPPATH\\Views\\paginas\\newindex.php')
 3 SYSTEMPATH\View\View.php(216): CodeIgniter\View\View->CodeIgniter\View\{closure}()
 4 SYSTEMPATH\Common.php(1142): CodeIgniter\View\View->render('paginas/newindex', [], true)
 5 APPPATH\Controllers\ProfileController.php(25): view('paginas/newindex', [...])
 6 SYSTEMPATH\CodeIgniter.php(904): App\Controllers\ProfileController->index()
 7 SYSTEMPATH\CodeIgniter.php(457): CodeIgniter\CodeIgniter->runController(Object(App\Controllers\ProfileController))
 8 SYSTEMPATH\CodeIgniter.php(340): CodeIgniter\CodeIgniter->handleRequest(null, Object(Config\Cache), false)
 9 FCPATH\index.php(67): CodeIgniter\CodeIgniter->run()
CRITICAL - 2022-11-05 10:15:25 --> Undefined constant "jpg"
in APPPATH\Views\paginas\newindex.php on line 52.
 1 SYSTEMPATH\View\View.php(213): include()
 2 SYSTEMPATH\View\View.php(216): CodeIgniter\View\View->CodeIgniter\View\{closure}()
 3 SYSTEMPATH\Common.php(1142): CodeIgniter\View\View->render('paginas/newindex', [], true)
 4 APPPATH\Controllers\ProfileController.php(25): view('paginas/newindex', [...])
 5 SYSTEMPATH\CodeIgniter.php(904): App\Controllers\ProfileController->index()
 6 SYSTEMPATH\CodeIgniter.php(457): CodeIgniter\CodeIgniter->runController(Object(App\Controllers\ProfileController))
 7 SYSTEMPATH\CodeIgniter.php(340): CodeIgniter\CodeIgniter->handleRequest(null, Object(Config\Cache), false)
 8 FCPATH\index.php(67): CodeIgniter\CodeIgniter->run()
CRITICAL - 2022-11-05 10:19:39 --> syntax error, unexpected variable "$nombre", expecting ")"
in APPPATH\Views\paginas\newindex.php on line 52.
 1 SYSTEMPATH\View\View.php(216): CodeIgniter\View\View->CodeIgniter\View\{closure}()
 2 SYSTEMPATH\Common.php(1142): CodeIgniter\View\View->render('paginas/newindex', [], true)
 3 APPPATH\Controllers\ProfileController.php(25): view('paginas/newindex', [...])
 4 SYSTEMPATH\CodeIgniter.php(904): App\Controllers\ProfileController->index()
 5 SYSTEMPATH\CodeIgniter.php(457): CodeIgniter\CodeIgniter->runController(Object(App\Controllers\ProfileController))
 6 SYSTEMPATH\CodeIgniter.php(340): CodeIgniter\CodeIgniter->handleRequest(null, Object(Config\Cache), false)
 7 FCPATH\index.php(67): CodeIgniter\CodeIgniter->run()
CRITICAL - 2022-11-05 10:20:03 --> syntax error, unexpected variable "$nombre", expecting ")"
in APPPATH\Views\paginas\newindex.php on line 52.
 1 SYSTEMPATH\View\View.php(216): CodeIgniter\View\View->CodeIgniter\View\{closure}()
 2 SYSTEMPATH\Common.php(1142): CodeIgniter\View\View->render('paginas/newindex', [], true)
 3 APPPATH\Controllers\ProfileController.php(25): view('paginas/newindex', [...])
 4 SYSTEMPATH\CodeIgniter.php(904): App\Controllers\ProfileController->index()
 5 SYSTEMPATH\CodeIgniter.php(457): CodeIgniter\CodeIgniter->runController(Object(App\Controllers\ProfileController))
 6 SYSTEMPATH\CodeIgniter.php(340): CodeIgniter\CodeIgniter->handleRequest(null, Object(Config\Cache), false)
 7 FCPATH\index.php(67): CodeIgniter\CodeIgniter->run()
CRITICAL - 2022-11-05 10:21:50 --> syntax error, unexpected token ";"
in APPPATH\Views\paginas\newindex.php on line 53.
 1 SYSTEMPATH\View\View.php(216): CodeIgniter\View\View->CodeIgniter\View\{closure}()
 2 SYSTEMPATH\Common.php(1142): CodeIgniter\View\View->render('paginas/newindex', [], true)
 3 APPPATH\Controllers\ProfileController.php(25): view('paginas/newindex', [...])
 4 SYSTEMPATH\CodeIgniter.php(904): App\Controllers\ProfileController->index()
 5 SYSTEMPATH\CodeIgniter.php(457): CodeIgniter\CodeIgniter->runController(Object(App\Controllers\ProfileController))
 6 SYSTEMPATH\CodeIgniter.php(340): CodeIgniter\CodeIgniter->handleRequest(null, Object(Config\Cache), false)
 7 FCPATH\index.php(67): CodeIgniter\CodeIgniter->run()
CRITICAL - 2022-11-05 10:22:09 --> syntax error, unexpected token ";"
in APPPATH\Views\paginas\newindex.php on line 53.
 1 SYSTEMPATH\View\View.php(216): CodeIgniter\View\View->CodeIgniter\View\{closure}()
 2 SYSTEMPATH\Common.php(1142): CodeIgniter\View\View->render('paginas/newindex', [], true)
 3 APPPATH\Controllers\ProfileController.php(25): view('paginas/newindex', [...])
 4 SYSTEMPATH\CodeIgniter.php(904): App\Controllers\ProfileController->index()
 5 SYSTEMPATH\CodeIgniter.php(457): CodeIgniter\CodeIgniter->runController(Object(App\Controllers\ProfileController))
 6 SYSTEMPATH\CodeIgniter.php(340): CodeIgniter\CodeIgniter->handleRequest(null, Object(Config\Cache), false)
 7 FCPATH\index.php(67): CodeIgniter\CodeIgniter->run()
CRITICAL - 2022-11-05 10:22:57 --> syntax error, unexpected token ";", expecting ")"
in APPPATH\Views\paginas\newindex.php on line 52.
 1 SYSTEMPATH\View\View.php(216): CodeIgniter\View\View->CodeIgniter\View\{closure}()
 2 SYSTEMPATH\Common.php(1142): CodeIgniter\View\View->render('paginas/newindex', [], true)
 3 APPPATH\Controllers\ProfileController.php(25): view('paginas/newindex', [...])
 4 SYSTEMPATH\CodeIgniter.php(904): App\Controllers\ProfileController->index()
 5 SYSTEMPATH\CodeIgniter.php(457): CodeIgniter\CodeIgniter->runController(Object(App\Controllers\ProfileController))
 6 SYSTEMPATH\CodeIgniter.php(340): CodeIgniter\CodeIgniter->handleRequest(null, Object(Config\Cache), false)
 7 FCPATH\index.php(67): CodeIgniter\CodeIgniter->run()
CRITICAL - 2022-11-05 10:23:18 --> syntax error, unexpected token ";", expecting ")"
in APPPATH\Views\paginas\newindex.php on line 52.
 1 SYSTEMPATH\View\View.php(216): CodeIgniter\View\View->CodeIgniter\View\{closure}()
 2 SYSTEMPATH\Common.php(1142): CodeIgniter\View\View->render('paginas/newindex', [], true)
 3 APPPATH\Controllers\ProfileController.php(25): view('paginas/newindex', [...])
 4 SYSTEMPATH\CodeIgniter.php(904): App\Controllers\ProfileController->index()
 5 SYSTEMPATH\CodeIgniter.php(457): CodeIgniter\CodeIgniter->runController(Object(App\Controllers\ProfileController))
 6 SYSTEMPATH\CodeIgniter.php(340): CodeIgniter\CodeIgniter->handleRequest(null, Object(Config\Cache), false)
 7 FCPATH\index.php(67): CodeIgniter\CodeIgniter->run()
CRITICAL - 2022-11-05 10:24:55 --> syntax error, unexpected identifier "base_url", expecting ":"
in APPPATH\Views\paginas\newindex.php on line 52.
 1 SYSTEMPATH\View\View.php(216): CodeIgniter\View\View->CodeIgniter\View\{closure}()
 2 SYSTEMPATH\Common.php(1142): CodeIgniter\View\View->render('paginas/newindex', [], true)
 3 APPPATH\Controllers\ProfileController.php(25): view('paginas/newindex', [...])
 4 SYSTEMPATH\CodeIgniter.php(904): App\Controllers\ProfileController->index()
 5 SYSTEMPATH\CodeIgniter.php(457): CodeIgniter\CodeIgniter->runController(Object(App\Controllers\ProfileController))
 6 SYSTEMPATH\CodeIgniter.php(340): CodeIgniter\CodeIgniter->handleRequest(null, Object(Config\Cache), false)
 7 FCPATH\index.php(67): CodeIgniter\CodeIgniter->run()
CRITICAL - 2022-11-05 10:25:25 --> syntax error, unexpected identifier "base_url", expecting ":"
in APPPATH\Views\paginas\newindex.php on line 52.
 1 SYSTEMPATH\View\View.php(216): CodeIgniter\View\View->CodeIgniter\View\{closure}()
 2 SYSTEMPATH\Common.php(1142): CodeIgniter\View\View->render('paginas/newindex', [], true)
 3 APPPATH\Controllers\ProfileController.php(25): view('paginas/newindex', [...])
 4 SYSTEMPATH\CodeIgniter.php(904): App\Controllers\ProfileController->index()
 5 SYSTEMPATH\CodeIgniter.php(457): CodeIgniter\CodeIgniter->runController(Object(App\Controllers\ProfileController))
 6 SYSTEMPATH\CodeIgniter.php(340): CodeIgniter\CodeIgniter->handleRequest(null, Object(Config\Cache), false)
 7 FCPATH\index.php(67): CodeIgniter\CodeIgniter->run()
CRITICAL - 2022-11-05 10:25:56 --> syntax error, unexpected token ";"
in APPPATH\Views\paginas\newindex.php on line 53.
 1 SYSTEMPATH\View\View.php(216): CodeIgniter\View\View->CodeIgniter\View\{closure}()
 2 SYSTEMPATH\Common.php(1142): CodeIgniter\View\View->render('paginas/newindex', [], true)
 3 APPPATH\Controllers\ProfileController.php(25): view('paginas/newindex', [...])
 4 SYSTEMPATH\CodeIgniter.php(904): App\Controllers\ProfileController->index()
 5 SYSTEMPATH\CodeIgniter.php(457): CodeIgniter\CodeIgniter->runController(Object(App\Controllers\ProfileController))
 6 SYSTEMPATH\CodeIgniter.php(340): CodeIgniter\CodeIgniter->handleRequest(null, Object(Config\Cache), false)
 7 FCPATH\index.php(67): CodeIgniter\CodeIgniter->run()
CRITICAL - 2022-11-05 10:26:00 --> syntax error, unexpected token ")"
in APPPATH\Views\paginas\newindex.php on line 53.
 1 SYSTEMPATH\View\View.php(216): CodeIgniter\View\View->CodeIgniter\View\{closure}()
 2 SYSTEMPATH\Common.php(1142): CodeIgniter\View\View->render('paginas/newindex', [], true)
 3 APPPATH\Controllers\ProfileController.php(25): view('paginas/newindex', [...])
 4 SYSTEMPATH\CodeIgniter.php(904): App\Controllers\ProfileController->index()
 5 SYSTEMPATH\CodeIgniter.php(457): CodeIgniter\CodeIgniter->runController(Object(App\Controllers\ProfileController))
 6 SYSTEMPATH\CodeIgniter.php(340): CodeIgniter\CodeIgniter->handleRequest(null, Object(Config\Cache), false)
 7 FCPATH\index.php(67): CodeIgniter\CodeIgniter->run()
CRITICAL - 2022-11-05 10:45:52 --> syntax error, unexpected double-quoted string "---", expecting "," or ";"
in APPPATH\Views\paginas\newindex.php on line 38.
 1 SYSTEMPATH\View\View.php(216): CodeIgniter\View\View->CodeIgniter\View\{closure}()
 2 SYSTEMPATH\Common.php(1142): CodeIgniter\View\View->render('paginas/newindex', [], true)
 3 APPPATH\Controllers\Home.php(56): view('paginas/newindex', [...])
 4 SYSTEMPATH\CodeIgniter.php(904): App\Controllers\Home->index()
 5 SYSTEMPATH\CodeIgniter.php(457): CodeIgniter\CodeIgniter->runController(Object(App\Controllers\Home))
 6 SYSTEMPATH\CodeIgniter.php(340): CodeIgniter\CodeIgniter->handleRequest(null, Object(Config\Cache), false)
 7 FCPATH\index.php(67): CodeIgniter\CodeIgniter->run()
CRITICAL - 2022-11-05 10:46:30 --> syntax error, unexpected variable "$session", expecting "," or ";"
in APPPATH\Views\paginas\newindex.php on line 38.
 1 SYSTEMPATH\View\View.php(216): CodeIgniter\View\View->CodeIgniter\View\{closure}()
 2 SYSTEMPATH\Common.php(1142): CodeIgniter\View\View->render('paginas/newindex', [], true)
 3 APPPATH\Controllers\Home.php(56): view('paginas/newindex', [...])
 4 SYSTEMPATH\CodeIgniter.php(904): App\Controllers\Home->index()
 5 SYSTEMPATH\CodeIgniter.php(457): CodeIgniter\CodeIgniter->runController(Object(App\Controllers\Home))
 6 SYSTEMPATH\CodeIgniter.php(340): CodeIgniter\CodeIgniter->handleRequest(null, Object(Config\Cache), false)
 7 FCPATH\index.php(67): CodeIgniter\CodeIgniter->run()
CRITICAL - 2022-11-05 10:46:38 --> syntax error, unexpected token ";"
in APPPATH\Views\paginas\newindex.php on line 54.
 1 SYSTEMPATH\View\View.php(216): CodeIgniter\View\View->CodeIgniter\View\{closure}()
 2 SYSTEMPATH\Common.php(1142): CodeIgniter\View\View->render('paginas/newindex', [], true)
 3 APPPATH\Controllers\Home.php(56): view('paginas/newindex', [...])
 4 SYSTEMPATH\CodeIgniter.php(904): App\Controllers\Home->index()
 5 SYSTEMPATH\CodeIgniter.php(457): CodeIgniter\CodeIgniter->runController(Object(App\Controllers\Home))
 6 SYSTEMPATH\CodeIgniter.php(340): CodeIgniter\CodeIgniter->handleRequest(null, Object(Config\Cache), false)
 7 FCPATH\index.php(67): CodeIgniter\CodeIgniter->run()
CRITICAL - 2022-11-05 10:54:47 --> Unclosed '{' on line 61
in APPPATH\Views\paginas\newnavbar.php on line 463.
 1 SYSTEMPATH\View\View.php(216): CodeIgniter\View\View->CodeIgniter\View\{closure}()
 2 SYSTEMPATH\Common.php(1142): CodeIgniter\View\View->render('paginas/newnavbar', [], true)
 3 APPPATH\Controllers\ProfileController.php(24): view('paginas/newnavbar')
 4 SYSTEMPATH\CodeIgniter.php(904): App\Controllers\ProfileController->index()
 5 SYSTEMPATH\CodeIgniter.php(457): CodeIgniter\CodeIgniter->runController(Object(App\Controllers\ProfileController))
 6 SYSTEMPATH\CodeIgniter.php(340): CodeIgniter\CodeIgniter->handleRequest(null, Object(Config\Cache), false)
 7 FCPATH\index.php(67): CodeIgniter\CodeIgniter->run()
