CRITICAL - 2022-10-04 11:38:54 --> session_destroy(): Trying to destroy uninitialized session
in APPPATH\Controllers\Home.php on line 322.
 1 [internal function]: CodeIgniter\Debug\Exceptions->errorHandler(2, 'session_destroy(): Trying to destroy uninitialized session', 'APPPATH\\Controllers\\Home.php', 322)
 2 APPPATH\Controllers\Home.php(322): session_destroy()
 3 SYSTEMPATH\CodeIgniter.php(904): App\Controllers\Home->logout()
 4 SYSTEMPATH\CodeIgniter.php(457): CodeIgniter\CodeIgniter->runController(Object(App\Controllers\Home))
 5 SYSTEMPATH\CodeIgniter.php(340): CodeIgniter\CodeIgniter->handleRequest(null, Object(Config\Cache), false)
 6 FCPATH\index.php(67): CodeIgniter\CodeIgniter->run()
CRITICAL - 2022-10-04 11:50:05 --> syntax error, unexpected token "==="
in APPPATH\Controllers\Home.php on line 190.
 1 SYSTEMPATH\Router\Router.php(499): CodeIgniter\Router\AutoRouter->getRoute('Home/agregar_autor')
 2 SYSTEMPATH\Router\Router.php(205): CodeIgniter\Router\Router->autoRoute('Home/agregar_autor')
 3 SYSTEMPATH\CodeIgniter.php(779): CodeIgniter\Router\Router->handle('Home/agregar_autor')
 4 SYSTEMPATH\CodeIgniter.php(406): CodeIgniter\CodeIgniter->tryToRouteIt(Object(CodeIgniter\Router\RouteCollection))
 5 SYSTEMPATH\CodeIgniter.php(340): CodeIgniter\CodeIgniter->handleRequest(null, Object(Config\Cache), false)
 6 FCPATH\index.php(67): CodeIgniter\CodeIgniter->run()
CRITICAL - 2022-10-04 11:50:37 --> syntax error, unexpected token "=="
in APPPATH\Controllers\Home.php on line 190.
 1 SYSTEMPATH\Router\Router.php(499): CodeIgniter\Router\AutoRouter->getRoute('Home/agregar_autor')
 2 SYSTEMPATH\Router\Router.php(205): CodeIgniter\Router\Router->autoRoute('Home/agregar_autor')
 3 SYSTEMPATH\CodeIgniter.php(779): CodeIgniter\Router\Router->handle('Home/agregar_autor')
 4 SYSTEMPATH\CodeIgniter.php(406): CodeIgniter\CodeIgniter->tryToRouteIt(Object(CodeIgniter\Router\RouteCollection))
 5 SYSTEMPATH\CodeIgniter.php(340): CodeIgniter\CodeIgniter->handleRequest(null, Object(Config\Cache), false)
 6 FCPATH\index.php(67): CodeIgniter\CodeIgniter->run()
CRITICAL - 2022-10-04 11:50:44 --> syntax error, unexpected token "="
in APPPATH\Controllers\Home.php on line 190.
 1 SYSTEMPATH\Router\Router.php(499): CodeIgniter\Router\AutoRouter->getRoute('Home/agregar_autor')
 2 SYSTEMPATH\Router\Router.php(205): CodeIgniter\Router\Router->autoRoute('Home/agregar_autor')
 3 SYSTEMPATH\CodeIgniter.php(779): CodeIgniter\Router\Router->handle('Home/agregar_autor')
 4 SYSTEMPATH\CodeIgniter.php(406): CodeIgniter\CodeIgniter->tryToRouteIt(Object(CodeIgniter\Router\RouteCollection))
 5 SYSTEMPATH\CodeIgniter.php(340): CodeIgniter\CodeIgniter->handleRequest(null, Object(Config\Cache), false)
 6 FCPATH\index.php(67): CodeIgniter\CodeIgniter->run()
CRITICAL - 2022-10-04 11:50:57 --> syntax error, unexpected token "==="
in APPPATH\Controllers\Home.php on line 190.
 1 SYSTEMPATH\Router\Router.php(499): CodeIgniter\Router\AutoRouter->getRoute('Home/agregar_autor')
 2 SYSTEMPATH\Router\Router.php(205): CodeIgniter\Router\Router->autoRoute('Home/agregar_autor')
 3 SYSTEMPATH\CodeIgniter.php(779): CodeIgniter\Router\Router->handle('Home/agregar_autor')
 4 SYSTEMPATH\CodeIgniter.php(406): CodeIgniter\CodeIgniter->tryToRouteIt(Object(CodeIgniter\Router\RouteCollection))
 5 SYSTEMPATH\CodeIgniter.php(340): CodeIgniter\CodeIgniter->handleRequest(null, Object(Config\Cache), false)
 6 FCPATH\index.php(67): CodeIgniter\CodeIgniter->run()
CRITICAL - 2022-10-04 11:51:15 --> syntax error, unexpected token ";", expecting "]"
in APPPATH\Models\autorModel.php on line 34.
 1 SYSTEMPATH\Autoloader\Autoloader.php(259): CodeIgniter\Autoloader\Autoloader->includeFile('APPPATH\\Models\\autorModel.php')
 2 SYSTEMPATH\Autoloader\Autoloader.php(237): CodeIgniter\Autoloader\Autoloader->loadInNamespace('App\\Models\\autorModel')
 3 APPPATH\Controllers\Home.php(171): CodeIgniter\Autoloader\Autoloader->loadClass('App\\Models\\autorModel')
 4 SYSTEMPATH\CodeIgniter.php(904): App\Controllers\Home->agregar_autor()
 5 SYSTEMPATH\CodeIgniter.php(457): CodeIgniter\CodeIgniter->runController(Object(App\Controllers\Home))
 6 SYSTEMPATH\CodeIgniter.php(340): CodeIgniter\CodeIgniter->handleRequest(null, Object(Config\Cache), false)
 7 FCPATH\index.php(67): CodeIgniter\CodeIgniter->run()
CRITICAL - 2022-10-04 11:52:28 --> Cannot redeclare App\Models\autorModel::$validationRules
in APPPATH\Models\autorModel.php on line 27.
 1 [internal function]: CodeIgniter\Debug\Exceptions->shutdownHandler()
CRITICAL - 2022-10-04 11:55:15 --> Undefined variable $listaAutor
in APPPATH\Views\paginas\agregarAutor.php on line 45.
 1 APPPATH\Views\paginas\agregarAutor.php(45): CodeIgniter\Debug\Exceptions->errorHandler(2, 'Undefined variable $listaAutor', 'APPPATH\\Views\\paginas\\agregarAutor.php', 45)
 2 SYSTEMPATH\View\View.php(213): include('APPPATH\\Views\\paginas\\agregarAutor.php')
 3 SYSTEMPATH\View\View.php(216): CodeIgniter\View\View->CodeIgniter\View\{closure}()
 4 SYSTEMPATH\Common.php(1142): CodeIgniter\View\View->render('paginas/agregarAutor', [], true)
 5 APPPATH\Controllers\Home.php(201): view('paginas/agregarAutor')
 6 SYSTEMPATH\CodeIgniter.php(904): App\Controllers\Home->crear_autor()
 7 SYSTEMPATH\CodeIgniter.php(457): CodeIgniter\CodeIgniter->runController(Object(App\Controllers\Home))
 8 SYSTEMPATH\CodeIgniter.php(340): CodeIgniter\CodeIgniter->handleRequest(null, Object(Config\Cache), false)
 9 FCPATH\index.php(67): CodeIgniter\CodeIgniter->run()
CRITICAL - 2022-10-04 12:01:18 --> Undefined variable $listaAutor
in APPPATH\Views\paginas\errores.php on line 26.
 1 APPPATH\Views\paginas\errores.php(26): CodeIgniter\Debug\Exceptions->errorHandler(2, 'Undefined variable $listaAutor', 'APPPATH\\Views\\paginas\\errores.php', 26)
 2 SYSTEMPATH\View\View.php(213): include('APPPATH\\Views\\paginas\\errores.php')
 3 SYSTEMPATH\View\View.php(216): CodeIgniter\View\View->CodeIgniter\View\{closure}()
 4 SYSTEMPATH\Common.php(1142): CodeIgniter\View\View->render('paginas/errores', [], true)
 5 APPPATH\Controllers\Home.php(191): view('paginas/errores', [...])
 6 SYSTEMPATH\CodeIgniter.php(904): App\Controllers\Home->crear_autor()
 7 SYSTEMPATH\CodeIgniter.php(457): CodeIgniter\CodeIgniter->runController(Object(App\Controllers\Home))
 8 SYSTEMPATH\CodeIgniter.php(340): CodeIgniter\CodeIgniter->handleRequest(null, Object(Config\Cache), false)
 9 FCPATH\index.php(67): CodeIgniter\CodeIgniter->run()
CRITICAL - 2022-10-04 12:04:51 --> Cannot access offset of type string on string
in APPPATH\Views\paginas\errores.php on line 24.
 1 SYSTEMPATH\View\View.php(213): include()
 2 SYSTEMPATH\View\View.php(216): CodeIgniter\View\View->CodeIgniter\View\{closure}()
 3 SYSTEMPATH\Common.php(1142): CodeIgniter\View\View->render('paginas/errores', [], true)
 4 APPPATH\Controllers\Home.php(193): view('paginas/errores', [...])
 5 SYSTEMPATH\CodeIgniter.php(904): App\Controllers\Home->crear_autor()
 6 SYSTEMPATH\CodeIgniter.php(457): CodeIgniter\CodeIgniter->runController(Object(App\Controllers\Home))
 7 SYSTEMPATH\CodeIgniter.php(340): CodeIgniter\CodeIgniter->handleRequest(null, Object(Config\Cache), false)
 8 FCPATH\index.php(67): CodeIgniter\CodeIgniter->run()
CRITICAL - 2022-10-04 12:05:50 --> Cannot access offset of type string on string
in APPPATH\Views\paginas\errores.php on line 24.
 1 SYSTEMPATH\View\View.php(213): include()
 2 SYSTEMPATH\View\View.php(216): CodeIgniter\View\View->CodeIgniter\View\{closure}()
 3 SYSTEMPATH\Common.php(1142): CodeIgniter\View\View->render('paginas/errores', [], true)
 4 APPPATH\Controllers\Home.php(193): view('paginas/errores', [...])
 5 SYSTEMPATH\CodeIgniter.php(904): App\Controllers\Home->crear_autor()
 6 SYSTEMPATH\CodeIgniter.php(457): CodeIgniter\CodeIgniter->runController(Object(App\Controllers\Home))
 7 SYSTEMPATH\CodeIgniter.php(340): CodeIgniter\CodeIgniter->handleRequest(null, Object(Config\Cache), false)
 8 FCPATH\index.php(67): CodeIgniter\CodeIgniter->run()
CRITICAL - 2022-10-04 12:21:27 --> Undefined variable $data2
in APPPATH\Controllers\Home.php on line 174.
 1 APPPATH\Controllers\Home.php(174): CodeIgniter\Debug\Exceptions->errorHandler(2, 'Undefined variable $data2', 'APPPATH\\Controllers\\Home.php', 174)
 2 SYSTEMPATH\CodeIgniter.php(904): App\Controllers\Home->agregar_autor()
 3 SYSTEMPATH\CodeIgniter.php(457): CodeIgniter\CodeIgniter->runController(Object(App\Controllers\Home))
 4 SYSTEMPATH\CodeIgniter.php(340): CodeIgniter\CodeIgniter->handleRequest(null, Object(Config\Cache), false)
 5 FCPATH\index.php(67): CodeIgniter\CodeIgniter->run()
