CRITICAL - 2022-11-15 17:34:06 --> Cannot use object of type mysqli as array
in APPPATH\Views\graficos\graficoLibro5.php on line 58.
 1 SYSTEMPATH\View\View.php(213): include()
 2 SYSTEMPATH\View\View.php(216): CodeIgniter\View\View->CodeIgniter\View\{closure}()
 3 SYSTEMPATH\Common.php(1142): CodeIgniter\View\View->render('graficos/graficoLibro5', [], true)
 4 APPPATH\Controllers\Home.php(1383): view('graficos/graficoLibro5', [...])
 5 SYSTEMPATH\CodeIgniter.php(904): App\Controllers\Home->enviarGraficoLibro5()
 6 SYSTEMPATH\CodeIgniter.php(457): CodeIgniter\CodeIgniter->runController(Object(App\Controllers\Home))
 7 SYSTEMPATH\CodeIgniter.php(340): CodeIgniter\CodeIgniter->handleRequest(null, Object(Config\Cache), false)
 8 FCPATH\index.php(67): CodeIgniter\CodeIgniter->run()
CRITICAL - 2022-11-15 17:34:36 --> Undefined variable $data
in APPPATH\Views\graficos\graficoLibro5.php on line 55.
 1 APPPATH\Views\graficos\graficoLibro5.php(55): CodeIgniter\Debug\Exceptions->errorHandler(2, 'Undefined variable $data', 'APPPATH\\Views\\graficos\\graficoLibro5.php', 55)
 2 SYSTEMPATH\View\View.php(213): include('APPPATH\\Views\\graficos\\graficoLibro5.php')
 3 SYSTEMPATH\View\View.php(216): CodeIgniter\View\View->CodeIgniter\View\{closure}()
 4 SYSTEMPATH\Common.php(1142): CodeIgniter\View\View->render('graficos/graficoLibro5', [], true)
 5 APPPATH\Controllers\Home.php(1383): view('graficos/graficoLibro5', [...])
 6 SYSTEMPATH\CodeIgniter.php(904): App\Controllers\Home->enviarGraficoLibro5()
 7 SYSTEMPATH\CodeIgniter.php(457): CodeIgniter\CodeIgniter->runController(Object(App\Controllers\Home))
 8 SYSTEMPATH\CodeIgniter.php(340): CodeIgniter\CodeIgniter->handleRequest(null, Object(Config\Cache), false)
 9 FCPATH\index.php(67): CodeIgniter\CodeIgniter->run()
CRITICAL - 2022-11-15 17:34:46 --> Cannot use object of type mysqli as array
in APPPATH\Views\graficos\graficoLibro5.php on line 58.
 1 SYSTEMPATH\View\View.php(213): include()
 2 SYSTEMPATH\View\View.php(216): CodeIgniter\View\View->CodeIgniter\View\{closure}()
 3 SYSTEMPATH\Common.php(1142): CodeIgniter\View\View->render('graficos/graficoLibro5', [], true)
 4 APPPATH\Controllers\Home.php(1383): view('graficos/graficoLibro5', [...])
 5 SYSTEMPATH\CodeIgniter.php(904): App\Controllers\Home->enviarGraficoLibro5()
 6 SYSTEMPATH\CodeIgniter.php(457): CodeIgniter\CodeIgniter->runController(Object(App\Controllers\Home))
 7 SYSTEMPATH\CodeIgniter.php(340): CodeIgniter\CodeIgniter->handleRequest(null, Object(Config\Cache), false)
 8 FCPATH\index.php(67): CodeIgniter\CodeIgniter->run()
CRITICAL - 2022-11-15 17:34:55 --> Cannot use object of type mysqli as array
in APPPATH\Views\graficos\graficoLibro5.php on line 58.
 1 SYSTEMPATH\View\View.php(213): include()
 2 SYSTEMPATH\View\View.php(216): CodeIgniter\View\View->CodeIgniter\View\{closure}()
 3 SYSTEMPATH\Common.php(1142): CodeIgniter\View\View->render('graficos/graficoLibro5', [], true)
 4 APPPATH\Controllers\Home.php(1383): view('graficos/graficoLibro5', [...])
 5 SYSTEMPATH\CodeIgniter.php(904): App\Controllers\Home->enviarGraficoLibro5()
 6 SYSTEMPATH\CodeIgniter.php(457): CodeIgniter\CodeIgniter->runController(Object(App\Controllers\Home))
 7 SYSTEMPATH\CodeIgniter.php(340): CodeIgniter\CodeIgniter->handleRequest(null, Object(Config\Cache), false)
 8 FCPATH\index.php(67): CodeIgniter\CodeIgniter->run()
CRITICAL - 2022-11-15 17:36:10 --> Cannot use object of type mysqli as array
in APPPATH\Views\graficos\graficoLibro5.php on line 58.
 1 SYSTEMPATH\View\View.php(213): include()
 2 SYSTEMPATH\View\View.php(216): CodeIgniter\View\View->CodeIgniter\View\{closure}()
 3 SYSTEMPATH\Common.php(1142): CodeIgniter\View\View->render('graficos/graficoLibro5', [], true)
 4 APPPATH\Controllers\Home.php(1384): view('graficos/graficoLibro5', [...])
 5 SYSTEMPATH\CodeIgniter.php(904): App\Controllers\Home->enviarGraficoLibro5()
 6 SYSTEMPATH\CodeIgniter.php(457): CodeIgniter\CodeIgniter->runController(Object(App\Controllers\Home))
 7 SYSTEMPATH\CodeIgniter.php(340): CodeIgniter\CodeIgniter->handleRequest(null, Object(Config\Cache), false)
 8 FCPATH\index.php(67): CodeIgniter\CodeIgniter->run()
CRITICAL - 2022-11-15 17:37:05 --> Class "App\Models\mysqli" not found
in APPPATH\Models\libroModel.php on line 40.
 1 APPPATH\Controllers\Home.php(1361): App\Models\libroModel->grafico5()
 2 SYSTEMPATH\CodeIgniter.php(904): App\Controllers\Home->enviarGraficoLibro5()
 3 SYSTEMPATH\CodeIgniter.php(457): CodeIgniter\CodeIgniter->runController(Object(App\Controllers\Home))
 4 SYSTEMPATH\CodeIgniter.php(340): CodeIgniter\CodeIgniter->handleRequest(null, Object(Config\Cache), false)
 5 FCPATH\index.php(67): CodeIgniter\CodeIgniter->run()
CRITICAL - 2022-11-15 17:39:27 --> Class "App\Models\mysqli" not found
in APPPATH\Models\libroModel.php on line 40.
 1 APPPATH\Controllers\Home.php(1361): App\Models\libroModel->grafico5()
 2 SYSTEMPATH\CodeIgniter.php(904): App\Controllers\Home->enviarGraficoLibro5()
 3 SYSTEMPATH\CodeIgniter.php(457): CodeIgniter\CodeIgniter->runController(Object(App\Controllers\Home))
 4 SYSTEMPATH\CodeIgniter.php(340): CodeIgniter\CodeIgniter->handleRequest(null, Object(Config\Cache), false)
 5 FCPATH\index.php(67): CodeIgniter\CodeIgniter->run()
CRITICAL - 2022-11-15 17:39:42 --> Cannot use object of type mysqli as array
in APPPATH\Views\graficos\graficoLibro5.php on line 58.
 1 SYSTEMPATH\View\View.php(213): include()
 2 SYSTEMPATH\View\View.php(216): CodeIgniter\View\View->CodeIgniter\View\{closure}()
 3 SYSTEMPATH\Common.php(1142): CodeIgniter\View\View->render('graficos/graficoLibro5', [], true)
 4 APPPATH\Controllers\Home.php(1384): view('graficos/graficoLibro5', [...])
 5 SYSTEMPATH\CodeIgniter.php(904): App\Controllers\Home->enviarGraficoLibro5()
 6 SYSTEMPATH\CodeIgniter.php(457): CodeIgniter\CodeIgniter->runController(Object(App\Controllers\Home))
 7 SYSTEMPATH\CodeIgniter.php(340): CodeIgniter\CodeIgniter->handleRequest(null, Object(Config\Cache), false)
 8 FCPATH\index.php(67): CodeIgniter\CodeIgniter->run()
CRITICAL - 2022-11-15 17:41:30 --> Undefined variable $db
in APPPATH\Models\libroModel.php on line 41.
 1 APPPATH\Models\libroModel.php(41): CodeIgniter\Debug\Exceptions->errorHandler(2, 'Undefined variable $db', 'APPPATH\\Models\\libroModel.php', 41)
 2 APPPATH\Controllers\Home.php(1361): App\Models\libroModel->grafico5()
 3 SYSTEMPATH\CodeIgniter.php(904): App\Controllers\Home->enviarGraficoLibro5()
 4 SYSTEMPATH\CodeIgniter.php(457): CodeIgniter\CodeIgniter->runController(Object(App\Controllers\Home))
 5 SYSTEMPATH\CodeIgniter.php(340): CodeIgniter\CodeIgniter->handleRequest(null, Object(Config\Cache), false)
 6 FCPATH\index.php(67): CodeIgniter\CodeIgniter->run()
CRITICAL - 2022-11-15 18:48:43 --> unlink(C:\xampp\htdocs\ProyectoTangananaEdition\writable\session/ci_sessionuttkfjol2k8r19gulr8to0tmoncd4jb8): Permission denied
in SYSTEMPATH\Session\Handlers\FileHandler.php on line 247.
 1 [internal function]: CodeIgniter\Debug\Exceptions->errorHandler(2, 'unlink(C:\\xampp\\htdocs\\ProyectoTangananaEdition\\writable\\session/ci_sessionuttkfjol2k8r19gulr8to0tmoncd4jb8): Permission denied', 'SYSTEMPATH\\Session\\Handlers\\FileHandler.php', 247)
 2 SYSTEMPATH\Session\Handlers\FileHandler.php(247): unlink('FCPATH\\writable\\session/ci_sessionuttkfjol2k8r19gulr8to0tmoncd4jb8')
 3 [internal function]: CodeIgniter\Session\Handlers\FileHandler->destroy('uttkfjol2k8r19gulr8to0tmoncd4jb8')
 4 APPPATH\Controllers\Home.php(521): session_destroy()
 5 SYSTEMPATH\CodeIgniter.php(904): App\Controllers\Home->logout()
 6 SYSTEMPATH\CodeIgniter.php(457): CodeIgniter\CodeIgniter->runController(Object(App\Controllers\Home))
 7 SYSTEMPATH\CodeIgniter.php(340): CodeIgniter\CodeIgniter->handleRequest(null, Object(Config\Cache), false)
 8 FCPATH\index.php(67): CodeIgniter\CodeIgniter->run()
ERROR - 2022-11-15 18:54:32 --> Email: Unable to send email using PHP SMTP. Your server might not be configured to send mail using this method.
ERROR - 2022-11-15 18:54:32 --> 220 smtp.googlemail.com ESMTP a18-20020a9d74d2000000b0066cc0525476sm5687579otl.75 - gsmtp

hello: 250-smtp.googlemail.com at your service, [181.203.200.253]
250-SIZE 35882577
250-8BITMIME
250-AUTH LOGIN PLAIN XOAUTH2 PLAIN-CLIENTTOKEN OAUTHBEARER XOAUTH
250-ENHANCEDSTATUSCODES
250-PIPELINING
250-CHUNKING
250 SMTPUTF8

Failed to authenticate password. Error: 535-5.7.8 Username and Password not accepted. Learn more at
535 5.7.8  https://support.google.com/mail/?p=BadCredentials a18-20020a9d74d2000000b0066cc0525476sm5687579otl.75 - gsmtp

CRITICAL - 2022-11-15 18:54:32 --> Cannot access offset of type string on string
in APPPATH\Controllers\SignupController.php on line 52.
 1 SYSTEMPATH\CodeIgniter.php(904): App\Controllers\SignupController->store()
 2 SYSTEMPATH\CodeIgniter.php(457): CodeIgniter\CodeIgniter->runController(Object(App\Controllers\SignupController))
 3 SYSTEMPATH\CodeIgniter.php(340): CodeIgniter\CodeIgniter->handleRequest(null, Object(Config\Cache), false)
 4 FCPATH\index.php(67): CodeIgniter\CodeIgniter->run()
