CRITICAL - 2022-10-29 08:49:04 --> Undefined variable $item
in APPPATH\Views\preguntas\deseaborrarlibro.php on line 40.
 1 APPPATH\Views\preguntas\deseaborrarlibro.php(40): CodeIgniter\Debug\Exceptions->errorHandler(2, 'Undefined variable $item', 'APPPATH\\Views\\preguntas\\deseaborrarlibro.php', 40)
 2 SYSTEMPATH\View\View.php(213): include('APPPATH\\Views\\preguntas\\deseaborrarlibro.php')
 3 SYSTEMPATH\View\View.php(216): CodeIgniter\View\View->CodeIgniter\View\{closure}()
 4 SYSTEMPATH\Common.php(1142): CodeIgniter\View\View->render('preguntas/deseaborrarlibro', [], true)
 5 APPPATH\Controllers\Home.php(723): view('preguntas/deseaborrarlibro')
 6 SYSTEMPATH\CodeIgniter.php(904): App\Controllers\Home->preguntaBorrarAutor()
 7 SYSTEMPATH\CodeIgniter.php(457): CodeIgniter\CodeIgniter->runController(Object(App\Controllers\Home))
 8 SYSTEMPATH\CodeIgniter.php(340): CodeIgniter\CodeIgniter->handleRequest(null, Object(Config\Cache), false)
 9 FCPATH\index.php(67): CodeIgniter\CodeIgniter->run()
CRITICAL - 2022-10-29 08:50:17 --> view(): Argument #2 ($data) must be of type array, string given, called in C:\xampp\htdocs\ProyectoTangananaEdition\app\Controllers\Home.php on line 723
in SYSTEMPATH\Common.php on line 1128.
 1 APPPATH\Controllers\Home.php(723): view('preguntas/deseaborrarlibro', '11114')
 2 SYSTEMPATH\CodeIgniter.php(904): App\Controllers\Home->preguntaBorrarAutor()
 3 SYSTEMPATH\CodeIgniter.php(457): CodeIgniter\CodeIgniter->runController(Object(App\Controllers\Home))
 4 SYSTEMPATH\CodeIgniter.php(340): CodeIgniter\CodeIgniter->handleRequest(null, Object(Config\Cache), false)
 5 FCPATH\index.php(67): CodeIgniter\CodeIgniter->run()
CRITICAL - 2022-10-29 08:50:32 --> view(): Argument #2 ($data) must be of type array, string given, called in C:\xampp\htdocs\ProyectoTangananaEdition\app\Controllers\Home.php on line 723
in SYSTEMPATH\Common.php on line 1128.
 1 APPPATH\Controllers\Home.php(723): view('preguntas/deseaborrarlibro', '11114')
 2 SYSTEMPATH\CodeIgniter.php(904): App\Controllers\Home->preguntaBorrarAutor()
 3 SYSTEMPATH\CodeIgniter.php(457): CodeIgniter\CodeIgniter->runController(Object(App\Controllers\Home))
 4 SYSTEMPATH\CodeIgniter.php(340): CodeIgniter\CodeIgniter->handleRequest(null, Object(Config\Cache), false)
 5 FCPATH\index.php(67): CodeIgniter\CodeIgniter->run()
CRITICAL - 2022-10-29 08:50:46 --> Undefined variable $item
in APPPATH\Views\preguntas\deseaborrarlibro.php on line 40.
 1 APPPATH\Views\preguntas\deseaborrarlibro.php(40): CodeIgniter\Debug\Exceptions->errorHandler(2, 'Undefined variable $item', 'APPPATH\\Views\\preguntas\\deseaborrarlibro.php', 40)
 2 SYSTEMPATH\View\View.php(213): include('APPPATH\\Views\\preguntas\\deseaborrarlibro.php')
 3 SYSTEMPATH\View\View.php(216): CodeIgniter\View\View->CodeIgniter\View\{closure}()
 4 SYSTEMPATH\Common.php(1142): CodeIgniter\View\View->render('preguntas/deseaborrarlibro', [], true)
 5 APPPATH\Controllers\Home.php(723): view('preguntas/deseaborrarlibro')
 6 SYSTEMPATH\CodeIgniter.php(904): App\Controllers\Home->preguntaBorrarAutor()
 7 SYSTEMPATH\CodeIgniter.php(457): CodeIgniter\CodeIgniter->runController(Object(App\Controllers\Home))
 8 SYSTEMPATH\CodeIgniter.php(340): CodeIgniter\CodeIgniter->handleRequest(null, Object(Config\Cache), false)
 9 FCPATH\index.php(67): CodeIgniter\CodeIgniter->run()
CRITICAL - 2022-10-29 08:50:54 --> view(): Argument #2 ($data) must be of type array, string given, called in C:\xampp\htdocs\ProyectoTangananaEdition\app\Controllers\Home.php on line 723
in SYSTEMPATH\Common.php on line 1128.
 1 APPPATH\Controllers\Home.php(723): view('preguntas/deseaborrarlibro', '11114')
 2 SYSTEMPATH\CodeIgniter.php(904): App\Controllers\Home->preguntaBorrarAutor()
 3 SYSTEMPATH\CodeIgniter.php(457): CodeIgniter\CodeIgniter->runController(Object(App\Controllers\Home))
 4 SYSTEMPATH\CodeIgniter.php(340): CodeIgniter\CodeIgniter->handleRequest(null, Object(Config\Cache), false)
 5 FCPATH\index.php(67): CodeIgniter\CodeIgniter->run()
CRITICAL - 2022-10-29 08:52:17 --> Undefined variable $item
in APPPATH\Views\preguntas\deseaborrarlibro.php on line 40.
 1 APPPATH\Views\preguntas\deseaborrarlibro.php(40): CodeIgniter\Debug\Exceptions->errorHandler(2, 'Undefined variable $item', 'APPPATH\\Views\\preguntas\\deseaborrarlibro.php', 40)
 2 SYSTEMPATH\View\View.php(213): include('APPPATH\\Views\\preguntas\\deseaborrarlibro.php')
 3 SYSTEMPATH\View\View.php(216): CodeIgniter\View\View->CodeIgniter\View\{closure}()
 4 SYSTEMPATH\Common.php(1142): CodeIgniter\View\View->render('preguntas/deseaborrarlibro', [], true)
 5 APPPATH\Controllers\Home.php(725): view('preguntas/deseaborrarlibro', [...])
 6 SYSTEMPATH\CodeIgniter.php(904): App\Controllers\Home->preguntaBorrarAutor()
 7 SYSTEMPATH\CodeIgniter.php(457): CodeIgniter\CodeIgniter->runController(Object(App\Controllers\Home))
 8 SYSTEMPATH\CodeIgniter.php(340): CodeIgniter\CodeIgniter->handleRequest(null, Object(Config\Cache), false)
 9 FCPATH\index.php(67): CodeIgniter\CodeIgniter->run()
CRITICAL - 2022-10-29 08:53:45 --> Undefined variable $data
in APPPATH\Views\preguntas\deseaborrarlibro.php on line 37.
 1 APPPATH\Views\preguntas\deseaborrarlibro.php(37): CodeIgniter\Debug\Exceptions->errorHandler(2, 'Undefined variable $data', 'APPPATH\\Views\\preguntas\\deseaborrarlibro.php', 37)
 2 SYSTEMPATH\View\View.php(213): include('APPPATH\\Views\\preguntas\\deseaborrarlibro.php')
 3 SYSTEMPATH\View\View.php(216): CodeIgniter\View\View->CodeIgniter\View\{closure}()
 4 SYSTEMPATH\Common.php(1142): CodeIgniter\View\View->render('preguntas/deseaborrarlibro', [], true)
 5 APPPATH\Controllers\Home.php(725): view('preguntas/deseaborrarlibro', [...])
 6 SYSTEMPATH\CodeIgniter.php(904): App\Controllers\Home->preguntaBorrarAutor()
 7 SYSTEMPATH\CodeIgniter.php(457): CodeIgniter\CodeIgniter->runController(Object(App\Controllers\Home))
 8 SYSTEMPATH\CodeIgniter.php(340): CodeIgniter\CodeIgniter->handleRequest(null, Object(Config\Cache), false)
 9 FCPATH\index.php(67): CodeIgniter\CodeIgniter->run()
CRITICAL - 2022-10-29 08:53:49 --> Undefined variable $data
in APPPATH\Views\preguntas\deseaborrarlibro.php on line 37.
 1 APPPATH\Views\preguntas\deseaborrarlibro.php(37): CodeIgniter\Debug\Exceptions->errorHandler(2, 'Undefined variable $data', 'APPPATH\\Views\\preguntas\\deseaborrarlibro.php', 37)
 2 SYSTEMPATH\View\View.php(213): include('APPPATH\\Views\\preguntas\\deseaborrarlibro.php')
 3 SYSTEMPATH\View\View.php(216): CodeIgniter\View\View->CodeIgniter\View\{closure}()
 4 SYSTEMPATH\Common.php(1142): CodeIgniter\View\View->render('preguntas/deseaborrarlibro', [], true)
 5 APPPATH\Controllers\Home.php(725): view('preguntas/deseaborrarlibro', [...])
 6 SYSTEMPATH\CodeIgniter.php(904): App\Controllers\Home->preguntaBorrarAutor()
 7 SYSTEMPATH\CodeIgniter.php(457): CodeIgniter\CodeIgniter->runController(Object(App\Controllers\Home))
 8 SYSTEMPATH\CodeIgniter.php(340): CodeIgniter\CodeIgniter->handleRequest(null, Object(Config\Cache), false)
 9 FCPATH\index.php(67): CodeIgniter\CodeIgniter->run()
CRITICAL - 2022-10-29 08:54:35 --> Undefined variable $data
in APPPATH\Views\preguntas\deseaborrarlibro.php on line 37.
 1 APPPATH\Views\preguntas\deseaborrarlibro.php(37): CodeIgniter\Debug\Exceptions->errorHandler(2, 'Undefined variable $data', 'APPPATH\\Views\\preguntas\\deseaborrarlibro.php', 37)
 2 SYSTEMPATH\View\View.php(213): include('APPPATH\\Views\\preguntas\\deseaborrarlibro.php')
 3 SYSTEMPATH\View\View.php(216): CodeIgniter\View\View->CodeIgniter\View\{closure}()
 4 SYSTEMPATH\Common.php(1142): CodeIgniter\View\View->render('preguntas/deseaborrarlibro', [], true)
 5 APPPATH\Controllers\Home.php(725): view('preguntas/deseaborrarlibro', [...])
 6 SYSTEMPATH\CodeIgniter.php(904): App\Controllers\Home->preguntaBorrarAutor()
 7 SYSTEMPATH\CodeIgniter.php(457): CodeIgniter\CodeIgniter->runController(Object(App\Controllers\Home))
 8 SYSTEMPATH\CodeIgniter.php(340): CodeIgniter\CodeIgniter->handleRequest(null, Object(Config\Cache), false)
 9 FCPATH\index.php(67): CodeIgniter\CodeIgniter->run()
CRITICAL - 2022-10-29 08:54:37 --> Undefined variable $data
in APPPATH\Views\preguntas\deseaborrarlibro.php on line 37.
 1 APPPATH\Views\preguntas\deseaborrarlibro.php(37): CodeIgniter\Debug\Exceptions->errorHandler(2, 'Undefined variable $data', 'APPPATH\\Views\\preguntas\\deseaborrarlibro.php', 37)
 2 SYSTEMPATH\View\View.php(213): include('APPPATH\\Views\\preguntas\\deseaborrarlibro.php')
 3 SYSTEMPATH\View\View.php(216): CodeIgniter\View\View->CodeIgniter\View\{closure}()
 4 SYSTEMPATH\Common.php(1142): CodeIgniter\View\View->render('preguntas/deseaborrarlibro', [], true)
 5 APPPATH\Controllers\Home.php(725): view('preguntas/deseaborrarlibro', [...])
 6 SYSTEMPATH\CodeIgniter.php(904): App\Controllers\Home->preguntaBorrarAutor()
 7 SYSTEMPATH\CodeIgniter.php(457): CodeIgniter\CodeIgniter->runController(Object(App\Controllers\Home))
 8 SYSTEMPATH\CodeIgniter.php(340): CodeIgniter\CodeIgniter->handleRequest(null, Object(Config\Cache), false)
 9 FCPATH\index.php(67): CodeIgniter\CodeIgniter->run()
CRITICAL - 2022-10-29 08:54:37 --> Undefined variable $data
in APPPATH\Views\preguntas\deseaborrarlibro.php on line 37.
 1 APPPATH\Views\preguntas\deseaborrarlibro.php(37): CodeIgniter\Debug\Exceptions->errorHandler(2, 'Undefined variable $data', 'APPPATH\\Views\\preguntas\\deseaborrarlibro.php', 37)
 2 SYSTEMPATH\View\View.php(213): include('APPPATH\\Views\\preguntas\\deseaborrarlibro.php')
 3 SYSTEMPATH\View\View.php(216): CodeIgniter\View\View->CodeIgniter\View\{closure}()
 4 SYSTEMPATH\Common.php(1142): CodeIgniter\View\View->render('preguntas/deseaborrarlibro', [], true)
 5 APPPATH\Controllers\Home.php(725): view('preguntas/deseaborrarlibro', [...])
 6 SYSTEMPATH\CodeIgniter.php(904): App\Controllers\Home->preguntaBorrarAutor()
 7 SYSTEMPATH\CodeIgniter.php(457): CodeIgniter\CodeIgniter->runController(Object(App\Controllers\Home))
 8 SYSTEMPATH\CodeIgniter.php(340): CodeIgniter\CodeIgniter->handleRequest(null, Object(Config\Cache), false)
 9 FCPATH\index.php(67): CodeIgniter\CodeIgniter->run()
CRITICAL - 2022-10-29 08:54:37 --> Undefined variable $data
in APPPATH\Views\preguntas\deseaborrarlibro.php on line 37.
 1 APPPATH\Views\preguntas\deseaborrarlibro.php(37): CodeIgniter\Debug\Exceptions->errorHandler(2, 'Undefined variable $data', 'APPPATH\\Views\\preguntas\\deseaborrarlibro.php', 37)
 2 SYSTEMPATH\View\View.php(213): include('APPPATH\\Views\\preguntas\\deseaborrarlibro.php')
 3 SYSTEMPATH\View\View.php(216): CodeIgniter\View\View->CodeIgniter\View\{closure}()
 4 SYSTEMPATH\Common.php(1142): CodeIgniter\View\View->render('preguntas/deseaborrarlibro', [], true)
 5 APPPATH\Controllers\Home.php(725): view('preguntas/deseaborrarlibro', [...])
 6 SYSTEMPATH\CodeIgniter.php(904): App\Controllers\Home->preguntaBorrarAutor()
 7 SYSTEMPATH\CodeIgniter.php(457): CodeIgniter\CodeIgniter->runController(Object(App\Controllers\Home))
 8 SYSTEMPATH\CodeIgniter.php(340): CodeIgniter\CodeIgniter->handleRequest(null, Object(Config\Cache), false)
 9 FCPATH\index.php(67): CodeIgniter\CodeIgniter->run()
CRITICAL - 2022-10-29 08:55:21 --> Undefined variable $item
in APPPATH\Views\preguntas\deseaborrarlibro.php on line 40.
 1 APPPATH\Views\preguntas\deseaborrarlibro.php(40): CodeIgniter\Debug\Exceptions->errorHandler(2, 'Undefined variable $item', 'APPPATH\\Views\\preguntas\\deseaborrarlibro.php', 40)
 2 SYSTEMPATH\View\View.php(213): include('APPPATH\\Views\\preguntas\\deseaborrarlibro.php')
 3 SYSTEMPATH\View\View.php(216): CodeIgniter\View\View->CodeIgniter\View\{closure}()
 4 SYSTEMPATH\Common.php(1142): CodeIgniter\View\View->render('preguntas/deseaborrarlibro', [], true)
 5 APPPATH\Controllers\Home.php(725): view('preguntas/deseaborrarlibro', [...])
 6 SYSTEMPATH\CodeIgniter.php(904): App\Controllers\Home->preguntaBorrarAutor()
 7 SYSTEMPATH\CodeIgniter.php(457): CodeIgniter\CodeIgniter->runController(Object(App\Controllers\Home))
 8 SYSTEMPATH\CodeIgniter.php(340): CodeIgniter\CodeIgniter->handleRequest(null, Object(Config\Cache), false)
 9 FCPATH\index.php(67): CodeIgniter\CodeIgniter->run()
CRITICAL - 2022-10-29 08:56:00 --> Undefined variable $item
in APPPATH\Views\preguntas\deseaborrarlibro.php on line 40.
 1 APPPATH\Views\preguntas\deseaborrarlibro.php(40): CodeIgniter\Debug\Exceptions->errorHandler(2, 'Undefined variable $item', 'APPPATH\\Views\\preguntas\\deseaborrarlibro.php', 40)
 2 SYSTEMPATH\View\View.php(213): include('APPPATH\\Views\\preguntas\\deseaborrarlibro.php')
 3 SYSTEMPATH\View\View.php(216): CodeIgniter\View\View->CodeIgniter\View\{closure}()
 4 SYSTEMPATH\Common.php(1142): CodeIgniter\View\View->render('preguntas/deseaborrarlibro', [], true)
 5 APPPATH\Controllers\Home.php(725): view('preguntas/deseaborrarlibro', [...])
 6 SYSTEMPATH\CodeIgniter.php(904): App\Controllers\Home->preguntaBorrarAutor()
 7 SYSTEMPATH\CodeIgniter.php(457): CodeIgniter\CodeIgniter->runController(Object(App\Controllers\Home))
 8 SYSTEMPATH\CodeIgniter.php(340): CodeIgniter\CodeIgniter->handleRequest(null, Object(Config\Cache), false)
 9 FCPATH\index.php(67): CodeIgniter\CodeIgniter->run()
CRITICAL - 2022-10-29 08:56:00 --> Undefined variable $item
in APPPATH\Views\preguntas\deseaborrarlibro.php on line 40.
 1 APPPATH\Views\preguntas\deseaborrarlibro.php(40): CodeIgniter\Debug\Exceptions->errorHandler(2, 'Undefined variable $item', 'APPPATH\\Views\\preguntas\\deseaborrarlibro.php', 40)
 2 SYSTEMPATH\View\View.php(213): include('APPPATH\\Views\\preguntas\\deseaborrarlibro.php')
 3 SYSTEMPATH\View\View.php(216): CodeIgniter\View\View->CodeIgniter\View\{closure}()
 4 SYSTEMPATH\Common.php(1142): CodeIgniter\View\View->render('preguntas/deseaborrarlibro', [], true)
 5 APPPATH\Controllers\Home.php(725): view('preguntas/deseaborrarlibro', [...])
 6 SYSTEMPATH\CodeIgniter.php(904): App\Controllers\Home->preguntaBorrarAutor()
 7 SYSTEMPATH\CodeIgniter.php(457): CodeIgniter\CodeIgniter->runController(Object(App\Controllers\Home))
 8 SYSTEMPATH\CodeIgniter.php(340): CodeIgniter\CodeIgniter->handleRequest(null, Object(Config\Cache), false)
 9 FCPATH\index.php(67): CodeIgniter\CodeIgniter->run()
CRITICAL - 2022-10-29 08:56:14 --> Array to string conversion
in APPPATH\Views\preguntas\deseaborrarlibro.php on line 40.
 1 APPPATH\Views\preguntas\deseaborrarlibro.php(40): CodeIgniter\Debug\Exceptions->errorHandler(2, 'Array to string conversion', 'APPPATH\\Views\\preguntas\\deseaborrarlibro.php', 40)
 2 SYSTEMPATH\View\View.php(213): include('APPPATH\\Views\\preguntas\\deseaborrarlibro.php')
 3 SYSTEMPATH\View\View.php(216): CodeIgniter\View\View->CodeIgniter\View\{closure}()
 4 SYSTEMPATH\Common.php(1142): CodeIgniter\View\View->render('preguntas/deseaborrarlibro', [], true)
 5 APPPATH\Controllers\Home.php(725): view('preguntas/deseaborrarlibro', [...])
 6 SYSTEMPATH\CodeIgniter.php(904): App\Controllers\Home->preguntaBorrarAutor()
 7 SYSTEMPATH\CodeIgniter.php(457): CodeIgniter\CodeIgniter->runController(Object(App\Controllers\Home))
 8 SYSTEMPATH\CodeIgniter.php(340): CodeIgniter\CodeIgniter->handleRequest(null, Object(Config\Cache), false)
 9 FCPATH\index.php(67): CodeIgniter\CodeIgniter->run()
CRITICAL - 2022-10-29 08:56:39 --> Undefined array key "autorID"
in APPPATH\Views\preguntas\deseaborrarlibro.php on line 37.
 1 APPPATH\Views\preguntas\deseaborrarlibro.php(37): CodeIgniter\Debug\Exceptions->errorHandler(2, 'Undefined array key "autorID"', 'APPPATH\\Views\\preguntas\\deseaborrarlibro.php', 37)
 2 SYSTEMPATH\View\View.php(213): include('APPPATH\\Views\\preguntas\\deseaborrarlibro.php')
 3 SYSTEMPATH\View\View.php(216): CodeIgniter\View\View->CodeIgniter\View\{closure}()
 4 SYSTEMPATH\Common.php(1142): CodeIgniter\View\View->render('preguntas/deseaborrarlibro', [], true)
 5 APPPATH\Controllers\Home.php(725): view('preguntas/deseaborrarlibro', [...])
 6 SYSTEMPATH\CodeIgniter.php(904): App\Controllers\Home->preguntaBorrarAutor()
 7 SYSTEMPATH\CodeIgniter.php(457): CodeIgniter\CodeIgniter->runController(Object(App\Controllers\Home))
 8 SYSTEMPATH\CodeIgniter.php(340): CodeIgniter\CodeIgniter->handleRequest(null, Object(Config\Cache), false)
 9 FCPATH\index.php(67): CodeIgniter\CodeIgniter->run()
ERROR - 2022-10-29 09:08:04 --> mysqli_sql_exception: Cannot delete or update a parent row: a foreign key constraint fails (`biblioteca`.`libro`, CONSTRAINT `FK_libro_autor` FOREIGN KEY (`autorID`) REFERENCES `autor` (`autorID`) ON DELETE NO ACTION ON UPDATE NO ACTION) in C:\xampp\htdocs\ProyectoTangananaEdition\system\Database\MySQLi\Connection.php:292
Stack trace:
#0 C:\xampp\htdocs\ProyectoTangananaEdition\system\Database\MySQLi\Connection.php(292): mysqli->query('DELETE FROM `au...', 0)
#1 C:\xampp\htdocs\ProyectoTangananaEdition\system\Database\BaseConnection.php(693): CodeIgniter\Database\MySQLi\Connection->execute('DELETE FROM `au...')
#2 C:\xampp\htdocs\ProyectoTangananaEdition\system\Database\BaseConnection.php(620): CodeIgniter\Database\BaseConnection->simpleQuery('DELETE FROM `au...')
#3 C:\xampp\htdocs\ProyectoTangananaEdition\system\Database\BaseBuilder.php(2390): CodeIgniter\Database\BaseConnection->query('DELETE FROM `au...', Array, false)
#4 C:\xampp\htdocs\ProyectoTangananaEdition\system\Model.php(401): CodeIgniter\Database\BaseBuilder->delete()
#5 C:\xampp\htdocs\ProyectoTangananaEdition\system\BaseModel.php(963): CodeIgniter\Model->doDelete(Array, false)
#6 C:\xampp\htdocs\ProyectoTangananaEdition\app\Controllers\Home.php(603): CodeIgniter\BaseModel->delete(Array)
#7 C:\xampp\htdocs\ProyectoTangananaEdition\system\CodeIgniter.php(904): App\Controllers\Home->borrar_autor()
#8 C:\xampp\htdocs\ProyectoTangananaEdition\system\CodeIgniter.php(457): CodeIgniter\CodeIgniter->runController(Object(App\Controllers\Home))
#9 C:\xampp\htdocs\ProyectoTangananaEdition\system\CodeIgniter.php(340): CodeIgniter\CodeIgniter->handleRequest(NULL, Object(Config\Cache), false)
#10 C:\xampp\htdocs\ProyectoTangananaEdition\index.php(67): CodeIgniter\CodeIgniter->run()
#11 {main}
ERROR - 2022-10-29 09:08:04 --> mysqli_sql_exception: Cannot delete or update a parent row: a foreign key constraint fails (`biblioteca`.`libro`, CONSTRAINT `FK_libro_autor` FOREIGN KEY (`autorID`) REFERENCES `autor` (`autorID`) ON DELETE NO ACTION ON UPDATE NO ACTION) in C:\xampp\htdocs\ProyectoTangananaEdition\system\Database\MySQLi\Connection.php:292
Stack trace:
#0 C:\xampp\htdocs\ProyectoTangananaEdition\system\Database\MySQLi\Connection.php(292): mysqli->query('DELETE FROM `au...', 0)
#1 C:\xampp\htdocs\ProyectoTangananaEdition\system\Database\BaseConnection.php(693): CodeIgniter\Database\MySQLi\Connection->execute('DELETE FROM `au...')
#2 C:\xampp\htdocs\ProyectoTangananaEdition\system\Database\BaseConnection.php(620): CodeIgniter\Database\BaseConnection->simpleQuery('DELETE FROM `au...')
#3 C:\xampp\htdocs\ProyectoTangananaEdition\system\Database\BaseBuilder.php(2390): CodeIgniter\Database\BaseConnection->query('DELETE FROM `au...', Array, false)
#4 C:\xampp\htdocs\ProyectoTangananaEdition\system\Model.php(401): CodeIgniter\Database\BaseBuilder->delete()
#5 C:\xampp\htdocs\ProyectoTangananaEdition\system\BaseModel.php(963): CodeIgniter\Model->doDelete(Array, false)
#6 C:\xampp\htdocs\ProyectoTangananaEdition\app\Controllers\Home.php(604): CodeIgniter\BaseModel->delete(Array)
#7 C:\xampp\htdocs\ProyectoTangananaEdition\system\CodeIgniter.php(904): App\Controllers\Home->borrar_autor()
#8 C:\xampp\htdocs\ProyectoTangananaEdition\system\CodeIgniter.php(457): CodeIgniter\CodeIgniter->runController(Object(App\Controllers\Home))
#9 C:\xampp\htdocs\ProyectoTangananaEdition\system\CodeIgniter.php(340): CodeIgniter\CodeIgniter->handleRequest(NULL, Object(Config\Cache), false)
#10 C:\xampp\htdocs\ProyectoTangananaEdition\index.php(67): CodeIgniter\CodeIgniter->run()
#11 {main}
CRITICAL - 2022-10-29 09:20:34 --> syntax error, unexpected token "public", expecting end of file
in APPPATH\Controllers\Home.php on line 732.
 1 SYSTEMPATH\Router\Router.php(499): CodeIgniter\Router\AutoRouter->getRoute('Home/enviarEditarAutor')
 2 SYSTEMPATH\Router\Router.php(205): CodeIgniter\Router\Router->autoRoute('Home/enviarEditarAutor')
 3 SYSTEMPATH\CodeIgniter.php(779): CodeIgniter\Router\Router->handle('Home/enviarEditarAutor')
 4 SYSTEMPATH\CodeIgniter.php(406): CodeIgniter\CodeIgniter->tryToRouteIt(Object(CodeIgniter\Router\RouteCollection))
 5 SYSTEMPATH\CodeIgniter.php(340): CodeIgniter\CodeIgniter->handleRequest(null, Object(Config\Cache), false)
 6 FCPATH\index.php(67): CodeIgniter\CodeIgniter->run()
CRITICAL - 2022-10-29 09:28:56 --> There is no data to update.
in SYSTEMPATH\BaseModel.php on line 1577.
 1 SYSTEMPATH\BaseModel.php(1577): CodeIgniter\Database\Exceptions\DataException::forEmptyDataset('update')
 2 SYSTEMPATH\BaseModel.php(832): CodeIgniter\BaseModel->transformDataToArray(null, 'update')
 3 SYSTEMPATH\Model.php(693): CodeIgniter\BaseModel->update([...], null)
 4 APPPATH\Controllers\Home.php(691): CodeIgniter\Model->update([...])
 5 SYSTEMPATH\CodeIgniter.php(904): App\Controllers\Home->editar_autor()
 6 SYSTEMPATH\CodeIgniter.php(457): CodeIgniter\CodeIgniter->runController(Object(App\Controllers\Home))
 7 SYSTEMPATH\CodeIgniter.php(340): CodeIgniter\CodeIgniter->handleRequest(null, Object(Config\Cache), false)
 8 FCPATH\index.php(67): CodeIgniter\CodeIgniter->run()
CRITICAL - 2022-10-29 09:29:52 --> There is no data to update.
in SYSTEMPATH\BaseModel.php on line 1577.
 1 SYSTEMPATH\BaseModel.php(1577): CodeIgniter\Database\Exceptions\DataException::forEmptyDataset('update')
 2 SYSTEMPATH\BaseModel.php(832): CodeIgniter\BaseModel->transformDataToArray(null, 'update')
 3 SYSTEMPATH\Model.php(693): CodeIgniter\BaseModel->update([...], null)
 4 APPPATH\Controllers\Home.php(692): CodeIgniter\Model->update([...])
 5 SYSTEMPATH\CodeIgniter.php(904): App\Controllers\Home->editar_autor()
 6 SYSTEMPATH\CodeIgniter.php(457): CodeIgniter\CodeIgniter->runController(Object(App\Controllers\Home))
 7 SYSTEMPATH\CodeIgniter.php(340): CodeIgniter\CodeIgniter->handleRequest(null, Object(Config\Cache), false)
 8 FCPATH\index.php(67): CodeIgniter\CodeIgniter->run()
CRITICAL - 2022-10-29 09:32:12 --> Too few arguments to function App\Controllers\Home::editar_autor(), 0 passed in C:\xampp\htdocs\ProyectoTangananaEdition\system\CodeIgniter.php on line 904 and exactly 1 expected
in APPPATH\Controllers\Home.php on line 678.
 1 SYSTEMPATH\CodeIgniter.php(904): App\Controllers\Home->editar_autor()
 2 SYSTEMPATH\CodeIgniter.php(457): CodeIgniter\CodeIgniter->runController(Object(App\Controllers\Home))
 3 SYSTEMPATH\CodeIgniter.php(340): CodeIgniter\CodeIgniter->handleRequest(null, Object(Config\Cache), false)
 4 FCPATH\index.php(67): CodeIgniter\CodeIgniter->run()
CRITICAL - 2022-10-29 09:32:37 --> Too few arguments to function App\Controllers\Home::editar_autor(), 0 passed in C:\xampp\htdocs\ProyectoTangananaEdition\system\CodeIgniter.php on line 904 and exactly 1 expected
in APPPATH\Controllers\Home.php on line 678.
 1 SYSTEMPATH\CodeIgniter.php(904): App\Controllers\Home->editar_autor()
 2 SYSTEMPATH\CodeIgniter.php(457): CodeIgniter\CodeIgniter->runController(Object(App\Controllers\Home))
 3 SYSTEMPATH\CodeIgniter.php(340): CodeIgniter\CodeIgniter->handleRequest(null, Object(Config\Cache), false)
 4 FCPATH\index.php(67): CodeIgniter\CodeIgniter->run()
CRITICAL - 2022-10-29 09:32:38 --> Too few arguments to function App\Controllers\Home::editar_autor(), 0 passed in C:\xampp\htdocs\ProyectoTangananaEdition\system\CodeIgniter.php on line 904 and exactly 1 expected
in APPPATH\Controllers\Home.php on line 678.
 1 SYSTEMPATH\CodeIgniter.php(904): App\Controllers\Home->editar_autor()
 2 SYSTEMPATH\CodeIgniter.php(457): CodeIgniter\CodeIgniter->runController(Object(App\Controllers\Home))
 3 SYSTEMPATH\CodeIgniter.php(340): CodeIgniter\CodeIgniter->handleRequest(null, Object(Config\Cache), false)
 4 FCPATH\index.php(67): CodeIgniter\CodeIgniter->run()
CRITICAL - 2022-10-29 09:32:38 --> Too few arguments to function App\Controllers\Home::editar_autor(), 0 passed in C:\xampp\htdocs\ProyectoTangananaEdition\system\CodeIgniter.php on line 904 and exactly 1 expected
in APPPATH\Controllers\Home.php on line 678.
 1 SYSTEMPATH\CodeIgniter.php(904): App\Controllers\Home->editar_autor()
 2 SYSTEMPATH\CodeIgniter.php(457): CodeIgniter\CodeIgniter->runController(Object(App\Controllers\Home))
 3 SYSTEMPATH\CodeIgniter.php(340): CodeIgniter\CodeIgniter->handleRequest(null, Object(Config\Cache), false)
 4 FCPATH\index.php(67): CodeIgniter\CodeIgniter->run()
CRITICAL - 2022-10-29 09:32:46 --> Too few arguments to function App\Controllers\Home::editar_autor(), 0 passed in C:\xampp\htdocs\ProyectoTangananaEdition\system\CodeIgniter.php on line 904 and exactly 1 expected
in APPPATH\Controllers\Home.php on line 678.
 1 SYSTEMPATH\CodeIgniter.php(904): App\Controllers\Home->editar_autor()
 2 SYSTEMPATH\CodeIgniter.php(457): CodeIgniter\CodeIgniter->runController(Object(App\Controllers\Home))
 3 SYSTEMPATH\CodeIgniter.php(340): CodeIgniter\CodeIgniter->handleRequest(null, Object(Config\Cache), false)
 4 FCPATH\index.php(67): CodeIgniter\CodeIgniter->run()
CRITICAL - 2022-10-29 09:33:03 --> Too few arguments to function App\Controllers\Home::editar_autor(), 0 passed in C:\xampp\htdocs\ProyectoTangananaEdition\system\CodeIgniter.php on line 904 and exactly 1 expected
in APPPATH\Controllers\Home.php on line 678.
 1 SYSTEMPATH\CodeIgniter.php(904): App\Controllers\Home->editar_autor()
 2 SYSTEMPATH\CodeIgniter.php(457): CodeIgniter\CodeIgniter->runController(Object(App\Controllers\Home))
 3 SYSTEMPATH\CodeIgniter.php(340): CodeIgniter\CodeIgniter->handleRequest(null, Object(Config\Cache), false)
 4 FCPATH\index.php(67): CodeIgniter\CodeIgniter->run()
CRITICAL - 2022-10-29 09:33:08 --> Too few arguments to function App\Controllers\Home::editar_autor(), 0 passed in C:\xampp\htdocs\ProyectoTangananaEdition\system\CodeIgniter.php on line 904 and exactly 1 expected
in APPPATH\Controllers\Home.php on line 678.
 1 SYSTEMPATH\CodeIgniter.php(904): App\Controllers\Home->editar_autor()
 2 SYSTEMPATH\CodeIgniter.php(457): CodeIgniter\CodeIgniter->runController(Object(App\Controllers\Home))
 3 SYSTEMPATH\CodeIgniter.php(340): CodeIgniter\CodeIgniter->handleRequest(null, Object(Config\Cache), false)
 4 FCPATH\index.php(67): CodeIgniter\CodeIgniter->run()
CRITICAL - 2022-10-29 09:33:10 --> Too few arguments to function App\Controllers\Home::editar_autor(), 0 passed in C:\xampp\htdocs\ProyectoTangananaEdition\system\CodeIgniter.php on line 904 and exactly 1 expected
in APPPATH\Controllers\Home.php on line 678.
 1 SYSTEMPATH\CodeIgniter.php(904): App\Controllers\Home->editar_autor()
 2 SYSTEMPATH\CodeIgniter.php(457): CodeIgniter\CodeIgniter->runController(Object(App\Controllers\Home))
 3 SYSTEMPATH\CodeIgniter.php(340): CodeIgniter\CodeIgniter->handleRequest(null, Object(Config\Cache), false)
 4 FCPATH\index.php(67): CodeIgniter\CodeIgniter->run()
CRITICAL - 2022-10-29 09:33:13 --> Too few arguments to function App\Controllers\Home::editar_autor(), 0 passed in C:\xampp\htdocs\ProyectoTangananaEdition\system\CodeIgniter.php on line 904 and exactly 1 expected
in APPPATH\Controllers\Home.php on line 678.
 1 SYSTEMPATH\CodeIgniter.php(904): App\Controllers\Home->editar_autor()
 2 SYSTEMPATH\CodeIgniter.php(457): CodeIgniter\CodeIgniter->runController(Object(App\Controllers\Home))
 3 SYSTEMPATH\CodeIgniter.php(340): CodeIgniter\CodeIgniter->handleRequest(null, Object(Config\Cache), false)
 4 FCPATH\index.php(67): CodeIgniter\CodeIgniter->run()
CRITICAL - 2022-10-29 09:34:55 --> Too few arguments to function App\Controllers\Home::editar_autor(), 0 passed in C:\xampp\htdocs\ProyectoTangananaEdition\system\CodeIgniter.php on line 904 and exactly 1 expected
in APPPATH\Controllers\Home.php on line 678.
 1 SYSTEMPATH\CodeIgniter.php(904): App\Controllers\Home->editar_autor()
 2 SYSTEMPATH\CodeIgniter.php(457): CodeIgniter\CodeIgniter->runController(Object(App\Controllers\Home))
 3 SYSTEMPATH\CodeIgniter.php(340): CodeIgniter\CodeIgniter->handleRequest(null, Object(Config\Cache), false)
 4 FCPATH\index.php(67): CodeIgniter\CodeIgniter->run()
CRITICAL - 2022-10-29 09:34:56 --> Too few arguments to function App\Controllers\Home::editar_autor(), 0 passed in C:\xampp\htdocs\ProyectoTangananaEdition\system\CodeIgniter.php on line 904 and exactly 1 expected
in APPPATH\Controllers\Home.php on line 678.
 1 SYSTEMPATH\CodeIgniter.php(904): App\Controllers\Home->editar_autor()
 2 SYSTEMPATH\CodeIgniter.php(457): CodeIgniter\CodeIgniter->runController(Object(App\Controllers\Home))
 3 SYSTEMPATH\CodeIgniter.php(340): CodeIgniter\CodeIgniter->handleRequest(null, Object(Config\Cache), false)
 4 FCPATH\index.php(67): CodeIgniter\CodeIgniter->run()
CRITICAL - 2022-10-29 09:34:56 --> Too few arguments to function App\Controllers\Home::editar_autor(), 0 passed in C:\xampp\htdocs\ProyectoTangananaEdition\system\CodeIgniter.php on line 904 and exactly 1 expected
in APPPATH\Controllers\Home.php on line 678.
 1 SYSTEMPATH\CodeIgniter.php(904): App\Controllers\Home->editar_autor()
 2 SYSTEMPATH\CodeIgniter.php(457): CodeIgniter\CodeIgniter->runController(Object(App\Controllers\Home))
 3 SYSTEMPATH\CodeIgniter.php(340): CodeIgniter\CodeIgniter->handleRequest(null, Object(Config\Cache), false)
 4 FCPATH\index.php(67): CodeIgniter\CodeIgniter->run()
CRITICAL - 2022-10-29 09:34:56 --> Too few arguments to function App\Controllers\Home::editar_autor(), 0 passed in C:\xampp\htdocs\ProyectoTangananaEdition\system\CodeIgniter.php on line 904 and exactly 1 expected
in APPPATH\Controllers\Home.php on line 678.
 1 SYSTEMPATH\CodeIgniter.php(904): App\Controllers\Home->editar_autor()
 2 SYSTEMPATH\CodeIgniter.php(457): CodeIgniter\CodeIgniter->runController(Object(App\Controllers\Home))
 3 SYSTEMPATH\CodeIgniter.php(340): CodeIgniter\CodeIgniter->handleRequest(null, Object(Config\Cache), false)
 4 FCPATH\index.php(67): CodeIgniter\CodeIgniter->run()
CRITICAL - 2022-10-29 09:39:48 --> There is no data to update.
in SYSTEMPATH\BaseModel.php on line 1577.
 1 SYSTEMPATH\BaseModel.php(1577): CodeIgniter\Database\Exceptions\DataException::forEmptyDataset('update')
 2 SYSTEMPATH\BaseModel.php(832): CodeIgniter\BaseModel->transformDataToArray(null, 'update')
 3 SYSTEMPATH\Model.php(693): CodeIgniter\BaseModel->update([...], null)
 4 APPPATH\Controllers\Home.php(692): CodeIgniter\Model->update([...])
 5 SYSTEMPATH\CodeIgniter.php(904): App\Controllers\Home->editar_autor('.$id->')
 6 SYSTEMPATH\CodeIgniter.php(457): CodeIgniter\CodeIgniter->runController(Object(App\Controllers\Home))
 7 SYSTEMPATH\CodeIgniter.php(340): CodeIgniter\CodeIgniter->handleRequest(null, Object(Config\Cache), false)
 8 FCPATH\index.php(67): CodeIgniter\CodeIgniter->run()
CRITICAL - 2022-10-29 09:40:28 --> There is no data to update.
in SYSTEMPATH\BaseModel.php on line 1577.
 1 SYSTEMPATH\BaseModel.php(1577): CodeIgniter\Database\Exceptions\DataException::forEmptyDataset('update')
 2 SYSTEMPATH\BaseModel.php(832): CodeIgniter\BaseModel->transformDataToArray(null, 'update')
 3 SYSTEMPATH\Model.php(693): CodeIgniter\BaseModel->update([...], null)
 4 APPPATH\Controllers\Home.php(692): CodeIgniter\Model->update([...])
 5 SYSTEMPATH\CodeIgniter.php(904): App\Controllers\Home->editar_autor('.$id->')
 6 SYSTEMPATH\CodeIgniter.php(457): CodeIgniter\CodeIgniter->runController(Object(App\Controllers\Home))
 7 SYSTEMPATH\CodeIgniter.php(340): CodeIgniter\CodeIgniter->handleRequest(null, Object(Config\Cache), false)
 8 FCPATH\index.php(67): CodeIgniter\CodeIgniter->run()
CRITICAL - 2022-10-29 09:40:30 --> There is no data to update.
in SYSTEMPATH\BaseModel.php on line 1577.
 1 SYSTEMPATH\BaseModel.php(1577): CodeIgniter\Database\Exceptions\DataException::forEmptyDataset('update')
 2 SYSTEMPATH\BaseModel.php(832): CodeIgniter\BaseModel->transformDataToArray(null, 'update')
 3 SYSTEMPATH\Model.php(693): CodeIgniter\BaseModel->update([...], null)
 4 APPPATH\Controllers\Home.php(692): CodeIgniter\Model->update([...])
 5 SYSTEMPATH\CodeIgniter.php(904): App\Controllers\Home->editar_autor('.$id->')
 6 SYSTEMPATH\CodeIgniter.php(457): CodeIgniter\CodeIgniter->runController(Object(App\Controllers\Home))
 7 SYSTEMPATH\CodeIgniter.php(340): CodeIgniter\CodeIgniter->handleRequest(null, Object(Config\Cache), false)
 8 FCPATH\index.php(67): CodeIgniter\CodeIgniter->run()
CRITICAL - 2022-10-29 09:45:34 --> Undefined variable $item
in APPPATH\Views\formularios\formularioAutorEditar.php on line 51.
 1 APPPATH\Views\formularios\formularioAutorEditar.php(51): CodeIgniter\Debug\Exceptions->errorHandler(2, 'Undefined variable $item', 'APPPATH\\Views\\formularios\\formularioAutorEditar.php', 51)
 2 SYSTEMPATH\View\View.php(213): include('APPPATH\\Views\\formularios\\formularioAutorEditar.php')
 3 SYSTEMPATH\View\View.php(216): CodeIgniter\View\View->CodeIgniter\View\{closure}()
 4 SYSTEMPATH\Common.php(1142): CodeIgniter\View\View->render('formularios/formularioAutorEditar', [], true)
 5 APPPATH\Controllers\Home.php(673): view('formularios/formularioAutorEditar', [...])
 6 SYSTEMPATH\CodeIgniter.php(904): App\Controllers\Home->enviarEditarAutor()
 7 SYSTEMPATH\CodeIgniter.php(457): CodeIgniter\CodeIgniter->runController(Object(App\Controllers\Home))
 8 SYSTEMPATH\CodeIgniter.php(340): CodeIgniter\CodeIgniter->handleRequest(null, Object(Config\Cache), false)
 9 FCPATH\index.php(67): CodeIgniter\CodeIgniter->run()
CRITICAL - 2022-10-29 09:46:29 --> Undefined variable $aux
in APPPATH\Controllers\Home.php on line 693.
 1 APPPATH\Controllers\Home.php(693): CodeIgniter\Debug\Exceptions->errorHandler(2, 'Undefined variable $aux', 'APPPATH\\Controllers\\Home.php', 693)
 2 SYSTEMPATH\CodeIgniter.php(904): App\Controllers\Home->editar_autor()
 3 SYSTEMPATH\CodeIgniter.php(457): CodeIgniter\CodeIgniter->runController(Object(App\Controllers\Home))
 4 SYSTEMPATH\CodeIgniter.php(340): CodeIgniter\CodeIgniter->handleRequest(null, Object(Config\Cache), false)
 5 FCPATH\index.php(67): CodeIgniter\CodeIgniter->run()
CRITICAL - 2022-10-29 09:47:05 --> Undefined variable $model
in APPPATH\Controllers\Home.php on line 700.
 1 APPPATH\Controllers\Home.php(700): CodeIgniter\Debug\Exceptions->errorHandler(2, 'Undefined variable $model', 'APPPATH\\Controllers\\Home.php', 700)
 2 SYSTEMPATH\CodeIgniter.php(904): App\Controllers\Home->editar_autor()
 3 SYSTEMPATH\CodeIgniter.php(457): CodeIgniter\CodeIgniter->runController(Object(App\Controllers\Home))
 4 SYSTEMPATH\CodeIgniter.php(340): CodeIgniter\CodeIgniter->handleRequest(null, Object(Config\Cache), false)
 5 FCPATH\index.php(67): CodeIgniter\CodeIgniter->run()
CRITICAL - 2022-10-29 09:47:41 --> Undefined variable $model
in APPPATH\Controllers\Home.php on line 700.
 1 APPPATH\Controllers\Home.php(700): CodeIgniter\Debug\Exceptions->errorHandler(2, 'Undefined variable $model', 'APPPATH\\Controllers\\Home.php', 700)
 2 SYSTEMPATH\CodeIgniter.php(904): App\Controllers\Home->editar_autor()
 3 SYSTEMPATH\CodeIgniter.php(457): CodeIgniter\CodeIgniter->runController(Object(App\Controllers\Home))
 4 SYSTEMPATH\CodeIgniter.php(340): CodeIgniter\CodeIgniter->handleRequest(null, Object(Config\Cache), false)
 5 FCPATH\index.php(67): CodeIgniter\CodeIgniter->run()
CRITICAL - 2022-10-29 09:47:43 --> Undefined variable $model
in APPPATH\Controllers\Home.php on line 700.
 1 APPPATH\Controllers\Home.php(700): CodeIgniter\Debug\Exceptions->errorHandler(2, 'Undefined variable $model', 'APPPATH\\Controllers\\Home.php', 700)
 2 SYSTEMPATH\CodeIgniter.php(904): App\Controllers\Home->editar_autor()
 3 SYSTEMPATH\CodeIgniter.php(457): CodeIgniter\CodeIgniter->runController(Object(App\Controllers\Home))
 4 SYSTEMPATH\CodeIgniter.php(340): CodeIgniter\CodeIgniter->handleRequest(null, Object(Config\Cache), false)
 5 FCPATH\index.php(67): CodeIgniter\CodeIgniter->run()
CRITICAL - 2022-10-29 09:48:00 --> There is no data to update.
in SYSTEMPATH\BaseModel.php on line 1577.
 1 SYSTEMPATH\BaseModel.php(1577): CodeIgniter\Database\Exceptions\DataException::forEmptyDataset('update')
 2 SYSTEMPATH\BaseModel.php(832): CodeIgniter\BaseModel->transformDataToArray(null, 'update')
 3 SYSTEMPATH\Model.php(693): CodeIgniter\BaseModel->update([...], null)
 4 APPPATH\Controllers\Home.php(700): CodeIgniter\Model->update([...])
 5 SYSTEMPATH\CodeIgniter.php(904): App\Controllers\Home->editar_autor()
 6 SYSTEMPATH\CodeIgniter.php(457): CodeIgniter\CodeIgniter->runController(Object(App\Controllers\Home))
 7 SYSTEMPATH\CodeIgniter.php(340): CodeIgniter\CodeIgniter->handleRequest(null, Object(Config\Cache), false)
 8 FCPATH\index.php(67): CodeIgniter\CodeIgniter->run()
CRITICAL - 2022-10-29 09:48:18 --> There is no data to update.
in SYSTEMPATH\BaseModel.php on line 1577.
 1 SYSTEMPATH\BaseModel.php(1577): CodeIgniter\Database\Exceptions\DataException::forEmptyDataset('update')
 2 SYSTEMPATH\BaseModel.php(832): CodeIgniter\BaseModel->transformDataToArray(null, 'update')
 3 SYSTEMPATH\Model.php(693): CodeIgniter\BaseModel->update([...], null)
 4 APPPATH\Controllers\Home.php(700): CodeIgniter\Model->update([...])
 5 SYSTEMPATH\CodeIgniter.php(904): App\Controllers\Home->editar_autor()
 6 SYSTEMPATH\CodeIgniter.php(457): CodeIgniter\CodeIgniter->runController(Object(App\Controllers\Home))
 7 SYSTEMPATH\CodeIgniter.php(340): CodeIgniter\CodeIgniter->handleRequest(null, Object(Config\Cache), false)
 8 FCPATH\index.php(67): CodeIgniter\CodeIgniter->run()
CRITICAL - 2022-10-29 09:48:22 --> There is no data to update.
in SYSTEMPATH\BaseModel.php on line 1577.
 1 SYSTEMPATH\BaseModel.php(1577): CodeIgniter\Database\Exceptions\DataException::forEmptyDataset('update')
 2 SYSTEMPATH\BaseModel.php(832): CodeIgniter\BaseModel->transformDataToArray(null, 'update')
 3 SYSTEMPATH\Model.php(693): CodeIgniter\BaseModel->update([...], null)
 4 APPPATH\Controllers\Home.php(700): CodeIgniter\Model->update([...])
 5 SYSTEMPATH\CodeIgniter.php(904): App\Controllers\Home->editar_autor()
 6 SYSTEMPATH\CodeIgniter.php(457): CodeIgniter\CodeIgniter->runController(Object(App\Controllers\Home))
 7 SYSTEMPATH\CodeIgniter.php(340): CodeIgniter\CodeIgniter->handleRequest(null, Object(Config\Cache), false)
 8 FCPATH\index.php(67): CodeIgniter\CodeIgniter->run()
CRITICAL - 2022-10-29 09:48:33 --> There is no data to update.
in SYSTEMPATH\BaseModel.php on line 1577.
 1 SYSTEMPATH\BaseModel.php(1577): CodeIgniter\Database\Exceptions\DataException::forEmptyDataset('update')
 2 SYSTEMPATH\BaseModel.php(832): CodeIgniter\BaseModel->transformDataToArray(null, 'update')
 3 SYSTEMPATH\Model.php(693): CodeIgniter\BaseModel->update([...], null)
 4 APPPATH\Controllers\Home.php(700): CodeIgniter\Model->update([...])
 5 SYSTEMPATH\CodeIgniter.php(904): App\Controllers\Home->editar_autor()
 6 SYSTEMPATH\CodeIgniter.php(457): CodeIgniter\CodeIgniter->runController(Object(App\Controllers\Home))
 7 SYSTEMPATH\CodeIgniter.php(340): CodeIgniter\CodeIgniter->handleRequest(null, Object(Config\Cache), false)
 8 FCPATH\index.php(67): CodeIgniter\CodeIgniter->run()
CRITICAL - 2022-10-29 09:49:00 --> There is no data to update.
in SYSTEMPATH\BaseModel.php on line 1577.
 1 SYSTEMPATH\BaseModel.php(1577): CodeIgniter\Database\Exceptions\DataException::forEmptyDataset('update')
 2 SYSTEMPATH\BaseModel.php(832): CodeIgniter\BaseModel->transformDataToArray(null, 'update')
 3 SYSTEMPATH\Model.php(693): CodeIgniter\BaseModel->update([...], null)
 4 APPPATH\Controllers\Home.php(701): CodeIgniter\Model->update([...])
 5 SYSTEMPATH\CodeIgniter.php(904): App\Controllers\Home->editar_autor()
 6 SYSTEMPATH\CodeIgniter.php(457): CodeIgniter\CodeIgniter->runController(Object(App\Controllers\Home))
 7 SYSTEMPATH\CodeIgniter.php(340): CodeIgniter\CodeIgniter->handleRequest(null, Object(Config\Cache), false)
 8 FCPATH\index.php(67): CodeIgniter\CodeIgniter->run()
CRITICAL - 2022-10-29 09:49:31 --> There is no data to update.
in SYSTEMPATH\BaseModel.php on line 1577.
 1 SYSTEMPATH\BaseModel.php(1577): CodeIgniter\Database\Exceptions\DataException::forEmptyDataset('update')
 2 SYSTEMPATH\BaseModel.php(832): CodeIgniter\BaseModel->transformDataToArray(null, 'update')
 3 SYSTEMPATH\Model.php(693): CodeIgniter\BaseModel->update([...], null)
 4 APPPATH\Controllers\Home.php(702): CodeIgniter\Model->update([...])
 5 SYSTEMPATH\CodeIgniter.php(904): App\Controllers\Home->editar_autor()
 6 SYSTEMPATH\CodeIgniter.php(457): CodeIgniter\CodeIgniter->runController(Object(App\Controllers\Home))
 7 SYSTEMPATH\CodeIgniter.php(340): CodeIgniter\CodeIgniter->handleRequest(null, Object(Config\Cache), false)
 8 FCPATH\index.php(67): CodeIgniter\CodeIgniter->run()
CRITICAL - 2022-10-29 09:50:34 --> Undefined variable $listaError
in APPPATH\Views\paginas\errores.php on line 16.
 1 APPPATH\Views\paginas\errores.php(16): CodeIgniter\Debug\Exceptions->errorHandler(2, 'Undefined variable $listaError', 'APPPATH\\Views\\paginas\\errores.php', 16)
 2 SYSTEMPATH\View\View.php(213): include('APPPATH\\Views\\paginas\\errores.php')
 3 SYSTEMPATH\View\View.php(216): CodeIgniter\View\View->CodeIgniter\View\{closure}()
 4 SYSTEMPATH\Common.php(1142): CodeIgniter\View\View->render('paginas/errores', [], true)
 5 APPPATH\Views\paginas\gif.php(11): view('paginas/errores')
 6 SYSTEMPATH\View\View.php(213): include('APPPATH\\Views\\paginas\\gif.php')
 7 SYSTEMPATH\View\View.php(216): CodeIgniter\View\View->CodeIgniter\View\{closure}()
 8 SYSTEMPATH\Common.php(1142): CodeIgniter\View\View->render('paginas/gif', [], true)
 9 APPPATH\Controllers\Home.php(713): view('paginas/gif', [...])
10 SYSTEMPATH\CodeIgniter.php(904): App\Controllers\Home->editar_autor()
11 SYSTEMPATH\CodeIgniter.php(457): CodeIgniter\CodeIgniter->runController(Object(App\Controllers\Home))
12 SYSTEMPATH\CodeIgniter.php(340): CodeIgniter\CodeIgniter->handleRequest(null, Object(Config\Cache), false)
13 FCPATH\index.php(67): CodeIgniter\CodeIgniter->run()
ERROR - 2022-10-29 09:53:04 --> mysqli_sql_exception: Cannot delete or update a parent row: a foreign key constraint fails (`biblioteca`.`libro`, CONSTRAINT `FK_libro_autor` FOREIGN KEY (`autorID`) REFERENCES `autor` (`autorID`) ON DELETE NO ACTION ON UPDATE NO ACTION) in C:\xampp\htdocs\ProyectoTangananaEdition\system\Database\MySQLi\Connection.php:292
Stack trace:
#0 C:\xampp\htdocs\ProyectoTangananaEdition\system\Database\MySQLi\Connection.php(292): mysqli->query('REPLACE INTO `a...', 0)
#1 C:\xampp\htdocs\ProyectoTangananaEdition\system\Database\BaseConnection.php(693): CodeIgniter\Database\MySQLi\Connection->execute('REPLACE INTO `a...')
#2 C:\xampp\htdocs\ProyectoTangananaEdition\system\Database\BaseConnection.php(620): CodeIgniter\Database\BaseConnection->simpleQuery('REPLACE INTO `a...')
#3 C:\xampp\htdocs\ProyectoTangananaEdition\system\Database\BaseBuilder.php(2001): CodeIgniter\Database\BaseConnection->query('REPLACE INTO `a...', Array, false)
#4 C:\xampp\htdocs\ProyectoTangananaEdition\system\Model.php(439): CodeIgniter\Database\BaseBuilder->replace(Array)
#5 C:\xampp\htdocs\ProyectoTangananaEdition\system\BaseModel.php(1038): CodeIgniter\Model->doReplace(Array, false)
#6 C:\xampp\htdocs\ProyectoTangananaEdition\app\Controllers\Home.php(702): CodeIgniter\BaseModel->replace(Array)
#7 C:\xampp\htdocs\ProyectoTangananaEdition\system\CodeIgniter.php(904): App\Controllers\Home->editar_autor()
#8 C:\xampp\htdocs\ProyectoTangananaEdition\system\CodeIgniter.php(457): CodeIgniter\CodeIgniter->runController(Object(App\Controllers\Home))
#9 C:\xampp\htdocs\ProyectoTangananaEdition\system\CodeIgniter.php(340): CodeIgniter\CodeIgniter->handleRequest(NULL, Object(Config\Cache), false)
#10 C:\xampp\htdocs\ProyectoTangananaEdition\index.php(67): CodeIgniter\CodeIgniter->run()
#11 {main}
