CRITICAL - 2022-10-31 12:49:59 --> Cannot redeclare App\Controllers\Home::editar_libro()
in APPPATH\Controllers\Home.php on line 1112.
 1 [internal function]: CodeIgniter\Debug\Exceptions->shutdownHandler()
CRITICAL - 2022-10-31 12:53:29 --> Unclosed '{' on line 28
in APPPATH\Views\formularios\formularioLibroEditar.php on line 132.
 1 SYSTEMPATH\View\View.php(216): CodeIgniter\View\View->CodeIgniter\View\{closure}()
 2 SYSTEMPATH\Common.php(1142): CodeIgniter\View\View->render('formularios/formularioLibroEditar', [], true)
 3 APPPATH\Controllers\Home.php(1105): view('formularios/formularioLibroEditar', [...])
 4 SYSTEMPATH\CodeIgniter.php(904): App\Controllers\Home->enviarEditarLibro()
 5 SYSTEMPATH\CodeIgniter.php(457): CodeIgniter\CodeIgniter->runController(Object(App\Controllers\Home))
 6 SYSTEMPATH\CodeIgniter.php(340): CodeIgniter\CodeIgniter->handleRequest(null, Object(Config\Cache), false)
 7 FCPATH\index.php(67): CodeIgniter\CodeIgniter->run()
ERROR - 2022-10-31 12:55:46 --> mysqli_sql_exception: Cannot add or update a child row: a foreign key constraint fails (`biblioteca`.`libro`, CONSTRAINT `FK_libro_autor` FOREIGN KEY (`autorID`) REFERENCES `autor` (`autorID`) ON DELETE NO ACTION ON UPDATE NO ACTION) in C:\xampp\htdocs\ProyectoTangananaEdition\system\Database\MySQLi\Connection.php:292
Stack trace:
#0 C:\xampp\htdocs\ProyectoTangananaEdition\system\Database\MySQLi\Connection.php(292): mysqli->query('INSERT INTO `li...', 0)
#1 C:\xampp\htdocs\ProyectoTangananaEdition\system\Database\BaseConnection.php(693): CodeIgniter\Database\MySQLi\Connection->execute('INSERT INTO `li...')
#2 C:\xampp\htdocs\ProyectoTangananaEdition\system\Database\BaseConnection.php(620): CodeIgniter\Database\BaseConnection->simpleQuery('INSERT INTO `li...')
#3 C:\xampp\htdocs\ProyectoTangananaEdition\system\Database\BaseBuilder.php(1916): CodeIgniter\Database\BaseConnection->query('INSERT INTO `li...', Array, false)
#4 C:\xampp\htdocs\ProyectoTangananaEdition\system\Model.php(279): CodeIgniter\Database\BaseBuilder->insert()
#5 C:\xampp\htdocs\ProyectoTangananaEdition\system\BaseModel.php(738): CodeIgniter\Model->doInsert(Array)
#6 C:\xampp\htdocs\ProyectoTangananaEdition\system\Model.php(667): CodeIgniter\BaseModel->insert(Array, true)
#7 C:\xampp\htdocs\ProyectoTangananaEdition\app\Controllers\Home.php(462): CodeIgniter\Model->insert(Array)
#8 C:\xampp\htdocs\ProyectoTangananaEdition\system\CodeIgniter.php(904): App\Controllers\Home->crear_libro()
#9 C:\xampp\htdocs\ProyectoTangananaEdition\system\CodeIgniter.php(457): CodeIgniter\CodeIgniter->runController(Object(App\Controllers\Home))
#10 C:\xampp\htdocs\ProyectoTangananaEdition\system\CodeIgniter.php(340): CodeIgniter\CodeIgniter->handleRequest(NULL, Object(Config\Cache), false)
#11 C:\xampp\htdocs\ProyectoTangananaEdition\index.php(67): CodeIgniter\CodeIgniter->run()
#12 {main}
CRITICAL - 2022-10-31 12:55:47 --> Invalid file: formularios/formularioLibro.php
in SYSTEMPATH\Exceptions\FrameworkException.php on line 33.
 1 SYSTEMPATH\View\View.php(201): CodeIgniter\Exceptions\FrameworkException::forInvalidFile('formularios/formularioLibro.php')
 2 SYSTEMPATH\Common.php(1142): CodeIgniter\View\View->render('formularios/formularioLibro', [], true)
 3 APPPATH\Controllers\Home.php(486): view('formularios/formularioLibro', [...])
 4 SYSTEMPATH\CodeIgniter.php(904): App\Controllers\Home->crear_libro()
 5 SYSTEMPATH\CodeIgniter.php(457): CodeIgniter\CodeIgniter->runController(Object(App\Controllers\Home))
 6 SYSTEMPATH\CodeIgniter.php(340): CodeIgniter\CodeIgniter->handleRequest(null, Object(Config\Cache), false)
 7 FCPATH\index.php(67): CodeIgniter\CodeIgniter->run()
ERROR - 2022-10-31 12:58:45 --> mysqli_sql_exception: Cannot add or update a child row: a foreign key constraint fails (`biblioteca`.`libro`, CONSTRAINT `FK_libro_autor` FOREIGN KEY (`autorID`) REFERENCES `autor` (`autorID`) ON DELETE NO ACTION ON UPDATE NO ACTION) in C:\xampp\htdocs\ProyectoTangananaEdition\system\Database\MySQLi\Connection.php:292
Stack trace:
#0 C:\xampp\htdocs\ProyectoTangananaEdition\system\Database\MySQLi\Connection.php(292): mysqli->query('INSERT INTO `li...', 0)
#1 C:\xampp\htdocs\ProyectoTangananaEdition\system\Database\BaseConnection.php(693): CodeIgniter\Database\MySQLi\Connection->execute('INSERT INTO `li...')
#2 C:\xampp\htdocs\ProyectoTangananaEdition\system\Database\BaseConnection.php(620): CodeIgniter\Database\BaseConnection->simpleQuery('INSERT INTO `li...')
#3 C:\xampp\htdocs\ProyectoTangananaEdition\system\Database\BaseBuilder.php(1916): CodeIgniter\Database\BaseConnection->query('INSERT INTO `li...', Array, false)
#4 C:\xampp\htdocs\ProyectoTangananaEdition\system\Model.php(279): CodeIgniter\Database\BaseBuilder->insert()
#5 C:\xampp\htdocs\ProyectoTangananaEdition\system\BaseModel.php(738): CodeIgniter\Model->doInsert(Array)
#6 C:\xampp\htdocs\ProyectoTangananaEdition\system\Model.php(667): CodeIgniter\BaseModel->insert(Array, true)
#7 C:\xampp\htdocs\ProyectoTangananaEdition\app\Controllers\Home.php(462): CodeIgniter\Model->insert(Array)
#8 C:\xampp\htdocs\ProyectoTangananaEdition\system\CodeIgniter.php(904): App\Controllers\Home->crear_libro()
#9 C:\xampp\htdocs\ProyectoTangananaEdition\system\CodeIgniter.php(457): CodeIgniter\CodeIgniter->runController(Object(App\Controllers\Home))
#10 C:\xampp\htdocs\ProyectoTangananaEdition\system\CodeIgniter.php(340): CodeIgniter\CodeIgniter->handleRequest(NULL, Object(Config\Cache), false)
#11 C:\xampp\htdocs\ProyectoTangananaEdition\index.php(67): CodeIgniter\CodeIgniter->run()
#12 {main}
CRITICAL - 2022-10-31 12:58:45 --> Invalid file: formularios/formularioLibro.php
in SYSTEMPATH\Exceptions\FrameworkException.php on line 33.
 1 SYSTEMPATH\View\View.php(201): CodeIgniter\Exceptions\FrameworkException::forInvalidFile('formularios/formularioLibro.php')
 2 SYSTEMPATH\Common.php(1142): CodeIgniter\View\View->render('formularios/formularioLibro', [], true)
 3 APPPATH\Controllers\Home.php(486): view('formularios/formularioLibro', [...])
 4 SYSTEMPATH\CodeIgniter.php(904): App\Controllers\Home->crear_libro()
 5 SYSTEMPATH\CodeIgniter.php(457): CodeIgniter\CodeIgniter->runController(Object(App\Controllers\Home))
 6 SYSTEMPATH\CodeIgniter.php(340): CodeIgniter\CodeIgniter->handleRequest(null, Object(Config\Cache), false)
 7 FCPATH\index.php(67): CodeIgniter\CodeIgniter->run()
ERROR - 2022-10-31 12:58:50 --> mysqli_sql_exception: Cannot add or update a child row: a foreign key constraint fails (`biblioteca`.`libro`, CONSTRAINT `FK_libro_autor` FOREIGN KEY (`autorID`) REFERENCES `autor` (`autorID`) ON DELETE NO ACTION ON UPDATE NO ACTION) in C:\xampp\htdocs\ProyectoTangananaEdition\system\Database\MySQLi\Connection.php:292
Stack trace:
#0 C:\xampp\htdocs\ProyectoTangananaEdition\system\Database\MySQLi\Connection.php(292): mysqli->query('INSERT INTO `li...', 0)
#1 C:\xampp\htdocs\ProyectoTangananaEdition\system\Database\BaseConnection.php(693): CodeIgniter\Database\MySQLi\Connection->execute('INSERT INTO `li...')
#2 C:\xampp\htdocs\ProyectoTangananaEdition\system\Database\BaseConnection.php(620): CodeIgniter\Database\BaseConnection->simpleQuery('INSERT INTO `li...')
#3 C:\xampp\htdocs\ProyectoTangananaEdition\system\Database\BaseBuilder.php(1916): CodeIgniter\Database\BaseConnection->query('INSERT INTO `li...', Array, false)
#4 C:\xampp\htdocs\ProyectoTangananaEdition\system\Model.php(279): CodeIgniter\Database\BaseBuilder->insert()
#5 C:\xampp\htdocs\ProyectoTangananaEdition\system\BaseModel.php(738): CodeIgniter\Model->doInsert(Array)
#6 C:\xampp\htdocs\ProyectoTangananaEdition\system\Model.php(667): CodeIgniter\BaseModel->insert(Array, true)
#7 C:\xampp\htdocs\ProyectoTangananaEdition\app\Controllers\Home.php(462): CodeIgniter\Model->insert(Array)
#8 C:\xampp\htdocs\ProyectoTangananaEdition\system\CodeIgniter.php(904): App\Controllers\Home->crear_libro()
#9 C:\xampp\htdocs\ProyectoTangananaEdition\system\CodeIgniter.php(457): CodeIgniter\CodeIgniter->runController(Object(App\Controllers\Home))
#10 C:\xampp\htdocs\ProyectoTangananaEdition\system\CodeIgniter.php(340): CodeIgniter\CodeIgniter->handleRequest(NULL, Object(Config\Cache), false)
#11 C:\xampp\htdocs\ProyectoTangananaEdition\index.php(67): CodeIgniter\CodeIgniter->run()
#12 {main}
CRITICAL - 2022-10-31 12:58:50 --> Invalid file: formularios/formularioLibro.php
in SYSTEMPATH\Exceptions\FrameworkException.php on line 33.
 1 SYSTEMPATH\View\View.php(201): CodeIgniter\Exceptions\FrameworkException::forInvalidFile('formularios/formularioLibro.php')
 2 SYSTEMPATH\Common.php(1142): CodeIgniter\View\View->render('formularios/formularioLibro', [], true)
 3 APPPATH\Controllers\Home.php(486): view('formularios/formularioLibro', [...])
 4 SYSTEMPATH\CodeIgniter.php(904): App\Controllers\Home->crear_libro()
 5 SYSTEMPATH\CodeIgniter.php(457): CodeIgniter\CodeIgniter->runController(Object(App\Controllers\Home))
 6 SYSTEMPATH\CodeIgniter.php(340): CodeIgniter\CodeIgniter->handleRequest(null, Object(Config\Cache), false)
 7 FCPATH\index.php(67): CodeIgniter\CodeIgniter->run()
ERROR - 2022-10-31 13:00:45 --> mysqli_sql_exception: Cannot add or update a child row: a foreign key constraint fails (`biblioteca`.`libro`, CONSTRAINT `FK_libro_autor` FOREIGN KEY (`autorID`) REFERENCES `autor` (`autorID`) ON DELETE NO ACTION ON UPDATE NO ACTION) in C:\xampp\htdocs\ProyectoTangananaEdition\system\Database\MySQLi\Connection.php:292
Stack trace:
#0 C:\xampp\htdocs\ProyectoTangananaEdition\system\Database\MySQLi\Connection.php(292): mysqli->query('INSERT INTO `li...', 0)
#1 C:\xampp\htdocs\ProyectoTangananaEdition\system\Database\BaseConnection.php(693): CodeIgniter\Database\MySQLi\Connection->execute('INSERT INTO `li...')
#2 C:\xampp\htdocs\ProyectoTangananaEdition\system\Database\BaseConnection.php(620): CodeIgniter\Database\BaseConnection->simpleQuery('INSERT INTO `li...')
#3 C:\xampp\htdocs\ProyectoTangananaEdition\system\Database\BaseBuilder.php(1916): CodeIgniter\Database\BaseConnection->query('INSERT INTO `li...', Array, false)
#4 C:\xampp\htdocs\ProyectoTangananaEdition\system\Model.php(279): CodeIgniter\Database\BaseBuilder->insert()
#5 C:\xampp\htdocs\ProyectoTangananaEdition\system\BaseModel.php(738): CodeIgniter\Model->doInsert(Array)
#6 C:\xampp\htdocs\ProyectoTangananaEdition\system\Model.php(667): CodeIgniter\BaseModel->insert(Array, true)
#7 C:\xampp\htdocs\ProyectoTangananaEdition\app\Controllers\Home.php(462): CodeIgniter\Model->insert(Array)
#8 C:\xampp\htdocs\ProyectoTangananaEdition\system\CodeIgniter.php(904): App\Controllers\Home->crear_libro()
#9 C:\xampp\htdocs\ProyectoTangananaEdition\system\CodeIgniter.php(457): CodeIgniter\CodeIgniter->runController(Object(App\Controllers\Home))
#10 C:\xampp\htdocs\ProyectoTangananaEdition\system\CodeIgniter.php(340): CodeIgniter\CodeIgniter->handleRequest(NULL, Object(Config\Cache), false)
#11 C:\xampp\htdocs\ProyectoTangananaEdition\index.php(67): CodeIgniter\CodeIgniter->run()
#12 {main}
CRITICAL - 2022-10-31 13:00:45 --> Invalid file: formularios/formularioLibro.php
in SYSTEMPATH\Exceptions\FrameworkException.php on line 33.
 1 SYSTEMPATH\View\View.php(201): CodeIgniter\Exceptions\FrameworkException::forInvalidFile('formularios/formularioLibro.php')
 2 SYSTEMPATH\Common.php(1142): CodeIgniter\View\View->render('formularios/formularioLibro', [], true)
 3 APPPATH\Controllers\Home.php(486): view('formularios/formularioLibro', [...])
 4 SYSTEMPATH\CodeIgniter.php(904): App\Controllers\Home->crear_libro()
 5 SYSTEMPATH\CodeIgniter.php(457): CodeIgniter\CodeIgniter->runController(Object(App\Controllers\Home))
 6 SYSTEMPATH\CodeIgniter.php(340): CodeIgniter\CodeIgniter->handleRequest(null, Object(Config\Cache), false)
 7 FCPATH\index.php(67): CodeIgniter\CodeIgniter->run()
ERROR - 2022-10-31 13:02:54 --> mysqli_sql_exception: Cannot add or update a child row: a foreign key constraint fails (`biblioteca`.`libro`, CONSTRAINT `FK_libro_autor` FOREIGN KEY (`autorID`) REFERENCES `autor` (`autorID`) ON DELETE NO ACTION ON UPDATE NO ACTION) in C:\xampp\htdocs\ProyectoTangananaEdition\system\Database\MySQLi\Connection.php:292
Stack trace:
#0 C:\xampp\htdocs\ProyectoTangananaEdition\system\Database\MySQLi\Connection.php(292): mysqli->query('INSERT INTO `li...', 0)
#1 C:\xampp\htdocs\ProyectoTangananaEdition\system\Database\BaseConnection.php(693): CodeIgniter\Database\MySQLi\Connection->execute('INSERT INTO `li...')
#2 C:\xampp\htdocs\ProyectoTangananaEdition\system\Database\BaseConnection.php(620): CodeIgniter\Database\BaseConnection->simpleQuery('INSERT INTO `li...')
#3 C:\xampp\htdocs\ProyectoTangananaEdition\system\Database\BaseBuilder.php(1916): CodeIgniter\Database\BaseConnection->query('INSERT INTO `li...', Array, false)
#4 C:\xampp\htdocs\ProyectoTangananaEdition\system\Model.php(279): CodeIgniter\Database\BaseBuilder->insert()
#5 C:\xampp\htdocs\ProyectoTangananaEdition\system\BaseModel.php(738): CodeIgniter\Model->doInsert(Array)
#6 C:\xampp\htdocs\ProyectoTangananaEdition\system\Model.php(667): CodeIgniter\BaseModel->insert(Array, true)
#7 C:\xampp\htdocs\ProyectoTangananaEdition\app\Controllers\Home.php(462): CodeIgniter\Model->insert(Array)
#8 C:\xampp\htdocs\ProyectoTangananaEdition\system\CodeIgniter.php(904): App\Controllers\Home->crear_libro()
#9 C:\xampp\htdocs\ProyectoTangananaEdition\system\CodeIgniter.php(457): CodeIgniter\CodeIgniter->runController(Object(App\Controllers\Home))
#10 C:\xampp\htdocs\ProyectoTangananaEdition\system\CodeIgniter.php(340): CodeIgniter\CodeIgniter->handleRequest(NULL, Object(Config\Cache), false)
#11 C:\xampp\htdocs\ProyectoTangananaEdition\index.php(67): CodeIgniter\CodeIgniter->run()
#12 {main}
CRITICAL - 2022-10-31 13:02:54 --> Invalid file: formularios/formularioLibro.php
in SYSTEMPATH\Exceptions\FrameworkException.php on line 33.
 1 SYSTEMPATH\View\View.php(201): CodeIgniter\Exceptions\FrameworkException::forInvalidFile('formularios/formularioLibro.php')
 2 SYSTEMPATH\Common.php(1142): CodeIgniter\View\View->render('formularios/formularioLibro', [], true)
 3 APPPATH\Controllers\Home.php(486): view('formularios/formularioLibro', [...])
 4 SYSTEMPATH\CodeIgniter.php(904): App\Controllers\Home->crear_libro()
 5 SYSTEMPATH\CodeIgniter.php(457): CodeIgniter\CodeIgniter->runController(Object(App\Controllers\Home))
 6 SYSTEMPATH\CodeIgniter.php(340): CodeIgniter\CodeIgniter->handleRequest(null, Object(Config\Cache), false)
 7 FCPATH\index.php(67): CodeIgniter\CodeIgniter->run()
CRITICAL - 2022-10-31 13:05:39 --> Undefined array key 0
in APPPATH\Controllers\Home.php on line 1143.
 1 APPPATH\Controllers\Home.php(1143): CodeIgniter\Debug\Exceptions->errorHandler(2, 'Undefined array key 0', 'APPPATH\\Controllers\\Home.php', 1143)
 2 SYSTEMPATH\CodeIgniter.php(904): App\Controllers\Home->editar_libro()
 3 SYSTEMPATH\CodeIgniter.php(457): CodeIgniter\CodeIgniter->runController(Object(App\Controllers\Home))
 4 SYSTEMPATH\CodeIgniter.php(340): CodeIgniter\CodeIgniter->handleRequest(null, Object(Config\Cache), false)
 5 FCPATH\index.php(67): CodeIgniter\CodeIgniter->run()
CRITICAL - 2022-10-31 13:06:13 --> Undefined array key 0
in APPPATH\Controllers\Home.php on line 1143.
 1 APPPATH\Controllers\Home.php(1143): CodeIgniter\Debug\Exceptions->errorHandler(2, 'Undefined array key 0', 'APPPATH\\Controllers\\Home.php', 1143)
 2 SYSTEMPATH\CodeIgniter.php(904): App\Controllers\Home->editar_libro()
 3 SYSTEMPATH\CodeIgniter.php(457): CodeIgniter\CodeIgniter->runController(Object(App\Controllers\Home))
 4 SYSTEMPATH\CodeIgniter.php(340): CodeIgniter\CodeIgniter->handleRequest(null, Object(Config\Cache), false)
 5 FCPATH\index.php(67): CodeIgniter\CodeIgniter->run()
CRITICAL - 2022-10-31 13:06:37 --> Undefined array key 0
in APPPATH\Controllers\Home.php on line 1139.
 1 APPPATH\Controllers\Home.php(1139): CodeIgniter\Debug\Exceptions->errorHandler(2, 'Undefined array key 0', 'APPPATH\\Controllers\\Home.php', 1139)
 2 SYSTEMPATH\CodeIgniter.php(904): App\Controllers\Home->editar_libro()
 3 SYSTEMPATH\CodeIgniter.php(457): CodeIgniter\CodeIgniter->runController(Object(App\Controllers\Home))
 4 SYSTEMPATH\CodeIgniter.php(340): CodeIgniter\CodeIgniter->handleRequest(null, Object(Config\Cache), false)
 5 FCPATH\index.php(67): CodeIgniter\CodeIgniter->run()
CRITICAL - 2022-10-31 13:06:45 --> Undefined array key 0
in APPPATH\Controllers\Home.php on line 1143.
 1 APPPATH\Controllers\Home.php(1143): CodeIgniter\Debug\Exceptions->errorHandler(2, 'Undefined array key 0', 'APPPATH\\Controllers\\Home.php', 1143)
 2 SYSTEMPATH\CodeIgniter.php(904): App\Controllers\Home->editar_libro()
 3 SYSTEMPATH\CodeIgniter.php(457): CodeIgniter\CodeIgniter->runController(Object(App\Controllers\Home))
 4 SYSTEMPATH\CodeIgniter.php(340): CodeIgniter\CodeIgniter->handleRequest(null, Object(Config\Cache), false)
 5 FCPATH\index.php(67): CodeIgniter\CodeIgniter->run()
CRITICAL - 2022-10-31 13:07:02 --> Undefined array key 0
in APPPATH\Controllers\Home.php on line 1143.
 1 APPPATH\Controllers\Home.php(1143): CodeIgniter\Debug\Exceptions->errorHandler(2, 'Undefined array key 0', 'APPPATH\\Controllers\\Home.php', 1143)
 2 SYSTEMPATH\CodeIgniter.php(904): App\Controllers\Home->editar_libro()
 3 SYSTEMPATH\CodeIgniter.php(457): CodeIgniter\CodeIgniter->runController(Object(App\Controllers\Home))
 4 SYSTEMPATH\CodeIgniter.php(340): CodeIgniter\CodeIgniter->handleRequest(null, Object(Config\Cache), false)
 5 FCPATH\index.php(67): CodeIgniter\CodeIgniter->run()
CRITICAL - 2022-10-31 13:07:22 --> Undefined array key 0
in APPPATH\Controllers\Home.php on line 1143.
 1 APPPATH\Controllers\Home.php(1143): CodeIgniter\Debug\Exceptions->errorHandler(2, 'Undefined array key 0', 'APPPATH\\Controllers\\Home.php', 1143)
 2 SYSTEMPATH\CodeIgniter.php(904): App\Controllers\Home->editar_libro()
 3 SYSTEMPATH\CodeIgniter.php(457): CodeIgniter\CodeIgniter->runController(Object(App\Controllers\Home))
 4 SYSTEMPATH\CodeIgniter.php(340): CodeIgniter\CodeIgniter->handleRequest(null, Object(Config\Cache), false)
 5 FCPATH\index.php(67): CodeIgniter\CodeIgniter->run()
CRITICAL - 2022-10-31 13:07:43 --> Undefined array key 0
in APPPATH\Controllers\Home.php on line 1143.
 1 APPPATH\Controllers\Home.php(1143): CodeIgniter\Debug\Exceptions->errorHandler(2, 'Undefined array key 0', 'APPPATH\\Controllers\\Home.php', 1143)
 2 SYSTEMPATH\CodeIgniter.php(904): App\Controllers\Home->editar_libro()
 3 SYSTEMPATH\CodeIgniter.php(457): CodeIgniter\CodeIgniter->runController(Object(App\Controllers\Home))
 4 SYSTEMPATH\CodeIgniter.php(340): CodeIgniter\CodeIgniter->handleRequest(null, Object(Config\Cache), false)
 5 FCPATH\index.php(67): CodeIgniter\CodeIgniter->run()
ERROR - 2022-10-31 13:09:08 --> mysqli_sql_exception: Cannot add or update a child row: a foreign key constraint fails (`biblioteca`.`libro`, CONSTRAINT `FK_libro_autor` FOREIGN KEY (`autorID`) REFERENCES `autor` (`autorID`) ON DELETE NO ACTION ON UPDATE NO ACTION) in C:\xampp\htdocs\ProyectoTangananaEdition\system\Database\MySQLi\Connection.php:292
Stack trace:
#0 C:\xampp\htdocs\ProyectoTangananaEdition\system\Database\MySQLi\Connection.php(292): mysqli->query('REPLACE INTO `l...', 0)
#1 C:\xampp\htdocs\ProyectoTangananaEdition\system\Database\BaseConnection.php(693): CodeIgniter\Database\MySQLi\Connection->execute('REPLACE INTO `l...')
#2 C:\xampp\htdocs\ProyectoTangananaEdition\system\Database\BaseConnection.php(620): CodeIgniter\Database\BaseConnection->simpleQuery('REPLACE INTO `l...')
#3 C:\xampp\htdocs\ProyectoTangananaEdition\system\Database\BaseBuilder.php(2001): CodeIgniter\Database\BaseConnection->query('REPLACE INTO `l...', Array, false)
#4 C:\xampp\htdocs\ProyectoTangananaEdition\system\Model.php(439): CodeIgniter\Database\BaseBuilder->replace(Array)
#5 C:\xampp\htdocs\ProyectoTangananaEdition\system\BaseModel.php(1038): CodeIgniter\Model->doReplace(Array, false)
#6 C:\xampp\htdocs\ProyectoTangananaEdition\app\Controllers\Home.php(1154): CodeIgniter\BaseModel->replace(Array)
#7 C:\xampp\htdocs\ProyectoTangananaEdition\system\CodeIgniter.php(904): App\Controllers\Home->editar_libro()
#8 C:\xampp\htdocs\ProyectoTangananaEdition\system\CodeIgniter.php(457): CodeIgniter\CodeIgniter->runController(Object(App\Controllers\Home))
#9 C:\xampp\htdocs\ProyectoTangananaEdition\system\CodeIgniter.php(340): CodeIgniter\CodeIgniter->handleRequest(NULL, Object(Config\Cache), false)
#10 C:\xampp\htdocs\ProyectoTangananaEdition\index.php(67): CodeIgniter\CodeIgniter->run()
#11 {main}
CRITICAL - 2022-10-31 13:09:08 --> Invalid file: formularios/formularioLibro.php
in SYSTEMPATH\Exceptions\FrameworkException.php on line 33.
 1 SYSTEMPATH\View\View.php(201): CodeIgniter\Exceptions\FrameworkException::forInvalidFile('formularios/formularioLibro.php')
 2 SYSTEMPATH\Common.php(1142): CodeIgniter\View\View->render('formularios/formularioLibro', [], true)
 3 APPPATH\Controllers\Home.php(1165): view('formularios/formularioLibro', [...])
 4 SYSTEMPATH\CodeIgniter.php(904): App\Controllers\Home->editar_libro()
 5 SYSTEMPATH\CodeIgniter.php(457): CodeIgniter\CodeIgniter->runController(Object(App\Controllers\Home))
 6 SYSTEMPATH\CodeIgniter.php(340): CodeIgniter\CodeIgniter->handleRequest(null, Object(Config\Cache), false)
 7 FCPATH\index.php(67): CodeIgniter\CodeIgniter->run()
ERROR - 2022-10-31 13:10:44 --> mysqli_sql_exception: Unknown column 'autorID2' in 'field list' in C:\xampp\htdocs\ProyectoTangananaEdition\system\Database\MySQLi\Connection.php:292
Stack trace:
#0 C:\xampp\htdocs\ProyectoTangananaEdition\system\Database\MySQLi\Connection.php(292): mysqli->query('REPLACE INTO `l...', 0)
#1 C:\xampp\htdocs\ProyectoTangananaEdition\system\Database\BaseConnection.php(693): CodeIgniter\Database\MySQLi\Connection->execute('REPLACE INTO `l...')
#2 C:\xampp\htdocs\ProyectoTangananaEdition\system\Database\BaseConnection.php(620): CodeIgniter\Database\BaseConnection->simpleQuery('REPLACE INTO `l...')
#3 C:\xampp\htdocs\ProyectoTangananaEdition\system\Database\BaseBuilder.php(2001): CodeIgniter\Database\BaseConnection->query('REPLACE INTO `l...', Array, false)
#4 C:\xampp\htdocs\ProyectoTangananaEdition\system\Model.php(439): CodeIgniter\Database\BaseBuilder->replace(Array)
#5 C:\xampp\htdocs\ProyectoTangananaEdition\system\BaseModel.php(1038): CodeIgniter\Model->doReplace(Array, false)
#6 C:\xampp\htdocs\ProyectoTangananaEdition\app\Controllers\Home.php(1154): CodeIgniter\BaseModel->replace(Array)
#7 C:\xampp\htdocs\ProyectoTangananaEdition\system\CodeIgniter.php(904): App\Controllers\Home->editar_libro()
#8 C:\xampp\htdocs\ProyectoTangananaEdition\system\CodeIgniter.php(457): CodeIgniter\CodeIgniter->runController(Object(App\Controllers\Home))
#9 C:\xampp\htdocs\ProyectoTangananaEdition\system\CodeIgniter.php(340): CodeIgniter\CodeIgniter->handleRequest(NULL, Object(Config\Cache), false)
#10 C:\xampp\htdocs\ProyectoTangananaEdition\index.php(67): CodeIgniter\CodeIgniter->run()
#11 {main}
CRITICAL - 2022-10-31 13:10:44 --> Invalid file: formularios/formularioLibro.php
in SYSTEMPATH\Exceptions\FrameworkException.php on line 33.
 1 SYSTEMPATH\View\View.php(201): CodeIgniter\Exceptions\FrameworkException::forInvalidFile('formularios/formularioLibro.php')
 2 SYSTEMPATH\Common.php(1142): CodeIgniter\View\View->render('formularios/formularioLibro', [], true)
 3 APPPATH\Controllers\Home.php(1165): view('formularios/formularioLibro', [...])
 4 SYSTEMPATH\CodeIgniter.php(904): App\Controllers\Home->editar_libro()
 5 SYSTEMPATH\CodeIgniter.php(457): CodeIgniter\CodeIgniter->runController(Object(App\Controllers\Home))
 6 SYSTEMPATH\CodeIgniter.php(340): CodeIgniter\CodeIgniter->handleRequest(null, Object(Config\Cache), false)
 7 FCPATH\index.php(67): CodeIgniter\CodeIgniter->run()
ERROR - 2022-10-31 13:10:49 --> mysqli_sql_exception: Cannot add or update a child row: a foreign key constraint fails (`biblioteca`.`libro`, CONSTRAINT `FK_libro_autor` FOREIGN KEY (`autorID`) REFERENCES `autor` (`autorID`) ON DELETE NO ACTION ON UPDATE NO ACTION) in C:\xampp\htdocs\ProyectoTangananaEdition\system\Database\MySQLi\Connection.php:292
Stack trace:
#0 C:\xampp\htdocs\ProyectoTangananaEdition\system\Database\MySQLi\Connection.php(292): mysqli->query('REPLACE INTO `l...', 0)
#1 C:\xampp\htdocs\ProyectoTangananaEdition\system\Database\BaseConnection.php(693): CodeIgniter\Database\MySQLi\Connection->execute('REPLACE INTO `l...')
#2 C:\xampp\htdocs\ProyectoTangananaEdition\system\Database\BaseConnection.php(620): CodeIgniter\Database\BaseConnection->simpleQuery('REPLACE INTO `l...')
#3 C:\xampp\htdocs\ProyectoTangananaEdition\system\Database\BaseBuilder.php(2001): CodeIgniter\Database\BaseConnection->query('REPLACE INTO `l...', Array, false)
#4 C:\xampp\htdocs\ProyectoTangananaEdition\system\Model.php(439): CodeIgniter\Database\BaseBuilder->replace(Array)
#5 C:\xampp\htdocs\ProyectoTangananaEdition\system\BaseModel.php(1038): CodeIgniter\Model->doReplace(Array, false)
#6 C:\xampp\htdocs\ProyectoTangananaEdition\app\Controllers\Home.php(1154): CodeIgniter\BaseModel->replace(Array)
#7 C:\xampp\htdocs\ProyectoTangananaEdition\system\CodeIgniter.php(904): App\Controllers\Home->editar_libro()
#8 C:\xampp\htdocs\ProyectoTangananaEdition\system\CodeIgniter.php(457): CodeIgniter\CodeIgniter->runController(Object(App\Controllers\Home))
#9 C:\xampp\htdocs\ProyectoTangananaEdition\system\CodeIgniter.php(340): CodeIgniter\CodeIgniter->handleRequest(NULL, Object(Config\Cache), false)
#10 C:\xampp\htdocs\ProyectoTangananaEdition\index.php(67): CodeIgniter\CodeIgniter->run()
#11 {main}
CRITICAL - 2022-10-31 13:10:49 --> Invalid file: formularios/formularioLibro.php
in SYSTEMPATH\Exceptions\FrameworkException.php on line 33.
 1 SYSTEMPATH\View\View.php(201): CodeIgniter\Exceptions\FrameworkException::forInvalidFile('formularios/formularioLibro.php')
 2 SYSTEMPATH\Common.php(1142): CodeIgniter\View\View->render('formularios/formularioLibro', [], true)
 3 APPPATH\Controllers\Home.php(1165): view('formularios/formularioLibro', [...])
 4 SYSTEMPATH\CodeIgniter.php(904): App\Controllers\Home->editar_libro()
 5 SYSTEMPATH\CodeIgniter.php(457): CodeIgniter\CodeIgniter->runController(Object(App\Controllers\Home))
 6 SYSTEMPATH\CodeIgniter.php(340): CodeIgniter\CodeIgniter->handleRequest(null, Object(Config\Cache), false)
 7 FCPATH\index.php(67): CodeIgniter\CodeIgniter->run()
CRITICAL - 2022-10-31 13:11:06 --> Invalid file: formularios/formularioLibro.php
in SYSTEMPATH\Exceptions\FrameworkException.php on line 33.
 1 SYSTEMPATH\View\View.php(201): CodeIgniter\Exceptions\FrameworkException::forInvalidFile('formularios/formularioLibro.php')
 2 SYSTEMPATH\Common.php(1142): CodeIgniter\View\View->render('formularios/formularioLibro', [], true)
 3 APPPATH\Controllers\Home.php(1165): view('formularios/formularioLibro', [...])
 4 SYSTEMPATH\CodeIgniter.php(904): App\Controllers\Home->editar_libro()
 5 SYSTEMPATH\CodeIgniter.php(457): CodeIgniter\CodeIgniter->runController(Object(App\Controllers\Home))
 6 SYSTEMPATH\CodeIgniter.php(340): CodeIgniter\CodeIgniter->handleRequest(null, Object(Config\Cache), false)
 7 FCPATH\index.php(67): CodeIgniter\CodeIgniter->run()
ERROR - 2022-10-31 13:11:19 --> mysqli_sql_exception: Cannot add or update a child row: a foreign key constraint fails (`biblioteca`.`libro`, CONSTRAINT `FK_libro_autor` FOREIGN KEY (`autorID`) REFERENCES `autor` (`autorID`) ON DELETE NO ACTION ON UPDATE NO ACTION) in C:\xampp\htdocs\ProyectoTangananaEdition\system\Database\MySQLi\Connection.php:292
Stack trace:
#0 C:\xampp\htdocs\ProyectoTangananaEdition\system\Database\MySQLi\Connection.php(292): mysqli->query('REPLACE INTO `l...', 0)
#1 C:\xampp\htdocs\ProyectoTangananaEdition\system\Database\BaseConnection.php(693): CodeIgniter\Database\MySQLi\Connection->execute('REPLACE INTO `l...')
#2 C:\xampp\htdocs\ProyectoTangananaEdition\system\Database\BaseConnection.php(620): CodeIgniter\Database\BaseConnection->simpleQuery('REPLACE INTO `l...')
#3 C:\xampp\htdocs\ProyectoTangananaEdition\system\Database\BaseBuilder.php(2001): CodeIgniter\Database\BaseConnection->query('REPLACE INTO `l...', Array, false)
#4 C:\xampp\htdocs\ProyectoTangananaEdition\system\Model.php(439): CodeIgniter\Database\BaseBuilder->replace(Array)
#5 C:\xampp\htdocs\ProyectoTangananaEdition\system\BaseModel.php(1038): CodeIgniter\Model->doReplace(Array, false)
#6 C:\xampp\htdocs\ProyectoTangananaEdition\app\Controllers\Home.php(1154): CodeIgniter\BaseModel->replace(Array)
#7 C:\xampp\htdocs\ProyectoTangananaEdition\system\CodeIgniter.php(904): App\Controllers\Home->editar_libro()
#8 C:\xampp\htdocs\ProyectoTangananaEdition\system\CodeIgniter.php(457): CodeIgniter\CodeIgniter->runController(Object(App\Controllers\Home))
#9 C:\xampp\htdocs\ProyectoTangananaEdition\system\CodeIgniter.php(340): CodeIgniter\CodeIgniter->handleRequest(NULL, Object(Config\Cache), false)
#10 C:\xampp\htdocs\ProyectoTangananaEdition\index.php(67): CodeIgniter\CodeIgniter->run()
#11 {main}
CRITICAL - 2022-10-31 13:11:19 --> Invalid file: formularios/formularioLibro.php
in SYSTEMPATH\Exceptions\FrameworkException.php on line 33.
 1 SYSTEMPATH\View\View.php(201): CodeIgniter\Exceptions\FrameworkException::forInvalidFile('formularios/formularioLibro.php')
 2 SYSTEMPATH\Common.php(1142): CodeIgniter\View\View->render('formularios/formularioLibro', [], true)
 3 APPPATH\Controllers\Home.php(1165): view('formularios/formularioLibro', [...])
 4 SYSTEMPATH\CodeIgniter.php(904): App\Controllers\Home->editar_libro()
 5 SYSTEMPATH\CodeIgniter.php(457): CodeIgniter\CodeIgniter->runController(Object(App\Controllers\Home))
 6 SYSTEMPATH\CodeIgniter.php(340): CodeIgniter\CodeIgniter->handleRequest(null, Object(Config\Cache), false)
 7 FCPATH\index.php(67): CodeIgniter\CodeIgniter->run()
ERROR - 2022-10-31 13:11:41 --> mysqli_sql_exception: Cannot add or update a child row: a foreign key constraint fails (`biblioteca`.`libro`, CONSTRAINT `FK_libro_autor` FOREIGN KEY (`autorID`) REFERENCES `autor` (`autorID`) ON DELETE NO ACTION ON UPDATE NO ACTION) in C:\xampp\htdocs\ProyectoTangananaEdition\system\Database\MySQLi\Connection.php:292
Stack trace:
#0 C:\xampp\htdocs\ProyectoTangananaEdition\system\Database\MySQLi\Connection.php(292): mysqli->query('REPLACE INTO `l...', 0)
#1 C:\xampp\htdocs\ProyectoTangananaEdition\system\Database\BaseConnection.php(693): CodeIgniter\Database\MySQLi\Connection->execute('REPLACE INTO `l...')
#2 C:\xampp\htdocs\ProyectoTangananaEdition\system\Database\BaseConnection.php(620): CodeIgniter\Database\BaseConnection->simpleQuery('REPLACE INTO `l...')
#3 C:\xampp\htdocs\ProyectoTangananaEdition\system\Database\BaseBuilder.php(2001): CodeIgniter\Database\BaseConnection->query('REPLACE INTO `l...', Array, false)
#4 C:\xampp\htdocs\ProyectoTangananaEdition\system\Model.php(439): CodeIgniter\Database\BaseBuilder->replace(Array)
#5 C:\xampp\htdocs\ProyectoTangananaEdition\system\BaseModel.php(1038): CodeIgniter\Model->doReplace(Array, false)
#6 C:\xampp\htdocs\ProyectoTangananaEdition\app\Controllers\Home.php(1154): CodeIgniter\BaseModel->replace(Array)
#7 C:\xampp\htdocs\ProyectoTangananaEdition\system\CodeIgniter.php(904): App\Controllers\Home->editar_libro()
#8 C:\xampp\htdocs\ProyectoTangananaEdition\system\CodeIgniter.php(457): CodeIgniter\CodeIgniter->runController(Object(App\Controllers\Home))
#9 C:\xampp\htdocs\ProyectoTangananaEdition\system\CodeIgniter.php(340): CodeIgniter\CodeIgniter->handleRequest(NULL, Object(Config\Cache), false)
#10 C:\xampp\htdocs\ProyectoTangananaEdition\index.php(67): CodeIgniter\CodeIgniter->run()
#11 {main}
CRITICAL - 2022-10-31 13:11:41 --> Invalid file: formularios/formularioLibro.php
in SYSTEMPATH\Exceptions\FrameworkException.php on line 33.
 1 SYSTEMPATH\View\View.php(201): CodeIgniter\Exceptions\FrameworkException::forInvalidFile('formularios/formularioLibro.php')
 2 SYSTEMPATH\Common.php(1142): CodeIgniter\View\View->render('formularios/formularioLibro', [], true)
 3 APPPATH\Controllers\Home.php(1165): view('formularios/formularioLibro', [...])
 4 SYSTEMPATH\CodeIgniter.php(904): App\Controllers\Home->editar_libro()
 5 SYSTEMPATH\CodeIgniter.php(457): CodeIgniter\CodeIgniter->runController(Object(App\Controllers\Home))
 6 SYSTEMPATH\CodeIgniter.php(340): CodeIgniter\CodeIgniter->handleRequest(null, Object(Config\Cache), false)
 7 FCPATH\index.php(67): CodeIgniter\CodeIgniter->run()
ERROR - 2022-10-31 13:12:26 --> mysqli_sql_exception: Cannot add or update a child row: a foreign key constraint fails (`biblioteca`.`libro`, CONSTRAINT `FK_libro_autor` FOREIGN KEY (`autorID`) REFERENCES `autor` (`autorID`) ON DELETE NO ACTION ON UPDATE NO ACTION) in C:\xampp\htdocs\ProyectoTangananaEdition\system\Database\MySQLi\Connection.php:292
Stack trace:
#0 C:\xampp\htdocs\ProyectoTangananaEdition\system\Database\MySQLi\Connection.php(292): mysqli->query('REPLACE INTO `l...', 0)
#1 C:\xampp\htdocs\ProyectoTangananaEdition\system\Database\BaseConnection.php(693): CodeIgniter\Database\MySQLi\Connection->execute('REPLACE INTO `l...')
#2 C:\xampp\htdocs\ProyectoTangananaEdition\system\Database\BaseConnection.php(620): CodeIgniter\Database\BaseConnection->simpleQuery('REPLACE INTO `l...')
#3 C:\xampp\htdocs\ProyectoTangananaEdition\system\Database\BaseBuilder.php(2001): CodeIgniter\Database\BaseConnection->query('REPLACE INTO `l...', Array, false)
#4 C:\xampp\htdocs\ProyectoTangananaEdition\system\Model.php(439): CodeIgniter\Database\BaseBuilder->replace(Array)
#5 C:\xampp\htdocs\ProyectoTangananaEdition\system\BaseModel.php(1038): CodeIgniter\Model->doReplace(Array, false)
#6 C:\xampp\htdocs\ProyectoTangananaEdition\app\Controllers\Home.php(1154): CodeIgniter\BaseModel->replace(Array)
#7 C:\xampp\htdocs\ProyectoTangananaEdition\system\CodeIgniter.php(904): App\Controllers\Home->editar_libro()
#8 C:\xampp\htdocs\ProyectoTangananaEdition\system\CodeIgniter.php(457): CodeIgniter\CodeIgniter->runController(Object(App\Controllers\Home))
#9 C:\xampp\htdocs\ProyectoTangananaEdition\system\CodeIgniter.php(340): CodeIgniter\CodeIgniter->handleRequest(NULL, Object(Config\Cache), false)
#10 C:\xampp\htdocs\ProyectoTangananaEdition\index.php(67): CodeIgniter\CodeIgniter->run()
#11 {main}
CRITICAL - 2022-10-31 13:12:26 --> Invalid file: formularios/formularioLibro.php
in SYSTEMPATH\Exceptions\FrameworkException.php on line 33.
 1 SYSTEMPATH\View\View.php(201): CodeIgniter\Exceptions\FrameworkException::forInvalidFile('formularios/formularioLibro.php')
 2 SYSTEMPATH\Common.php(1142): CodeIgniter\View\View->render('formularios/formularioLibro', [], true)
 3 APPPATH\Controllers\Home.php(1165): view('formularios/formularioLibro', [...])
 4 SYSTEMPATH\CodeIgniter.php(904): App\Controllers\Home->editar_libro()
 5 SYSTEMPATH\CodeIgniter.php(457): CodeIgniter\CodeIgniter->runController(Object(App\Controllers\Home))
 6 SYSTEMPATH\CodeIgniter.php(340): CodeIgniter\CodeIgniter->handleRequest(null, Object(Config\Cache), false)
 7 FCPATH\index.php(67): CodeIgniter\CodeIgniter->run()
ERROR - 2022-10-31 13:13:36 --> mysqli_sql_exception: Cannot add or update a child row: a foreign key constraint fails (`biblioteca`.`libro`, CONSTRAINT `FK_libro_autor` FOREIGN KEY (`autorID`) REFERENCES `autor` (`autorID`) ON DELETE NO ACTION ON UPDATE NO ACTION) in C:\xampp\htdocs\ProyectoTangananaEdition\system\Database\MySQLi\Connection.php:292
Stack trace:
#0 C:\xampp\htdocs\ProyectoTangananaEdition\system\Database\MySQLi\Connection.php(292): mysqli->query('REPLACE INTO `l...', 0)
#1 C:\xampp\htdocs\ProyectoTangananaEdition\system\Database\BaseConnection.php(693): CodeIgniter\Database\MySQLi\Connection->execute('REPLACE INTO `l...')
#2 C:\xampp\htdocs\ProyectoTangananaEdition\system\Database\BaseConnection.php(620): CodeIgniter\Database\BaseConnection->simpleQuery('REPLACE INTO `l...')
#3 C:\xampp\htdocs\ProyectoTangananaEdition\system\Database\BaseBuilder.php(2001): CodeIgniter\Database\BaseConnection->query('REPLACE INTO `l...', Array, false)
#4 C:\xampp\htdocs\ProyectoTangananaEdition\system\Model.php(439): CodeIgniter\Database\BaseBuilder->replace(Array)
#5 C:\xampp\htdocs\ProyectoTangananaEdition\system\BaseModel.php(1038): CodeIgniter\Model->doReplace(Array, false)
#6 C:\xampp\htdocs\ProyectoTangananaEdition\app\Controllers\Home.php(1154): CodeIgniter\BaseModel->replace(Array)
#7 C:\xampp\htdocs\ProyectoTangananaEdition\system\CodeIgniter.php(904): App\Controllers\Home->editar_libro()
#8 C:\xampp\htdocs\ProyectoTangananaEdition\system\CodeIgniter.php(457): CodeIgniter\CodeIgniter->runController(Object(App\Controllers\Home))
#9 C:\xampp\htdocs\ProyectoTangananaEdition\system\CodeIgniter.php(340): CodeIgniter\CodeIgniter->handleRequest(NULL, Object(Config\Cache), false)
#10 C:\xampp\htdocs\ProyectoTangananaEdition\index.php(67): CodeIgniter\CodeIgniter->run()
#11 {main}
CRITICAL - 2022-10-31 13:13:36 --> Invalid file: formularios/formularioLibro.php
in SYSTEMPATH\Exceptions\FrameworkException.php on line 33.
 1 SYSTEMPATH\View\View.php(201): CodeIgniter\Exceptions\FrameworkException::forInvalidFile('formularios/formularioLibro.php')
 2 SYSTEMPATH\Common.php(1142): CodeIgniter\View\View->render('formularios/formularioLibro', [], true)
 3 APPPATH\Controllers\Home.php(1165): view('formularios/formularioLibro', [...])
 4 SYSTEMPATH\CodeIgniter.php(904): App\Controllers\Home->editar_libro()
 5 SYSTEMPATH\CodeIgniter.php(457): CodeIgniter\CodeIgniter->runController(Object(App\Controllers\Home))
 6 SYSTEMPATH\CodeIgniter.php(340): CodeIgniter\CodeIgniter->handleRequest(null, Object(Config\Cache), false)
 7 FCPATH\index.php(67): CodeIgniter\CodeIgniter->run()
ERROR - 2022-10-31 13:14:48 --> mysqli_sql_exception: Cannot add or update a child row: a foreign key constraint fails (`biblioteca`.`libro`, CONSTRAINT `FK_libro_autor` FOREIGN KEY (`autorID`) REFERENCES `autor` (`autorID`) ON DELETE NO ACTION ON UPDATE NO ACTION) in C:\xampp\htdocs\ProyectoTangananaEdition\system\Database\MySQLi\Connection.php:292
Stack trace:
#0 C:\xampp\htdocs\ProyectoTangananaEdition\system\Database\MySQLi\Connection.php(292): mysqli->query('REPLACE INTO `l...', 0)
#1 C:\xampp\htdocs\ProyectoTangananaEdition\system\Database\BaseConnection.php(693): CodeIgniter\Database\MySQLi\Connection->execute('REPLACE INTO `l...')
#2 C:\xampp\htdocs\ProyectoTangananaEdition\system\Database\BaseConnection.php(620): CodeIgniter\Database\BaseConnection->simpleQuery('REPLACE INTO `l...')
#3 C:\xampp\htdocs\ProyectoTangananaEdition\system\Database\BaseBuilder.php(2001): CodeIgniter\Database\BaseConnection->query('REPLACE INTO `l...', Array, false)
#4 C:\xampp\htdocs\ProyectoTangananaEdition\system\Model.php(439): CodeIgniter\Database\BaseBuilder->replace(Array)
#5 C:\xampp\htdocs\ProyectoTangananaEdition\system\BaseModel.php(1038): CodeIgniter\Model->doReplace(Array, false)
#6 C:\xampp\htdocs\ProyectoTangananaEdition\app\Controllers\Home.php(1154): CodeIgniter\BaseModel->replace(Array)
#7 C:\xampp\htdocs\ProyectoTangananaEdition\system\CodeIgniter.php(904): App\Controllers\Home->editar_libro()
#8 C:\xampp\htdocs\ProyectoTangananaEdition\system\CodeIgniter.php(457): CodeIgniter\CodeIgniter->runController(Object(App\Controllers\Home))
#9 C:\xampp\htdocs\ProyectoTangananaEdition\system\CodeIgniter.php(340): CodeIgniter\CodeIgniter->handleRequest(NULL, Object(Config\Cache), false)
#10 C:\xampp\htdocs\ProyectoTangananaEdition\index.php(67): CodeIgniter\CodeIgniter->run()
#11 {main}
CRITICAL - 2022-10-31 13:14:48 --> Invalid file: formularios/formularioLibro.php
in SYSTEMPATH\Exceptions\FrameworkException.php on line 33.
 1 SYSTEMPATH\View\View.php(201): CodeIgniter\Exceptions\FrameworkException::forInvalidFile('formularios/formularioLibro.php')
 2 SYSTEMPATH\Common.php(1142): CodeIgniter\View\View->render('formularios/formularioLibro', [], true)
 3 APPPATH\Controllers\Home.php(1165): view('formularios/formularioLibro', [...])
 4 SYSTEMPATH\CodeIgniter.php(904): App\Controllers\Home->editar_libro()
 5 SYSTEMPATH\CodeIgniter.php(457): CodeIgniter\CodeIgniter->runController(Object(App\Controllers\Home))
 6 SYSTEMPATH\CodeIgniter.php(340): CodeIgniter\CodeIgniter->handleRequest(null, Object(Config\Cache), false)
 7 FCPATH\index.php(67): CodeIgniter\CodeIgniter->run()
CRITICAL - 2022-10-31 13:15:07 --> Invalid file: formularios/formularioLibro.php
in SYSTEMPATH\Exceptions\FrameworkException.php on line 33.
 1 SYSTEMPATH\View\View.php(201): CodeIgniter\Exceptions\FrameworkException::forInvalidFile('formularios/formularioLibro.php')
 2 SYSTEMPATH\Common.php(1142): CodeIgniter\View\View->render('formularios/formularioLibro', [], true)
 3 APPPATH\Controllers\Home.php(1165): view('formularios/formularioLibro', [...])
 4 SYSTEMPATH\CodeIgniter.php(904): App\Controllers\Home->editar_libro()
 5 SYSTEMPATH\CodeIgniter.php(457): CodeIgniter\CodeIgniter->runController(Object(App\Controllers\Home))
 6 SYSTEMPATH\CodeIgniter.php(340): CodeIgniter\CodeIgniter->handleRequest(null, Object(Config\Cache), false)
 7 FCPATH\index.php(67): CodeIgniter\CodeIgniter->run()
CRITICAL - 2022-10-31 13:17:08 --> Invalid file: formularios/formularioLibro.php
in SYSTEMPATH\Exceptions\FrameworkException.php on line 33.
 1 SYSTEMPATH\View\View.php(201): CodeIgniter\Exceptions\FrameworkException::forInvalidFile('formularios/formularioLibro.php')
 2 SYSTEMPATH\Common.php(1142): CodeIgniter\View\View->render('formularios/formularioLibro', [], true)
 3 APPPATH\Controllers\Home.php(1165): view('formularios/formularioLibro', [...])
 4 SYSTEMPATH\CodeIgniter.php(904): App\Controllers\Home->editar_libro()
 5 SYSTEMPATH\CodeIgniter.php(457): CodeIgniter\CodeIgniter->runController(Object(App\Controllers\Home))
 6 SYSTEMPATH\CodeIgniter.php(340): CodeIgniter\CodeIgniter->handleRequest(null, Object(Config\Cache), false)
 7 FCPATH\index.php(67): CodeIgniter\CodeIgniter->run()
CRITICAL - 2022-10-31 13:17:47 --> Invalid file: formularios/formularioLibro.php
in SYSTEMPATH\Exceptions\FrameworkException.php on line 33.
 1 SYSTEMPATH\View\View.php(201): CodeIgniter\Exceptions\FrameworkException::forInvalidFile('formularios/formularioLibro.php')
 2 SYSTEMPATH\Common.php(1142): CodeIgniter\View\View->render('formularios/formularioLibro', [], true)
 3 APPPATH\Controllers\Home.php(1165): view('formularios/formularioLibro', [...])
 4 SYSTEMPATH\CodeIgniter.php(904): App\Controllers\Home->editar_libro()
 5 SYSTEMPATH\CodeIgniter.php(457): CodeIgniter\CodeIgniter->runController(Object(App\Controllers\Home))
 6 SYSTEMPATH\CodeIgniter.php(340): CodeIgniter\CodeIgniter->handleRequest(null, Object(Config\Cache), false)
 7 FCPATH\index.php(67): CodeIgniter\CodeIgniter->run()
CRITICAL - 2022-10-31 13:18:32 --> Invalid file: formularios/formularioLibro.php
in SYSTEMPATH\Exceptions\FrameworkException.php on line 33.
 1 SYSTEMPATH\View\View.php(201): CodeIgniter\Exceptions\FrameworkException::forInvalidFile('formularios/formularioLibro.php')
 2 SYSTEMPATH\Common.php(1142): CodeIgniter\View\View->render('formularios/formularioLibro', [], true)
 3 APPPATH\Controllers\Home.php(1180): view('formularios/formularioLibro', [...])
 4 SYSTEMPATH\CodeIgniter.php(904): App\Controllers\Home->editar_libro()
 5 SYSTEMPATH\CodeIgniter.php(457): CodeIgniter\CodeIgniter->runController(Object(App\Controllers\Home))
 6 SYSTEMPATH\CodeIgniter.php(340): CodeIgniter\CodeIgniter->handleRequest(null, Object(Config\Cache), false)
 7 FCPATH\index.php(67): CodeIgniter\CodeIgniter->run()
